#
# There is insufficient memory for the Java Runtime Environment to continue.
# Native memory allocation (malloc) failed to allocate 1042416 bytes for Chunk::new
# Possible reasons:
#   The system is out of physical RAM or swap space
#   The process is running with CompressedOops enabled, and the Java Heap may be blocking the growth of the native heap
# Possible solutions:
#   Reduce memory load on the system
#   Increase physical memory or swap space
#   Check if swap backing store is full
#   Decrease Java heap size (-Xmx/-Xms)
#   Decrease number of Java threads
#   Decrease Java thread stack sizes (-Xss)
#   Set larger code cache with -XX:ReservedCodeCacheSize=
#   JVM is running with Unscaled Compressed Oops mode in which the Java heap is
#     placed in the first 4GB address space. The Java Heap base address is the
#     maximum limit for the native heap growth. Please use -XX:HeapBaseMinAddress
#     to set the Java Heap base and to place the Java Heap above 4GB virtual address.
# This output file may be truncated or incomplete.
#
#  Out of Memory Error (./src/hotspot/share/memory/arena.cpp:197), pid=8520, tid=9412
#
# JRE version: OpenJDK Runtime Environment (11.0.10) (build 11.0.10+0-b96-7249189)
# Java VM: OpenJDK 64-Bit Server VM (11.0.10+0-b96-7249189, mixed mode, tiered, compressed oops, g1 gc, windows-amd64)
# No core dump will be written. Minidumps are not enabled by default on client versions of Windows
#

---------------  S U M M A R Y ------------

Command Line: --add-opens=java.base/java.util=ALL-UNNAMED --add-opens=java.base/java.lang=ALL-UNNAMED --add-opens=java.base/java.lang.invoke=ALL-UNNAMED --add-opens=java.base/java.util=ALL-UNNAMED --add-opens=java.prefs/java.util.prefs=ALL-UNNAMED --add-opens=java.prefs/java.util.prefs=ALL-UNNAMED --add-opens=java.base/java.nio.charset=ALL-UNNAMED --add-opens=java.base/java.net=ALL-UNNAMED --add-opens=java.base/java.util.concurrent.atomic=ALL-UNNAMED -Xmx2048m -Dfile.encoding=UTF-8 -Duser.country=KR -Duser.language=ko -Duser.variant org.gradle.launcher.daemon.bootstrap.GradleDaemon 7.0.2

Host: Intel(R) Core(TM) i7-10700 CPU @ 2.90GHz, 16 cores, 15G,  Windows 10 , 64 bit Build 19041 (10.0.19041.1202)
Time: Tue Oct 12 15:03:11 2021 대한민국 표준시 elapsed time: 1477.534788 seconds (0d 0h 24m 37s)

---------------  T H R E A D  ---------------

Current thread (0x000001675d633800):  JavaThread "C2 CompilerThread2" daemon [_thread_in_native, id=9412, stack(0x00000028d1400000,0x00000028d1500000)]


Current CompileTask:
C2:1477534 21780   !   4       java.io.ObjectInputStream::readObject0 (671 bytes)

Stack: [0x00000028d1400000,0x00000028d1500000]
Native frames: (J=compiled Java code, j=interpreted, Vv=VM code, C=native code)
V  [jvm.dll+0x5ecfaa]
V  [jvm.dll+0x722bd5]
V  [jvm.dll+0x72412d]
V  [jvm.dll+0x7247e3]
V  [jvm.dll+0x242928]
V  [jvm.dll+0xbc4fc]
V  [jvm.dll+0xbca0c]
V  [jvm.dll+0x352d3b]
V  [jvm.dll+0x19800c]
V  [jvm.dll+0x1fb70e]
V  [jvm.dll+0x1fa7f4]
V  [jvm.dll+0x18354c]
V  [jvm.dll+0x208ee7]
V  [jvm.dll+0x207731]
V  [jvm.dll+0x6eb1cf]
V  [jvm.dll+0x6e3d45]
V  [jvm.dll+0x5ebe96]
C  [ucrtbase.dll+0x21bb2]
C  [KERNEL32.DLL+0x17034]
C  [ntdll.dll+0x52651]


---------------  P R O C E S S  ---------------

Threads class SMR info:
_java_thread_list=0x000001674e423290, length=122, elements={
0x000001673256a000, 0x000001674d59e800, 0x000001674ddd5000, 0x000001674de47800,
0x000001674de48000, 0x000001674de49000, 0x000001674de56800, 0x000001674de5b000,
0x000001674de68800, 0x000001674dfd0000, 0x000001674ff9f800, 0x0000016750b02000,
0x0000016750c8c000, 0x000001674feca000, 0x000001674fec6000, 0x000001674fec4000,
0x000001674fec5000, 0x000001674feca800, 0x0000016751522800, 0x0000016751521800,
0x0000016751523000, 0x000001675151d800, 0x0000016751525800, 0x0000016753a44800,
0x0000016753a47000, 0x0000016753a45800, 0x0000016753a43000, 0x0000016753a48000,
0x0000016753a42000, 0x0000016753a48800, 0x0000016753a49800, 0x0000016753a44000,
0x0000016753a4a800, 0x0000016753a4b000, 0x00000167553db800, 0x00000167553d7800,
0x00000167553dd000, 0x00000167553de000, 0x0000016758344000, 0x000001675834b000,
0x0000016758349800, 0x000001675834a800, 0x00000167553d8000, 0x000001675152b800,
0x00000167577b1000, 0x000001675d63c800, 0x000001675d631000, 0x0000016758344800,
0x0000016753a40800, 0x0000016753a3c800, 0x0000016753a41800, 0x000001674fec6800,
0x000001674fec7800, 0x000001674fec8800, 0x000001674fec9000, 0x00000167577b2800,
0x00000167577b4000, 0x00000167577ab000, 0x000001674eeb8800, 0x000001674eeb9000,
0x000001674eeb3800, 0x00000167577a6800, 0x000001674eeb4800, 0x00000167577aa800,
0x0000016758351800, 0x0000016758351000, 0x000001675151f000, 0x0000016751520000,
0x0000016751520800, 0x000001675152c000, 0x000001675152a800, 0x0000016751526800,
0x0000016751527800, 0x0000016751529800, 0x0000016751528000, 0x0000016751529000,
0x000001675d632000, 0x000001675d62f800, 0x000001675d636000, 0x000001675d633000,
0x000001675d633800, 0x000001675d634800, 0x000001675d630800, 0x000001675d637000,
0x000001675d637800, 0x000001675d639800, 0x000001675d63a000, 0x000001675d63b000,
0x000001675d635000, 0x000001675d63c000, 0x000001675d63d800, 0x000001675d63e000,
0x000001675d638800, 0x000001674eeb7000, 0x000001674eeba000, 0x000001674eebb000,
0x000001674eeb7800, 0x000001674eeb5000, 0x000001674eebb800, 0x000001674eeb6000,
0x000001674eebe000, 0x000001674eebf000, 0x000001674eebd800, 0x000001674eec0800,
0x000001674eec1800, 0x000001674eec2000, 0x000001674eebc800, 0x000001674eec0000,
0x00000167577a5800, 0x00000167577ac000, 0x00000167577ad000, 0x00000167577a7000,
0x00000167577ad800, 0x00000167577a9000, 0x00000167577a8000, 0x00000167577ae800,
0x00000167577af800, 0x00000167577a9800, 0x00000167577b2000, 0x00000167577b0000,
0x00000167577b3800, 0x00000167553dc000
}

Java Threads: ( => current thread )
  0x000001673256a000 JavaThread "main" [_thread_blocked, id=3872, stack(0x00000028cdf00000,0x00000028ce000000)]
  0x000001674d59e800 JavaThread "Reference Handler" daemon [_thread_blocked, id=10836, stack(0x00000028ce600000,0x00000028ce700000)]
  0x000001674ddd5000 JavaThread "Finalizer" daemon [_thread_blocked, id=5760, stack(0x00000028ce700000,0x00000028ce800000)]
  0x000001674de47800 JavaThread "Signal Dispatcher" daemon [_thread_blocked, id=5588, stack(0x00000028ce800000,0x00000028ce900000)]
  0x000001674de48000 JavaThread "Attach Listener" daemon [_thread_blocked, id=3772, stack(0x00000028ce900000,0x00000028cea00000)]
  0x000001674de49000 JavaThread "Service Thread" daemon [_thread_blocked, id=7524, stack(0x00000028cea00000,0x00000028ceb00000)]
  0x000001674de56800 JavaThread "C2 CompilerThread0" daemon [_thread_blocked, id=3348, stack(0x00000028ceb00000,0x00000028cec00000)]
  0x000001674de5b000 JavaThread "C1 CompilerThread0" daemon [_thread_blocked, id=8376, stack(0x00000028cec00000,0x00000028ced00000)]
  0x000001674de68800 JavaThread "Sweeper thread" daemon [_thread_blocked, id=4348, stack(0x00000028ced00000,0x00000028cee00000)]
  0x000001674dfd0000 JavaThread "Common-Cleaner" daemon [_thread_blocked, id=3900, stack(0x00000028cef00000,0x00000028cf000000)]
  0x000001674ff9f800 JavaThread "Daemon health stats" [_thread_blocked, id=7356, stack(0x00000028cfa00000,0x00000028cfb00000)]
  0x0000016750b02000 JavaThread "Incoming local TCP Connector on port 58225" [_thread_in_native, id=9720, stack(0x00000028cfb00000,0x00000028cfc00000)]
  0x0000016750c8c000 JavaThread "Daemon periodic checks" [_thread_blocked, id=7748, stack(0x00000028cfc00000,0x00000028cfd00000)]
  0x000001674feca000 JavaThread "Cache worker for file hash cache (C:\Users\Administrator\.gradle\caches\7.0.2\fileHashes)" [_thread_blocked, id=5148, stack(0x00000028d0400000,0x00000028d0500000)]
  0x000001674fec6000 JavaThread "File lock request listener" [_thread_in_native, id=9060, stack(0x00000028d0500000,0x00000028d0600000)]
  0x000001674fec4000 JavaThread "Cache worker for journal cache (C:\Users\Administrator\.gradle\caches\journal-1)" [_thread_blocked, id=8960, stack(0x00000028d1000000,0x00000028d1100000)]
  0x000001674fec5000 JavaThread "File watcher server" daemon [_thread_in_native, id=10012, stack(0x00000028d1200000,0x00000028d1300000)]
  0x000001674feca800 JavaThread "File watcher consumer" daemon [_thread_blocked, id=6236, stack(0x00000028d1300000,0x00000028d1400000)]
  0x0000016751522800 JavaThread "Cache worker for execution history cache (C:\Users\Administrator\.gradle\caches\7.0.2\executionHistory)" [_thread_blocked, id=10184, stack(0x00000028d1700000,0x00000028d1800000)]
  0x0000016751521800 JavaThread "jar transforms" [_thread_blocked, id=1592, stack(0x00000028d1a00000,0x00000028d1b00000)]
  0x0000016751523000 JavaThread "jar transforms Thread 2" [_thread_blocked, id=2524, stack(0x00000028d1b00000,0x00000028d1c00000)]
  0x000001675151d800 JavaThread "Cache worker for file content cache (C:\Users\Administrator\.gradle\caches\7.0.2\fileContent)" [_thread_blocked, id=6128, stack(0x00000028d1c00000,0x00000028d1d00000)]
  0x0000016751525800 JavaThread "jar transforms Thread 3" [_thread_blocked, id=9696, stack(0x00000028d1e00000,0x00000028d1f00000)]
  0x0000016753a44800 JavaThread "jar transforms Thread 4" [_thread_blocked, id=5820, stack(0x00000028d3000000,0x00000028d3100000)]
  0x0000016753a47000 JavaThread "jar transforms Thread 5" [_thread_blocked, id=1300, stack(0x00000028d3100000,0x00000028d3200000)]
  0x0000016753a45800 JavaThread "jar transforms Thread 6" [_thread_blocked, id=6536, stack(0x00000028d3200000,0x00000028d3300000)]
  0x0000016753a43000 JavaThread "jar transforms Thread 7" [_thread_blocked, id=10616, stack(0x00000028d3300000,0x00000028d3400000)]
  0x0000016753a48000 JavaThread "jar transforms Thread 8" [_thread_blocked, id=10468, stack(0x00000028d3400000,0x00000028d3500000)]
  0x0000016753a42000 JavaThread "jar transforms Thread 9" [_thread_blocked, id=9004, stack(0x00000028d3500000,0x00000028d3600000)]
  0x0000016753a48800 JavaThread "jar transforms Thread 10" [_thread_blocked, id=8624, stack(0x00000028d3600000,0x00000028d3700000)]
  0x0000016753a49800 JavaThread "jar transforms Thread 11" [_thread_blocked, id=8412, stack(0x00000028d3700000,0x00000028d3800000)]
  0x0000016753a44000 JavaThread "jar transforms Thread 12" [_thread_blocked, id=6512, stack(0x00000028d3800000,0x00000028d3900000)]
  0x0000016753a4a800 JavaThread "jar transforms Thread 13" [_thread_blocked, id=11068, stack(0x00000028d3900000,0x00000028d3a00000)]
  0x0000016753a4b000 JavaThread "jar transforms Thread 14" [_thread_blocked, id=1244, stack(0x00000028d3a00000,0x00000028d3b00000)]
  0x00000167553db800 JavaThread "jar transforms Thread 15" [_thread_blocked, id=11096, stack(0x00000028d3b00000,0x00000028d3c00000)]
  0x00000167553d7800 JavaThread "jar transforms Thread 16" [_thread_blocked, id=3308, stack(0x00000028d3c00000,0x00000028d3d00000)]
  0x00000167553dd000 JavaThread "Memory manager" [_thread_blocked, id=11228, stack(0x00000028d1900000,0x00000028d1a00000)]
  0x00000167553de000 JavaThread "pool-3-thread-1" [_thread_blocked, id=3220, stack(0x00000028d3f00000,0x00000028d4000000)]
  0x0000016758344000 JavaThread "RMI Scheduler(0)" daemon [_thread_blocked, id=5652, stack(0x00000028cf300000,0x00000028cf400000)]
  0x000001675834b000 JavaThread "RMI GC Daemon" daemon [_thread_blocked, id=9856, stack(0x00000028d3d00000,0x00000028d3e00000)]
  0x0000016758349800 JavaThread "RMI TCP Accept-0" daemon [_thread_in_native, id=8876, stack(0x00000028d5100000,0x00000028d5200000)]
  0x000001675834a800 JavaThread "RMI Reaper" [_thread_blocked, id=3380, stack(0x00000028d5200000,0x00000028d5300000)]
  0x00000167553d8000 JavaThread "pool-7-thread-1" [_thread_blocked, id=1536, stack(0x00000028d3e00000,0x00000028d3f00000)]
  0x000001675152b800 JavaThread "Cache worker for Java compile cache (C:\Users\Administrator\.gradle\caches\7.0.2\javaCompile)" [_thread_blocked, id=7860, stack(0x00000028d0300000,0x00000028d0400000)]
  0x00000167577b1000 JavaThread "ForkJoinPool.commonPool-worker-1" daemon [_thread_blocked, id=7676, stack(0x00000028d6900000,0x00000028d6a00000)]
  0x000001675d63c800 JavaThread "pool-11-thread-1" [_thread_blocked, id=10928, stack(0x00000028d2f00000,0x00000028d3000000)]
  0x000001675d631000 JavaThread "RMI TCP Connection(21)-127.0.0.1" daemon [_thread_in_native, id=4824, stack(0x00000028cdc00000,0x00000028cdd00000)]
  0x0000016758344800 JavaThread "pool-15-thread-1" [_thread_blocked, id=6412, stack(0x00000028d4100000,0x00000028d4200000)]
  0x0000016753a40800 JavaThread "ForkJoinPool.commonPool-worker-13" daemon [_thread_blocked, id=8408, stack(0x00000028d6400000,0x00000028d6500000)]
  0x0000016753a3c800 JavaThread "ForkJoinPool.commonPool-worker-31" daemon [_thread_blocked, id=4136, stack(0x00000028d6500000,0x00000028d6600000)]
  0x0000016753a41800 JavaThread "ForkJoinPool.commonPool-worker-3" daemon [_thread_blocked, id=5420, stack(0x00000028d6800000,0x00000028d6900000)]
  0x000001674fec6800 JavaThread "ForkJoinPool.commonPool-worker-7" daemon [_thread_blocked, id=2684, stack(0x00000028d6a00000,0x00000028d6b00000)]
  0x000001674fec7800 JavaThread "ForkJoinPool.commonPool-worker-21" daemon [_thread_blocked, id=9688, stack(0x00000028d6b00000,0x00000028d6c00000)]
  0x000001674fec8800 JavaThread "ForkJoinPool.commonPool-worker-25" daemon [_thread_blocked, id=6580, stack(0x00000028d6c00000,0x00000028d6d00000)]
  0x000001674fec9000 JavaThread "ForkJoinPool.commonPool-worker-29" daemon [_thread_blocked, id=7848, stack(0x00000028d6d00000,0x00000028d6e00000)]
  0x00000167577b2800 JavaThread "ForkJoinPool.commonPool-worker-11" daemon [_thread_blocked, id=3228, stack(0x00000028d6e00000,0x00000028d6f00000)]
  0x00000167577b4000 JavaThread "ForkJoinPool.commonPool-worker-19" daemon [_thread_blocked, id=9040, stack(0x00000028d6f00000,0x00000028d7000000)]
  0x00000167577ab000 JavaThread "pool-19-thread-1" [_thread_blocked, id=5500, stack(0x00000028d2c00000,0x00000028d2d00000)]
  0x000001674eeb8800 JavaThread "ForkJoinPool.commonPool-worker-5" daemon [_thread_blocked, id=2988, stack(0x00000028d7600000,0x00000028d7700000)]
  0x000001674eeb9000 JavaThread "Daemon Thread 5" [_thread_blocked, id=8784, stack(0x00000028cdd00000,0x00000028cde00000)]
  0x000001674eeb3800 JavaThread "Daemon worker Thread 5" [_thread_blocked, id=8136, stack(0x00000028cf100000,0x00000028cf200000)]
  0x00000167577a6800 JavaThread "pool-23-thread-1" [_thread_blocked, id=9520, stack(0x00000028d4300000,0x00000028d4400000)]
  0x000001674eeb4800 JavaThread "pool-27-thread-1" [_thread_blocked, id=6020, stack(0x00000028d2d00000,0x00000028d2e00000)]
  0x00000167577aa800 JavaThread "RMI TCP Connection(20)-127.0.0.1" daemon [_thread_in_native, id=8384, stack(0x00000028d5600000,0x00000028d5700000)]
  0x0000016758351800 JavaThread "ForkJoinPool.commonPool-worker-23" daemon [_thread_blocked, id=2680, stack(0x00000028d7200000,0x00000028d7300000)]
  0x0000016758351000 JavaThread "ForkJoinPool.commonPool-worker-9" daemon [_thread_blocked, id=6004, stack(0x00000028d7300000,0x00000028d7400000)]
  0x000001675151f000 JavaThread "ForkJoinPool.commonPool-worker-15" daemon [_thread_blocked, id=4020, stack(0x00000028d7400000,0x00000028d7500000)]
  0x0000016751520000 JavaThread "ForkJoinPool.commonPool-worker-27" daemon [_thread_blocked, id=8244, stack(0x00000028d7500000,0x00000028d7600000)]
  0x0000016751520800 JavaThread "Handler for socket connection from /127.0.0.1:58225 to /127.0.0.1:57941" [_thread_in_native, id=9980, stack(0x00000028cde00000,0x00000028cdf00000)]
  0x000001675152c000 JavaThread "Cancel handler" [_thread_blocked, id=8760, stack(0x00000028cee00000,0x00000028cef00000)]
  0x000001675152a800 JavaThread "Asynchronous log dispatcher for DefaultDaemonConnection: socket connection from /127.0.0.1:58225 to /127.0.0.1:57941" [_thread_blocked, id=8012, stack(0x00000028cf200000,0x00000028cf300000)]
  0x0000016751526800 JavaThread "Stdin handler" [_thread_blocked, id=7112, stack(0x00000028cf800000,0x00000028cf900000)]
  0x0000016751527800 JavaThread "Daemon client event forwarder" [_thread_blocked, id=2512, stack(0x00000028cf900000,0x00000028cfa00000)]
  0x0000016751529800 JavaThread "Cache worker for file hash cache (C:\Users\Administrator\AndroidStudioProjects\Viewpager_test3\.gradle\7.0.2\fileHashes)" [_thread_blocked, id=10624, stack(0x00000028cfd00000,0x00000028cfe00000)]
  0x0000016751528000 JavaThread "Cache worker for checksums cache (C:\Users\Administrator\AndroidStudioProjects\Viewpager_test3\.gradle\checksums)" [_thread_blocked, id=1848, stack(0x00000028cfe00000,0x00000028cff00000)]
  0x0000016751529000 JavaThread "Cache worker for cache directory md-supplier (C:\Users\Administrator\.gradle\caches\7.0.2\md-supplier)" [_thread_blocked, id=6576, stack(0x00000028cff00000,0x00000028d0000000)]
  0x000001675d632000 JavaThread "Cache worker for cache directory md-rule (C:\Users\Administrator\.gradle\caches\7.0.2\md-rule)" [_thread_blocked, id=1800, stack(0x00000028d0000000,0x00000028d0100000)]
  0x000001675d62f800 JavaThread "Cache worker for dependencies-accessors (C:\Users\Administrator\AndroidStudioProjects\Viewpager_test3\.gradle\7.0.2\dependencies-accessors)" [_thread_blocked, id=6028, stack(0x00000028d0100000,0x00000028d0200000)]
  0x000001675d636000 JavaThread "Cache worker for Build Output Cleanup Cache (C:\Users\Administrator\AndroidStudioProjects\Viewpager_test3\.gradle\buildOutputCleanup)" [_thread_blocked, id=7720, stack(0x00000028d0200000,0x00000028d0300000)]
  0x000001675d633000 JavaThread "C2 CompilerThread1" daemon [_thread_blocked, id=8080, stack(0x00000028d1100000,0x00000028d1200000)]
=>0x000001675d633800 JavaThread "C2 CompilerThread2" daemon [_thread_in_native, id=9412, stack(0x00000028d1400000,0x00000028d1500000)]
  0x000001675d634800 JavaThread "Build operations" [_thread_blocked, id=7596, stack(0x00000028d1500000,0x00000028d1600000)]
  0x000001675d630800 JavaThread "Build operations Thread 2" [_thread_blocked, id=7768, stack(0x00000028d1600000,0x00000028d1700000)]
  0x000001675d637000 JavaThread "Build operations Thread 3" [_thread_blocked, id=1348, stack(0x00000028d1800000,0x00000028d1900000)]
  0x000001675d637800 JavaThread "Build operations Thread 4" [_thread_blocked, id=2440, stack(0x00000028d1d00000,0x00000028d1e00000)]
  0x000001675d639800 JavaThread "Build operations Thread 5" [_thread_blocked, id=5372, stack(0x00000028d1f00000,0x00000028d2000000)]
  0x000001675d63a000 JavaThread "Build operations Thread 6" [_thread_blocked, id=5232, stack(0x00000028d2000000,0x00000028d2100000)]
  0x000001675d63b000 JavaThread "Build operations Thread 7" [_thread_blocked, id=10960, stack(0x00000028d2100000,0x00000028d2200000)]
  0x000001675d635000 JavaThread "Build operations Thread 8" [_thread_blocked, id=5696, stack(0x00000028d2200000,0x00000028d2300000)]
  0x000001675d63c000 JavaThread "Build operations Thread 9" [_thread_blocked, id=8752, stack(0x00000028d2300000,0x00000028d2400000)]
  0x000001675d63d800 JavaThread "Build operations Thread 10" [_thread_blocked, id=2816, stack(0x00000028d2400000,0x00000028d2500000)]
  0x000001675d63e000 JavaThread "Build operations Thread 11" [_thread_blocked, id=1820, stack(0x00000028d2500000,0x00000028d2600000)]
  0x000001675d638800 JavaThread "Build operations Thread 12" [_thread_blocked, id=7504, stack(0x00000028d2600000,0x00000028d2700000)]
  0x000001674eeb7000 JavaThread "Build operations Thread 13" [_thread_blocked, id=5176, stack(0x00000028d2700000,0x00000028d2800000)]
  0x000001674eeba000 JavaThread "Build operations Thread 14" [_thread_blocked, id=10832, stack(0x00000028d2800000,0x00000028d2900000)]
  0x000001674eebb000 JavaThread "Build operations Thread 15" [_thread_blocked, id=8672, stack(0x00000028d2900000,0x00000028d2a00000)]
  0x000001674eeb7800 JavaThread "Build operations Thread 16" [_thread_blocked, id=1596, stack(0x00000028d2a00000,0x00000028d2b00000)]
  0x000001674eeb5000 JavaThread "C1 CompilerThread1" daemon [_thread_blocked, id=7280, stack(0x00000028d2b00000,0x00000028d2c00000)]
  0x000001674eebb800 JavaThread "C1 CompilerThread2" daemon [_thread_blocked, id=508, stack(0x00000028d2e00000,0x00000028d2f00000)]
  0x000001674eeb6000 JavaThread "C1 CompilerThread3" daemon [_thread_blocked, id=3424, stack(0x00000028d4000000,0x00000028d4100000)]
  0x000001674eebe000 JavaThread "build event listener" [_thread_blocked, id=7448, stack(0x00000028d4200000,0x00000028d4300000)]
  0x000001674eebf000 JavaThread "pool-31-thread-1" [_thread_blocked, id=5480, stack(0x00000028d4400000,0x00000028d4500000)]
  0x000001674eebd800 JavaThread "build event listener" [_thread_blocked, id=5032, stack(0x00000028d4500000,0x00000028d4600000)]
  0x000001674eec0800 JavaThread "Execution worker for ':'" [_thread_in_native, id=2176, stack(0x00000028d4600000,0x00000028d4700000)]
  0x000001674eec1800 JavaThread "Execution worker for ':' Thread 2" [_thread_blocked, id=8268, stack(0x00000028d4700000,0x00000028d4800000)]
  0x000001674eec2000 JavaThread "Execution worker for ':' Thread 3" [_thread_blocked, id=3108, stack(0x00000028d4800000,0x00000028d4900000)]
  0x000001674eebc800 JavaThread "Execution worker for ':' Thread 4" [_thread_blocked, id=9864, stack(0x00000028d4900000,0x00000028d4a00000)]
  0x000001674eec0000 JavaThread "Execution worker for ':' Thread 5" [_thread_blocked, id=3688, stack(0x00000028d4a00000,0x00000028d4b00000)]
  0x00000167577a5800 JavaThread "Execution worker for ':' Thread 6" [_thread_blocked, id=8636, stack(0x00000028d4b00000,0x00000028d4c00000)]
  0x00000167577ac000 JavaThread "Execution worker for ':' Thread 7" [_thread_blocked, id=6680, stack(0x00000028d4c00000,0x00000028d4d00000)]
  0x00000167577ad000 JavaThread "Execution worker for ':' Thread 8" [_thread_blocked, id=6780, stack(0x00000028d4d00000,0x00000028d4e00000)]
  0x00000167577a7000 JavaThread "Execution worker for ':' Thread 9" [_thread_blocked, id=6784, stack(0x00000028d4e00000,0x00000028d4f00000)]
  0x00000167577ad800 JavaThread "Execution worker for ':' Thread 10" [_thread_blocked, id=6696, stack(0x00000028d4f00000,0x00000028d5000000)]
  0x00000167577a9000 JavaThread "Execution worker for ':' Thread 11" [_thread_blocked, id=5628, stack(0x00000028d5000000,0x00000028d5100000)]
  0x00000167577a8000 JavaThread "Execution worker for ':' Thread 12" [_thread_blocked, id=10844, stack(0x00000028d5300000,0x00000028d5400000)]
  0x00000167577ae800 JavaThread "Execution worker for ':' Thread 13" [_thread_blocked, id=9016, stack(0x00000028d5400000,0x00000028d5500000)]
  0x00000167577af800 JavaThread "Execution worker for ':' Thread 14" [_thread_blocked, id=7548, stack(0x00000028d5500000,0x00000028d5600000)]
  0x00000167577a9800 JavaThread "Execution worker for ':' Thread 15" [_thread_blocked, id=3412, stack(0x00000028d5700000,0x00000028d5800000)]
  0x00000167577b2000 JavaThread "Cache worker for execution history cache (C:\Users\Administrator\AndroidStudioProjects\Viewpager_test3\.gradle\7.0.2\executionHistory)" [_thread_blocked, id=8692, stack(0x00000028d5800000,0x00000028d5900000)]
  0x00000167577b0000 JavaThread "RMI RenewClean-[127.0.0.1:17838,org.jetbrains.kotlin.daemon.common.LoopbackNetworkInterface$ClientLoopbackSocketFactory@2e048b1c]" daemon [_thread_blocked, id=8580, stack(0x00000028d5900000,0x00000028d5a00000)]
  0x00000167577b3800 JavaThread "RMI TCP Connection(22)-127.0.0.1" daemon [_thread_in_native, id=3084, stack(0x00000028d5a00000,0x00000028d5b00000)]
  0x00000167553dc000 JavaThread "RMI TCP Connection(23)-127.0.0.1" daemon [_thread_in_native, id=5516, stack(0x00000028d5b00000,0x00000028d5c00000)]

Other Threads:
  0x000001674d59b000 VMThread "VM Thread" [stack: 0x00000028ce500000,0x00000028ce600000] [id=5508]
  0x000001674e081000 WatcherThread [stack: 0x00000028cf000000,0x00000028cf100000] [id=11188]
  0x0000016732587800 GCTaskThread "GC Thread#0" [stack: 0x00000028ce000000,0x00000028ce100000] [id=3764]
  0x000001674e99e800 GCTaskThread "GC Thread#1" [stack: 0x00000028cf400000,0x00000028cf500000] [id=8056]
  0x000001674eb6b000 GCTaskThread "GC Thread#2" [stack: 0x00000028cf500000,0x00000028cf600000] [id=840]
  0x000001674e772800 GCTaskThread "GC Thread#3" [stack: 0x00000028cf600000,0x00000028cf700000] [id=4492]
  0x000001674eddc000 GCTaskThread "GC Thread#4" [stack: 0x00000028cf700000,0x00000028cf800000] [id=11124]
  0x0000016750fae800 GCTaskThread "GC Thread#5" [stack: 0x00000028d0600000,0x00000028d0700000] [id=10732]
  0x0000016750b17800 GCTaskThread "GC Thread#6" [stack: 0x00000028d0700000,0x00000028d0800000] [id=5520]
  0x000001675032b800 GCTaskThread "GC Thread#7" [stack: 0x00000028d0800000,0x00000028d0900000] [id=10544]
  0x000001674edcc800 GCTaskThread "GC Thread#8" [stack: 0x00000028d0900000,0x00000028d0a00000] [id=8820]
  0x000001674ff41800 GCTaskThread "GC Thread#9" [stack: 0x00000028d0a00000,0x00000028d0b00000] [id=8024]
  0x00000167505d4000 GCTaskThread "GC Thread#10" [stack: 0x00000028d0b00000,0x00000028d0c00000] [id=4908]
  0x000001675060e800 GCTaskThread "GC Thread#11" [stack: 0x00000028d0c00000,0x00000028d0d00000] [id=10572]
  0x0000016750c1a000 GCTaskThread "GC Thread#12" [stack: 0x00000028d0d00000,0x00000028d0e00000] [id=10972]
  0x00000167325b9000 ConcurrentGCThread "G1 Main Marker" [stack: 0x00000028ce100000,0x00000028ce200000] [id=1620]
  0x00000167325bb800 ConcurrentGCThread "G1 Conc#0" [stack: 0x00000028ce200000,0x00000028ce300000] [id=1932]
  0x000001674e75f800 ConcurrentGCThread "G1 Conc#1" [stack: 0x00000028d0e00000,0x00000028d0f00000] [id=10396]
  0x000001674f61b000 ConcurrentGCThread "G1 Conc#2" [stack: 0x00000028d0f00000,0x00000028d1000000] [id=1084]
  0x000001674d41e800 ConcurrentGCThread "G1 Refine#0" [stack: 0x00000028ce300000,0x00000028ce400000] [id=8428]
  0x000001674d41f000 ConcurrentGCThread "G1 Young RemSet Sampling" [stack: 0x00000028ce400000,0x00000028ce500000] [id=11080]

Threads with active compile tasks:
C2 CompilerThread21477559 21780   !   4       java.io.ObjectInputStream::readObject0 (671 bytes)

VM state:not at safepoint (normal execution)

VM Mutex/Monitor currently owned by a thread: None

Heap address: 0x0000000080000000, size: 2048 MB, Compressed Oops mode: 32-bit
Narrow klass base: 0x0000000000000000, Narrow klass shift: 3
Compressed class space size: 1073741824 Address: 0x0000000100000000

Heap:
 garbage-first heap   total 303104K, used 221591K [0x0000000080000000, 0x0000000100000000)
  region size 1024K, 110 young (112640K), 8 survivors (8192K)
 Metaspace       used 120102K, capacity 124087K, committed 124312K, reserved 1157120K
  class space    used 15199K, capacity 16660K, committed 16768K, reserved 1048576K
Heap Regions: E=young(eden), S=young(survivor), O=old, HS=humongous(starts), HC=humongous(continues), CS=collection set, F=free, A=archive, TAMS=top-at-mark-start (previous, next)
|   0|0x0000000080000000, 0x0000000080100000, 0x0000000080100000|100%| O|  |TAMS 0x0000000080100000, 0x0000000080000000| Untracked 
|   1|0x0000000080100000, 0x0000000080200000, 0x0000000080200000|100%| O|  |TAMS 0x0000000080200000, 0x0000000080100000| Untracked 
|   2|0x0000000080200000, 0x0000000080300000, 0x0000000080300000|100%| O|  |TAMS 0x0000000080300000, 0x0000000080200000| Untracked 
|   3|0x0000000080300000, 0x0000000080400000, 0x0000000080400000|100%|HS|  |TAMS 0x0000000080400000, 0x0000000080300000| Complete 
|   4|0x0000000080400000, 0x0000000080500000, 0x0000000080500000|100%|HC|  |TAMS 0x0000000080500000, 0x0000000080400000| Complete 
|   5|0x0000000080500000, 0x0000000080600000, 0x0000000080600000|100%|HC|  |TAMS 0x0000000080600000, 0x0000000080500000| Complete 
|   6|0x0000000080600000, 0x0000000080700000, 0x0000000080700000|100%| O|  |TAMS 0x0000000080700000, 0x0000000080600000| Untracked 
|   7|0x0000000080700000, 0x0000000080800000, 0x0000000080800000|100%| O|  |TAMS 0x0000000080800000, 0x0000000080700000| Untracked 
|   8|0x0000000080800000, 0x0000000080900000, 0x0000000080900000|100%| O|  |TAMS 0x0000000080900000, 0x0000000080800000| Untracked 
|   9|0x0000000080900000, 0x0000000080a00000, 0x0000000080a00000|100%| O|  |TAMS 0x0000000080a00000, 0x0000000080900000| Untracked 
|  10|0x0000000080a00000, 0x0000000080b00000, 0x0000000080b00000|100%| O|  |TAMS 0x0000000080b00000, 0x0000000080a00000| Untracked 
|  11|0x0000000080b00000, 0x0000000080c00000, 0x0000000080c00000|100%| O|  |TAMS 0x0000000080c00000, 0x0000000080b00000| Untracked 
|  12|0x0000000080c00000, 0x0000000080d00000, 0x0000000080d00000|100%| O|  |TAMS 0x0000000080d00000, 0x0000000080c00000| Untracked 
|  13|0x0000000080d00000, 0x0000000080e00000, 0x0000000080e00000|100%| O|  |TAMS 0x0000000080e00000, 0x0000000080d00000| Untracked 
|  14|0x0000000080e00000, 0x0000000080f00000, 0x0000000080f00000|100%| O|  |TAMS 0x0000000080f00000, 0x0000000080e00000| Untracked 
|  15|0x0000000080f00000, 0x0000000081000000, 0x0000000081000000|100%| O|  |TAMS 0x0000000081000000, 0x0000000080f00000| Untracked 
|  16|0x0000000081000000, 0x0000000081100000, 0x0000000081100000|100%| O|  |TAMS 0x0000000081100000, 0x0000000081000000| Untracked 
|  17|0x0000000081100000, 0x0000000081200000, 0x0000000081200000|100%|HS|  |TAMS 0x0000000081200000, 0x0000000081100000| Complete 
|  18|0x0000000081200000, 0x0000000081300000, 0x0000000081300000|100%|HS|  |TAMS 0x0000000081300000, 0x0000000081200000| Complete 
|  19|0x0000000081300000, 0x0000000081400000, 0x0000000081400000|100%|HS|  |TAMS 0x0000000081400000, 0x0000000081300000| Complete 
|  20|0x0000000081400000, 0x0000000081500000, 0x0000000081500000|100%|HS|  |TAMS 0x0000000081500000, 0x0000000081400000| Complete 
|  21|0x0000000081500000, 0x0000000081600000, 0x0000000081600000|100%|HC|  |TAMS 0x0000000081600000, 0x0000000081500000| Complete 
|  22|0x0000000081600000, 0x0000000081700000, 0x0000000081700000|100%|HC|  |TAMS 0x0000000081700000, 0x0000000081600000| Complete 
|  23|0x0000000081700000, 0x0000000081800000, 0x0000000081800000|100%|HS|  |TAMS 0x0000000081800000, 0x0000000081700000| Complete 
|  24|0x0000000081800000, 0x0000000081900000, 0x0000000081900000|100%|HC|  |TAMS 0x0000000081900000, 0x0000000081800000| Complete 
|  25|0x0000000081900000, 0x0000000081a00000, 0x0000000081a00000|100%| O|  |TAMS 0x0000000081a00000, 0x0000000081900000| Untracked 
|  26|0x0000000081a00000, 0x0000000081b00000, 0x0000000081b00000|100%| O|  |TAMS 0x0000000081b00000, 0x0000000081a00000| Untracked 
|  27|0x0000000081b00000, 0x0000000081c00000, 0x0000000081c00000|100%| O|  |TAMS 0x0000000081c00000, 0x0000000081b00000| Untracked 
|  28|0x0000000081c00000, 0x0000000081d00000, 0x0000000081d00000|100%| O|  |TAMS 0x0000000081d00000, 0x0000000081c00000| Untracked 
|  29|0x0000000081d00000, 0x0000000081e00000, 0x0000000081e00000|100%| O|  |TAMS 0x0000000081e00000, 0x0000000081d00000| Untracked 
|  30|0x0000000081e00000, 0x0000000081f00000, 0x0000000081f00000|100%| O|  |TAMS 0x0000000081f00000, 0x0000000081e00000| Untracked 
|  31|0x0000000081f00000, 0x0000000082000000, 0x0000000082000000|100%| O|  |TAMS 0x0000000082000000, 0x0000000081f00000| Untracked 
|  32|0x0000000082000000, 0x0000000082100000, 0x0000000082100000|100%| O|  |TAMS 0x0000000082100000, 0x0000000082000000| Untracked 
|  33|0x0000000082100000, 0x0000000082200000, 0x0000000082200000|100%| O|  |TAMS 0x0000000082200000, 0x0000000082100000| Untracked 
|  34|0x0000000082200000, 0x0000000082300000, 0x0000000082300000|100%| O|  |TAMS 0x0000000082300000, 0x0000000082200000| Untracked 
|  35|0x0000000082300000, 0x0000000082400000, 0x0000000082400000|100%| O|  |TAMS 0x0000000082400000, 0x0000000082300000| Untracked 
|  36|0x0000000082400000, 0x0000000082500000, 0x0000000082500000|100%| O|  |TAMS 0x0000000082500000, 0x0000000082400000| Untracked 
|  37|0x0000000082500000, 0x0000000082600000, 0x0000000082600000|100%| O|  |TAMS 0x0000000082600000, 0x0000000082500000| Untracked 
|  38|0x0000000082600000, 0x0000000082700000, 0x0000000082700000|100%| O|  |TAMS 0x0000000082700000, 0x0000000082600000| Untracked 
|  39|0x0000000082700000, 0x0000000082800000, 0x0000000082800000|100%| O|  |TAMS 0x0000000082800000, 0x0000000082700000| Untracked 
|  40|0x0000000082800000, 0x0000000082900000, 0x0000000082900000|100%| O|  |TAMS 0x0000000082900000, 0x0000000082800000| Untracked 
|  41|0x0000000082900000, 0x0000000082a00000, 0x0000000082a00000|100%| O|  |TAMS 0x0000000082a00000, 0x0000000082900000| Untracked 
|  42|0x0000000082a00000, 0x0000000082b00000, 0x0000000082b00000|100%| O|  |TAMS 0x0000000082b00000, 0x0000000082a00000| Untracked 
|  43|0x0000000082b00000, 0x0000000082c00000, 0x0000000082c00000|100%| O|  |TAMS 0x0000000082c00000, 0x0000000082b00000| Untracked 
|  44|0x0000000082c00000, 0x0000000082d00000, 0x0000000082d00000|100%| O|  |TAMS 0x0000000082d00000, 0x0000000082c00000| Untracked 
|  45|0x0000000082d00000, 0x0000000082e00000, 0x0000000082e00000|100%| O|  |TAMS 0x0000000082e00000, 0x0000000082d00000| Untracked 
|  46|0x0000000082e00000, 0x0000000082f00000, 0x0000000082f00000|100%| O|  |TAMS 0x0000000082f00000, 0x0000000082e00000| Untracked 
|  47|0x0000000082f00000, 0x0000000083000000, 0x0000000083000000|100%| O|  |TAMS 0x0000000083000000, 0x0000000082f00000| Untracked 
|  48|0x0000000083000000, 0x0000000083100000, 0x0000000083100000|100%| O|  |TAMS 0x0000000083100000, 0x0000000083000000| Untracked 
|  49|0x0000000083100000, 0x0000000083200000, 0x0000000083200000|100%| O|  |TAMS 0x0000000083200000, 0x0000000083100000| Untracked 
|  50|0x0000000083200000, 0x0000000083300000, 0x0000000083300000|100%| O|  |TAMS 0x0000000083300000, 0x0000000083200000| Untracked 
|  51|0x0000000083300000, 0x0000000083400000, 0x0000000083400000|100%| O|  |TAMS 0x0000000083400000, 0x0000000083300000| Untracked 
|  52|0x0000000083400000, 0x0000000083500000, 0x0000000083500000|100%| O|  |TAMS 0x0000000083500000, 0x0000000083400000| Untracked 
|  53|0x0000000083500000, 0x0000000083600000, 0x0000000083600000|100%| O|  |TAMS 0x0000000083600000, 0x0000000083500000| Untracked 
|  54|0x0000000083600000, 0x0000000083700000, 0x0000000083700000|100%| O|  |TAMS 0x0000000083700000, 0x0000000083600000| Untracked 
|  55|0x0000000083700000, 0x0000000083800000, 0x0000000083800000|100%| O|  |TAMS 0x0000000083800000, 0x0000000083700000| Untracked 
|  56|0x0000000083800000, 0x0000000083900000, 0x0000000083900000|100%| O|  |TAMS 0x0000000083900000, 0x0000000083800000| Untracked 
|  57|0x0000000083900000, 0x0000000083a00000, 0x0000000083a00000|100%| O|  |TAMS 0x0000000083a00000, 0x0000000083900000| Untracked 
|  58|0x0000000083a00000, 0x0000000083b00000, 0x0000000083b00000|100%| O|  |TAMS 0x0000000083b00000, 0x0000000083a00000| Untracked 
|  59|0x0000000083b00000, 0x0000000083c00000, 0x0000000083c00000|100%| O|  |TAMS 0x0000000083c00000, 0x0000000083b00000| Untracked 
|  60|0x0000000083c00000, 0x0000000083d00000, 0x0000000083d00000|100%| O|  |TAMS 0x0000000083d00000, 0x0000000083c00000| Untracked 
|  61|0x0000000083d00000, 0x0000000083e00000, 0x0000000083e00000|100%| O|  |TAMS 0x0000000083e00000, 0x0000000083d00000| Untracked 
|  62|0x0000000083e00000, 0x0000000083f00000, 0x0000000083f00000|100%| O|  |TAMS 0x0000000083f00000, 0x0000000083e00000| Untracked 
|  63|0x0000000083f00000, 0x0000000084000000, 0x0000000084000000|100%| O|  |TAMS 0x0000000084000000, 0x0000000083f00000| Untracked 
|  64|0x0000000084000000, 0x0000000084100000, 0x0000000084100000|100%| O|  |TAMS 0x0000000084100000, 0x0000000084000000| Untracked 
|  65|0x0000000084100000, 0x0000000084200000, 0x0000000084200000|100%| O|  |TAMS 0x0000000084200000, 0x0000000084100000| Untracked 
|  66|0x0000000084200000, 0x0000000084300000, 0x0000000084300000|100%| O|  |TAMS 0x0000000084300000, 0x0000000084200000| Untracked 
|  67|0x0000000084300000, 0x0000000084400000, 0x0000000084400000|100%| O|  |TAMS 0x0000000084400000, 0x0000000084300000| Untracked 
|  68|0x0000000084400000, 0x0000000084500000, 0x0000000084500000|100%| O|  |TAMS 0x0000000084500000, 0x0000000084400000| Untracked 
|  69|0x0000000084500000, 0x0000000084600000, 0x0000000084600000|100%| O|  |TAMS 0x0000000084600000, 0x0000000084500000| Untracked 
|  70|0x0000000084600000, 0x0000000084700000, 0x0000000084700000|100%| O|  |TAMS 0x0000000084700000, 0x0000000084600000| Untracked 
|  71|0x0000000084700000, 0x0000000084800000, 0x0000000084800000|100%| O|  |TAMS 0x0000000084800000, 0x0000000084700000| Untracked 
|  72|0x0000000084800000, 0x0000000084900000, 0x0000000084900000|100%| O|  |TAMS 0x0000000084900000, 0x0000000084800000| Untracked 
|  73|0x0000000084900000, 0x0000000084a00000, 0x0000000084a00000|100%| O|  |TAMS 0x0000000084a00000, 0x0000000084900000| Untracked 
|  74|0x0000000084a00000, 0x0000000084b00000, 0x0000000084b00000|100%| O|  |TAMS 0x0000000084b00000, 0x0000000084a00000| Untracked 
|  75|0x0000000084b00000, 0x0000000084c00000, 0x0000000084c00000|100%| O|  |TAMS 0x0000000084c00000, 0x0000000084b00000| Untracked 
|  76|0x0000000084c00000, 0x0000000084d00000, 0x0000000084d00000|100%| O|  |TAMS 0x0000000084d00000, 0x0000000084c00000| Untracked 
|  77|0x0000000084d00000, 0x0000000084e00000, 0x0000000084e00000|100%|HS|  |TAMS 0x0000000084d00000, 0x0000000084d00000| Complete 
|  78|0x0000000084e00000, 0x0000000084f00000, 0x0000000084f00000|100%|HC|  |TAMS 0x0000000084e00000, 0x0000000084e00000| Complete 
|  79|0x0000000084f00000, 0x0000000085000000, 0x0000000085000000|100%|HS|  |TAMS 0x0000000084f00000, 0x0000000084f00000| Complete 
|  80|0x0000000085000000, 0x0000000085100000, 0x0000000085100000|100%|HC|  |TAMS 0x0000000085000000, 0x0000000085000000| Complete 
|  81|0x0000000085100000, 0x0000000085200000, 0x0000000085200000|100%|HS|  |TAMS 0x0000000085100000, 0x0000000085100000| Complete 
|  82|0x0000000085200000, 0x0000000085300000, 0x0000000085300000|100%|HC|  |TAMS 0x0000000085200000, 0x0000000085200000| Complete 
|  83|0x0000000085300000, 0x0000000085400000, 0x0000000085400000|100%|HS|  |TAMS 0x0000000085300000, 0x0000000085300000| Complete 
|  84|0x0000000085400000, 0x0000000085500000, 0x0000000085500000|100%|HC|  |TAMS 0x0000000085400000, 0x0000000085400000| Complete 
|  85|0x0000000085500000, 0x0000000085600000, 0x0000000085600000|100%| O|  |TAMS 0x0000000085600000, 0x0000000085500000| Untracked 
|  86|0x0000000085600000, 0x0000000085700000, 0x0000000085700000|100%| O|  |TAMS 0x0000000085700000, 0x0000000085600000| Untracked 
|  87|0x0000000085700000, 0x0000000085800000, 0x0000000085800000|100%| O|  |TAMS 0x0000000085800000, 0x0000000085700000| Untracked 
|  88|0x0000000085800000, 0x0000000085900000, 0x0000000085900000|100%| O|  |TAMS 0x0000000085900000, 0x0000000085800000| Untracked 
|  89|0x0000000085900000, 0x0000000085a00000, 0x0000000085a00000|100%| O|  |TAMS 0x0000000085a00000, 0x0000000085900000| Untracked 
|  90|0x0000000085a00000, 0x0000000085b00000, 0x0000000085b00000|100%| O|  |TAMS 0x0000000085b00000, 0x0000000085a00000| Untracked 
|  91|0x0000000085b00000, 0x0000000085c00000, 0x0000000085c00000|100%|HS|  |TAMS 0x0000000085b00000, 0x0000000085b00000| Complete 
|  92|0x0000000085c00000, 0x0000000085c00000, 0x0000000085d00000|  0%| F|  |TAMS 0x0000000085c00000, 0x0000000085c00000| Untracked 
|  93|0x0000000085d00000, 0x0000000085d00000, 0x0000000085e00000|  0%| F|  |TAMS 0x0000000085d00000, 0x0000000085d00000| Untracked 
|  94|0x0000000085e00000, 0x0000000085e00000, 0x0000000085f00000|  0%| F|  |TAMS 0x0000000085e00000, 0x0000000085e00000| Untracked 
|  95|0x0000000085f00000, 0x0000000085f00000, 0x0000000086000000|  0%| F|  |TAMS 0x0000000085f00000, 0x0000000085f00000| Untracked 
|  96|0x0000000086000000, 0x0000000086000000, 0x0000000086100000|  0%| F|  |TAMS 0x0000000086000000, 0x0000000086000000| Untracked 
|  97|0x0000000086100000, 0x0000000086100000, 0x0000000086200000|  0%| F|  |TAMS 0x0000000086100000, 0x0000000086100000| Untracked 
|  98|0x0000000086200000, 0x0000000086200000, 0x0000000086300000|  0%| F|  |TAMS 0x0000000086200000, 0x0000000086200000| Untracked 
|  99|0x0000000086300000, 0x0000000086300000, 0x0000000086400000|  0%| F|  |TAMS 0x0000000086300000, 0x0000000086300000| Untracked 
| 100|0x0000000086400000, 0x0000000086400000, 0x0000000086500000|  0%| F|  |TAMS 0x0000000086400000, 0x0000000086400000| Untracked 
| 101|0x0000000086500000, 0x0000000086600000, 0x0000000086600000|100%| O|  |TAMS 0x0000000086500000, 0x0000000086500000| Untracked 
| 102|0x0000000086600000, 0x0000000086700000, 0x0000000086700000|100%| O|  |TAMS 0x0000000086600000, 0x0000000086600000| Untracked 
| 103|0x0000000086700000, 0x0000000086800000, 0x0000000086800000|100%| O|  |TAMS 0x0000000086700000, 0x0000000086700000| Untracked 
| 104|0x0000000086800000, 0x0000000086900000, 0x0000000086900000|100%| O|  |TAMS 0x0000000086800000, 0x0000000086800000| Untracked 
| 105|0x0000000086900000, 0x0000000086a00000, 0x0000000086a00000|100%| O|  |TAMS 0x0000000086900000, 0x0000000086900000| Untracked 
| 106|0x0000000086a00000, 0x0000000086b00000, 0x0000000086b00000|100%| O|  |TAMS 0x0000000086a00000, 0x0000000086a00000| Untracked 
| 107|0x0000000086b00000, 0x0000000086c00000, 0x0000000086c00000|100%| O|  |TAMS 0x0000000086b00000, 0x0000000086b00000| Untracked 
| 108|0x0000000086c00000, 0x0000000086d00000, 0x0000000086d00000|100%| O|  |TAMS 0x0000000086c00000, 0x0000000086c00000| Untracked 
| 109|0x0000000086d00000, 0x0000000086e00000, 0x0000000086e00000|100%| O|  |TAMS 0x0000000086d00000, 0x0000000086d00000| Untracked 
| 110|0x0000000086e00000, 0x0000000086f00000, 0x0000000086f00000|100%| O|  |TAMS 0x0000000086e00000, 0x0000000086e00000| Untracked 
| 111|0x0000000086f00000, 0x0000000087000000, 0x0000000087000000|100%| O|  |TAMS 0x0000000086f00000, 0x0000000086f00000| Untracked 
| 112|0x0000000087000000, 0x0000000087100000, 0x0000000087100000|100%| O|  |TAMS 0x0000000087000000, 0x0000000087000000| Untracked 
| 113|0x0000000087100000, 0x0000000087200000, 0x0000000087200000|100%| O|  |TAMS 0x0000000087100000, 0x0000000087100000| Untracked 
| 114|0x0000000087200000, 0x0000000087300000, 0x0000000087300000|100%| O|  |TAMS 0x0000000087200000, 0x0000000087200000| Untracked 
| 115|0x0000000087300000, 0x0000000087400000, 0x0000000087400000|100%| O|  |TAMS 0x0000000087300000, 0x0000000087300000| Untracked 
| 116|0x0000000087400000, 0x0000000087500000, 0x0000000087500000|100%| O|  |TAMS 0x0000000087400000, 0x0000000087400000| Untracked 
| 117|0x0000000087500000, 0x00000000875cc400, 0x0000000087600000| 79%| O|  |TAMS 0x0000000087500000, 0x0000000087500000| Untracked 
| 118|0x0000000087600000, 0x0000000087600000, 0x0000000087700000|  0%| F|  |TAMS 0x0000000087600000, 0x0000000087600000| Untracked 
| 119|0x0000000087700000, 0x0000000087700000, 0x0000000087800000|  0%| F|  |TAMS 0x0000000087700000, 0x0000000087700000| Untracked 
| 120|0x0000000087800000, 0x0000000087800000, 0x0000000087900000|  0%| F|  |TAMS 0x0000000087800000, 0x0000000087800000| Untracked 
| 121|0x0000000087900000, 0x0000000087900000, 0x0000000087a00000|  0%| F|  |TAMS 0x0000000087900000, 0x0000000087900000| Untracked 
| 122|0x0000000087a00000, 0x0000000087a00000, 0x0000000087b00000|  0%| F|  |TAMS 0x0000000087a00000, 0x0000000087a00000| Untracked 
| 123|0x0000000087b00000, 0x0000000087b00000, 0x0000000087c00000|  0%| F|  |TAMS 0x0000000087b00000, 0x0000000087b00000| Untracked 
| 124|0x0000000087c00000, 0x0000000087c00000, 0x0000000087d00000|  0%| F|  |TAMS 0x0000000087c00000, 0x0000000087c00000| Untracked 
| 125|0x0000000087d00000, 0x0000000087d00000, 0x0000000087e00000|  0%| F|  |TAMS 0x0000000087d00000, 0x0000000087d00000| Untracked 
| 126|0x0000000087e00000, 0x0000000087e00000, 0x0000000087f00000|  0%| F|  |TAMS 0x0000000087e00000, 0x0000000087e00000| Untracked 
| 127|0x0000000087f00000, 0x0000000087f00000, 0x0000000088000000|  0%| F|  |TAMS 0x0000000087f00000, 0x0000000087f00000| Untracked 
| 128|0x0000000088000000, 0x0000000088000000, 0x0000000088100000|  0%| F|  |TAMS 0x0000000088000000, 0x0000000088000000| Untracked 
| 129|0x0000000088100000, 0x0000000088100000, 0x0000000088200000|  0%| F|  |TAMS 0x0000000088100000, 0x0000000088100000| Untracked 
| 130|0x0000000088200000, 0x0000000088200000, 0x0000000088300000|  0%| F|  |TAMS 0x0000000088200000, 0x0000000088200000| Untracked 
| 131|0x0000000088300000, 0x0000000088300000, 0x0000000088400000|  0%| F|  |TAMS 0x0000000088300000, 0x0000000088300000| Untracked 
| 132|0x0000000088400000, 0x0000000088400000, 0x0000000088500000|  0%| F|  |TAMS 0x0000000088400000, 0x0000000088400000| Untracked 
| 133|0x0000000088500000, 0x0000000088500000, 0x0000000088600000|  0%| F|  |TAMS 0x0000000088500000, 0x0000000088500000| Untracked 
| 134|0x0000000088600000, 0x0000000088600000, 0x0000000088700000|  0%| F|  |TAMS 0x0000000088600000, 0x0000000088600000| Untracked 
| 135|0x0000000088700000, 0x0000000088700000, 0x0000000088800000|  0%| F|  |TAMS 0x0000000088700000, 0x0000000088700000| Untracked 
| 136|0x0000000088800000, 0x0000000088800000, 0x0000000088900000|  0%| F|  |TAMS 0x0000000088800000, 0x0000000088800000| Untracked 
| 137|0x0000000088900000, 0x0000000088900000, 0x0000000088a00000|  0%| F|  |TAMS 0x0000000088900000, 0x0000000088900000| Untracked 
| 138|0x0000000088a00000, 0x0000000088a00000, 0x0000000088b00000|  0%| F|  |TAMS 0x0000000088a00000, 0x0000000088a00000| Untracked 
| 139|0x0000000088b00000, 0x0000000088b00000, 0x0000000088c00000|  0%| F|  |TAMS 0x0000000088b00000, 0x0000000088b00000| Untracked 
| 140|0x0000000088c00000, 0x0000000088c00000, 0x0000000088d00000|  0%| F|  |TAMS 0x0000000088c00000, 0x0000000088c00000| Untracked 
| 141|0x0000000088d00000, 0x0000000088d00000, 0x0000000088e00000|  0%| F|  |TAMS 0x0000000088d00000, 0x0000000088d00000| Untracked 
| 142|0x0000000088e00000, 0x0000000088e00000, 0x0000000088f00000|  0%| F|  |TAMS 0x0000000088e00000, 0x0000000088e00000| Untracked 
| 143|0x0000000088f00000, 0x0000000088f00000, 0x0000000089000000|  0%| F|  |TAMS 0x0000000088f00000, 0x0000000088f00000| Untracked 
| 144|0x0000000089000000, 0x0000000089000000, 0x0000000089100000|  0%| F|  |TAMS 0x0000000089000000, 0x0000000089000000| Untracked 
| 145|0x0000000089100000, 0x0000000089100000, 0x0000000089200000|  0%| F|  |TAMS 0x0000000089100000, 0x0000000089100000| Untracked 
| 146|0x0000000089200000, 0x0000000089200000, 0x0000000089300000|  0%| F|  |TAMS 0x0000000089200000, 0x0000000089200000| Untracked 
| 147|0x0000000089300000, 0x0000000089300000, 0x0000000089400000|  0%| F|  |TAMS 0x0000000089300000, 0x0000000089300000| Untracked 
| 148|0x0000000089400000, 0x0000000089400000, 0x0000000089500000|  0%| F|  |TAMS 0x0000000089400000, 0x0000000089400000| Untracked 
| 149|0x0000000089500000, 0x0000000089599ab0, 0x0000000089600000| 60%| S|CS|TAMS 0x0000000089500000, 0x0000000089500000| Complete 
| 150|0x0000000089600000, 0x0000000089700000, 0x0000000089700000|100%| S|CS|TAMS 0x0000000089600000, 0x0000000089600000| Complete 
| 151|0x0000000089700000, 0x0000000089800000, 0x0000000089800000|100%| S|CS|TAMS 0x0000000089700000, 0x0000000089700000| Complete 
| 152|0x0000000089800000, 0x0000000089900000, 0x0000000089900000|100%| S|CS|TAMS 0x0000000089800000, 0x0000000089800000| Complete 
| 153|0x0000000089900000, 0x0000000089a00000, 0x0000000089a00000|100%| S|CS|TAMS 0x0000000089900000, 0x0000000089900000| Complete 
| 154|0x0000000089a00000, 0x0000000089b00000, 0x0000000089b00000|100%| S|CS|TAMS 0x0000000089a00000, 0x0000000089a00000| Complete 
| 155|0x0000000089b00000, 0x0000000089c00000, 0x0000000089c00000|100%| S|CS|TAMS 0x0000000089b00000, 0x0000000089b00000| Complete 
| 156|0x0000000089c00000, 0x0000000089c00000, 0x0000000089d00000|  0%| F|  |TAMS 0x0000000089c00000, 0x0000000089c00000| Untracked 
| 157|0x0000000089d00000, 0x0000000089d00000, 0x0000000089e00000|  0%| F|  |TAMS 0x0000000089d00000, 0x0000000089d00000| Untracked 
| 158|0x0000000089e00000, 0x0000000089e00000, 0x0000000089f00000|  0%| F|  |TAMS 0x0000000089e00000, 0x0000000089e00000| Untracked 
| 159|0x0000000089f00000, 0x0000000089f00000, 0x000000008a000000|  0%| F|  |TAMS 0x0000000089f00000, 0x0000000089f00000| Untracked 
| 160|0x000000008a000000, 0x000000008a000000, 0x000000008a100000|  0%| F|  |TAMS 0x000000008a000000, 0x000000008a000000| Untracked 
| 161|0x000000008a100000, 0x000000008a100000, 0x000000008a200000|  0%| F|  |TAMS 0x000000008a100000, 0x000000008a100000| Untracked 
| 162|0x000000008a200000, 0x000000008a300000, 0x000000008a300000|100%| S|CS|TAMS 0x000000008a200000, 0x000000008a200000| Complete 
| 163|0x000000008a300000, 0x000000008a300000, 0x000000008a400000|  0%| F|  |TAMS 0x000000008a300000, 0x000000008a300000| Untracked 
| 164|0x000000008a400000, 0x000000008a400000, 0x000000008a500000|  0%| F|  |TAMS 0x000000008a400000, 0x000000008a400000| Untracked 
| 165|0x000000008a500000, 0x000000008a500000, 0x000000008a600000|  0%| F|  |TAMS 0x000000008a500000, 0x000000008a500000| Untracked 
| 166|0x000000008a600000, 0x000000008a600000, 0x000000008a700000|  0%| F|  |TAMS 0x000000008a600000, 0x000000008a600000| Untracked 
| 167|0x000000008a700000, 0x000000008a700000, 0x000000008a800000|  0%| F|  |TAMS 0x000000008a700000, 0x000000008a700000| Untracked 
| 168|0x000000008a800000, 0x000000008a800000, 0x000000008a900000|  0%| F|  |TAMS 0x000000008a800000, 0x000000008a800000| Untracked 
| 169|0x000000008a900000, 0x000000008a900000, 0x000000008aa00000|  0%| F|  |TAMS 0x000000008a900000, 0x000000008a900000| Untracked 
| 170|0x000000008aa00000, 0x000000008aa00000, 0x000000008ab00000|  0%| F|  |TAMS 0x000000008aa00000, 0x000000008aa00000| Untracked 
| 171|0x000000008ab00000, 0x000000008ab00000, 0x000000008ac00000|  0%| F|  |TAMS 0x000000008ab00000, 0x000000008ab00000| Untracked 
| 172|0x000000008ac00000, 0x000000008ac00000, 0x000000008ad00000|  0%| F|  |TAMS 0x000000008ac00000, 0x000000008ac00000| Untracked 
| 173|0x000000008ad00000, 0x000000008ad00000, 0x000000008ae00000|  0%| F|  |TAMS 0x000000008ad00000, 0x000000008ad00000| Untracked 
| 174|0x000000008ae00000, 0x000000008ae00000, 0x000000008af00000|  0%| F|  |TAMS 0x000000008ae00000, 0x000000008ae00000| Untracked 
| 175|0x000000008af00000, 0x000000008af00000, 0x000000008b000000|  0%| F|  |TAMS 0x000000008af00000, 0x000000008af00000| Untracked 
| 176|0x000000008b000000, 0x000000008b000000, 0x000000008b100000|  0%| F|  |TAMS 0x000000008b000000, 0x000000008b000000| Untracked 
| 177|0x000000008b100000, 0x000000008b100000, 0x000000008b200000|  0%| F|  |TAMS 0x000000008b100000, 0x000000008b100000| Untracked 
| 178|0x000000008b200000, 0x000000008b200000, 0x000000008b300000|  0%| F|  |TAMS 0x000000008b200000, 0x000000008b200000| Untracked 
| 179|0x000000008b300000, 0x000000008b300000, 0x000000008b400000|  0%| F|  |TAMS 0x000000008b300000, 0x000000008b300000| Untracked 
| 180|0x000000008b400000, 0x000000008b400000, 0x000000008b500000|  0%| F|  |TAMS 0x000000008b400000, 0x000000008b400000| Untracked 
| 181|0x000000008b500000, 0x000000008b500000, 0x000000008b600000|  0%| F|  |TAMS 0x000000008b500000, 0x000000008b500000| Untracked 
| 182|0x000000008b600000, 0x000000008b600000, 0x000000008b700000|  0%| F|  |TAMS 0x000000008b600000, 0x000000008b600000| Untracked 
| 183|0x000000008b700000, 0x000000008b700000, 0x000000008b800000|  0%| F|  |TAMS 0x000000008b700000, 0x000000008b700000| Untracked 
| 184|0x000000008b800000, 0x000000008b800000, 0x000000008b900000|  0%| F|  |TAMS 0x000000008b800000, 0x000000008b800000| Untracked 
| 185|0x000000008b900000, 0x000000008b900000, 0x000000008ba00000|  0%| F|  |TAMS 0x000000008b900000, 0x000000008b900000| Untracked 
| 186|0x000000008ba00000, 0x000000008ba00000, 0x000000008bb00000|  0%| F|  |TAMS 0x000000008ba00000, 0x000000008ba00000| Untracked 
| 187|0x000000008bb00000, 0x000000008bb00000, 0x000000008bc00000|  0%| F|  |TAMS 0x000000008bb00000, 0x000000008bb00000| Untracked 
| 188|0x000000008bc00000, 0x000000008bc00000, 0x000000008bd00000|  0%| F|  |TAMS 0x000000008bc00000, 0x000000008bc00000| Untracked 
| 189|0x000000008bd00000, 0x000000008bd00000, 0x000000008be00000|  0%| F|  |TAMS 0x000000008bd00000, 0x000000008bd00000| Untracked 
| 190|0x000000008be00000, 0x000000008be00000, 0x000000008bf00000|  0%| F|  |TAMS 0x000000008be00000, 0x000000008be00000| Untracked 
| 191|0x000000008bf00000, 0x000000008bf00000, 0x000000008c000000|  0%| F|  |TAMS 0x000000008bf00000, 0x000000008bf00000| Untracked 
| 192|0x000000008c000000, 0x000000008c000000, 0x000000008c100000|  0%| F|  |TAMS 0x000000008c000000, 0x000000008c000000| Untracked 
| 193|0x000000008c100000, 0x000000008c100000, 0x000000008c200000|  0%| F|  |TAMS 0x000000008c100000, 0x000000008c100000| Untracked 
| 194|0x000000008c200000, 0x000000008c21e190, 0x000000008c300000| 11%| E|  |TAMS 0x000000008c200000, 0x000000008c200000| Complete 
| 195|0x000000008c300000, 0x000000008c400000, 0x000000008c400000|100%| E|CS|TAMS 0x000000008c300000, 0x000000008c300000| Complete 
| 196|0x000000008c400000, 0x000000008c500000, 0x000000008c500000|100%| E|CS|TAMS 0x000000008c400000, 0x000000008c400000| Complete 
| 197|0x000000008c500000, 0x000000008c600000, 0x000000008c600000|100%| E|CS|TAMS 0x000000008c500000, 0x000000008c500000| Complete 
| 198|0x000000008c600000, 0x000000008c700000, 0x000000008c700000|100%| E|CS|TAMS 0x000000008c600000, 0x000000008c600000| Complete 
| 199|0x000000008c700000, 0x000000008c800000, 0x000000008c800000|100%| E|CS|TAMS 0x000000008c700000, 0x000000008c700000| Complete 
| 200|0x000000008c800000, 0x000000008c900000, 0x000000008c900000|100%| E|CS|TAMS 0x000000008c800000, 0x000000008c800000| Complete 
| 201|0x000000008c900000, 0x000000008ca00000, 0x000000008ca00000|100%| E|CS|TAMS 0x000000008c900000, 0x000000008c900000| Complete 
| 202|0x000000008ca00000, 0x000000008cb00000, 0x000000008cb00000|100%| E|CS|TAMS 0x000000008ca00000, 0x000000008ca00000| Complete 
| 203|0x000000008cb00000, 0x000000008cc00000, 0x000000008cc00000|100%| E|  |TAMS 0x000000008cb00000, 0x000000008cb00000| Complete 
| 204|0x000000008cc00000, 0x000000008cd00000, 0x000000008cd00000|100%| E|CS|TAMS 0x000000008cc00000, 0x000000008cc00000| Complete 
| 205|0x000000008cd00000, 0x000000008ce00000, 0x000000008ce00000|100%| E|CS|TAMS 0x000000008cd00000, 0x000000008cd00000| Complete 
| 206|0x000000008ce00000, 0x000000008cf00000, 0x000000008cf00000|100%| E|CS|TAMS 0x000000008ce00000, 0x000000008ce00000| Complete 
| 207|0x000000008cf00000, 0x000000008d000000, 0x000000008d000000|100%| E|CS|TAMS 0x000000008cf00000, 0x000000008cf00000| Complete 
| 208|0x000000008d000000, 0x000000008d100000, 0x000000008d100000|100%| E|CS|TAMS 0x000000008d000000, 0x000000008d000000| Complete 
| 209|0x000000008d100000, 0x000000008d200000, 0x000000008d200000|100%| E|CS|TAMS 0x000000008d100000, 0x000000008d100000| Complete 
| 210|0x000000008d200000, 0x000000008d300000, 0x000000008d300000|100%| E|CS|TAMS 0x000000008d200000, 0x000000008d200000| Complete 
| 211|0x000000008d300000, 0x000000008d400000, 0x000000008d400000|100%| E|CS|TAMS 0x000000008d300000, 0x000000008d300000| Complete 
| 212|0x000000008d400000, 0x000000008d500000, 0x000000008d500000|100%| E|CS|TAMS 0x000000008d400000, 0x000000008d400000| Complete 
| 213|0x000000008d500000, 0x000000008d600000, 0x000000008d600000|100%| E|CS|TAMS 0x000000008d500000, 0x000000008d500000| Complete 
| 214|0x000000008d600000, 0x000000008d700000, 0x000000008d700000|100%| E|CS|TAMS 0x000000008d600000, 0x000000008d600000| Complete 
| 215|0x000000008d700000, 0x000000008d800000, 0x000000008d800000|100%| E|CS|TAMS 0x000000008d700000, 0x000000008d700000| Complete 
| 216|0x000000008d800000, 0x000000008d900000, 0x000000008d900000|100%| E|CS|TAMS 0x000000008d800000, 0x000000008d800000| Complete 
| 217|0x000000008d900000, 0x000000008da00000, 0x000000008da00000|100%| E|CS|TAMS 0x000000008d900000, 0x000000008d900000| Complete 
| 218|0x000000008da00000, 0x000000008db00000, 0x000000008db00000|100%| E|CS|TAMS 0x000000008da00000, 0x000000008da00000| Complete 
| 219|0x000000008db00000, 0x000000008dc00000, 0x000000008dc00000|100%| E|CS|TAMS 0x000000008db00000, 0x000000008db00000| Complete 
| 220|0x000000008dc00000, 0x000000008dd00000, 0x000000008dd00000|100%| E|CS|TAMS 0x000000008dc00000, 0x000000008dc00000| Complete 
| 221|0x000000008dd00000, 0x000000008de00000, 0x000000008de00000|100%| E|CS|TAMS 0x000000008dd00000, 0x000000008dd00000| Complete 
| 222|0x000000008de00000, 0x000000008df00000, 0x000000008df00000|100%| E|CS|TAMS 0x000000008de00000, 0x000000008de00000| Complete 
| 223|0x000000008df00000, 0x000000008e000000, 0x000000008e000000|100%| E|CS|TAMS 0x000000008df00000, 0x000000008df00000| Complete 
| 224|0x000000008e000000, 0x000000008e100000, 0x000000008e100000|100%| E|CS|TAMS 0x000000008e000000, 0x000000008e000000| Complete 
| 225|0x000000008e100000, 0x000000008e200000, 0x000000008e200000|100%| E|CS|TAMS 0x000000008e100000, 0x000000008e100000| Complete 
| 226|0x000000008e200000, 0x000000008e300000, 0x000000008e300000|100%| E|CS|TAMS 0x000000008e200000, 0x000000008e200000| Complete 
| 227|0x000000008e300000, 0x000000008e400000, 0x000000008e400000|100%| E|CS|TAMS 0x000000008e300000, 0x000000008e300000| Complete 
| 228|0x000000008e400000, 0x000000008e500000, 0x000000008e500000|100%| E|CS|TAMS 0x000000008e400000, 0x000000008e400000| Complete 
| 229|0x000000008e500000, 0x000000008e600000, 0x000000008e600000|100%| E|CS|TAMS 0x000000008e500000, 0x000000008e500000| Complete 
| 230|0x000000008e600000, 0x000000008e700000, 0x000000008e700000|100%| E|CS|TAMS 0x000000008e600000, 0x000000008e600000| Complete 
| 231|0x000000008e700000, 0x000000008e800000, 0x000000008e800000|100%| E|CS|TAMS 0x000000008e700000, 0x000000008e700000| Complete 
| 232|0x000000008e800000, 0x000000008e900000, 0x000000008e900000|100%| E|CS|TAMS 0x000000008e800000, 0x000000008e800000| Complete 
| 233|0x000000008e900000, 0x000000008ea00000, 0x000000008ea00000|100%| E|CS|TAMS 0x000000008e900000, 0x000000008e900000| Complete 
| 234|0x000000008ea00000, 0x000000008eb00000, 0x000000008eb00000|100%| E|CS|TAMS 0x000000008ea00000, 0x000000008ea00000| Complete 
| 235|0x000000008eb00000, 0x000000008ec00000, 0x000000008ec00000|100%| E|CS|TAMS 0x000000008eb00000, 0x000000008eb00000| Complete 
| 236|0x000000008ec00000, 0x000000008ed00000, 0x000000008ed00000|100%| E|CS|TAMS 0x000000008ec00000, 0x000000008ec00000| Complete 
| 237|0x000000008ed00000, 0x000000008ee00000, 0x000000008ee00000|100%| E|CS|TAMS 0x000000008ed00000, 0x000000008ed00000| Complete 
| 238|0x000000008ee00000, 0x000000008ef00000, 0x000000008ef00000|100%| E|CS|TAMS 0x000000008ee00000, 0x000000008ee00000| Complete 
| 239|0x000000008ef00000, 0x000000008f000000, 0x000000008f000000|100%| E|CS|TAMS 0x000000008ef00000, 0x000000008ef00000| Complete 
| 240|0x000000008f000000, 0x000000008f100000, 0x000000008f100000|100%| E|CS|TAMS 0x000000008f000000, 0x000000008f000000| Complete 
| 241|0x000000008f100000, 0x000000008f200000, 0x000000008f200000|100%| E|CS|TAMS 0x000000008f100000, 0x000000008f100000| Complete 
| 242|0x000000008f200000, 0x000000008f300000, 0x000000008f300000|100%| E|CS|TAMS 0x000000008f200000, 0x000000008f200000| Complete 
| 243|0x000000008f300000, 0x000000008f400000, 0x000000008f400000|100%| E|CS|TAMS 0x000000008f300000, 0x000000008f300000| Complete 
| 244|0x000000008f400000, 0x000000008f500000, 0x000000008f500000|100%| E|CS|TAMS 0x000000008f400000, 0x000000008f400000| Complete 
| 245|0x000000008f500000, 0x000000008f600000, 0x000000008f600000|100%| E|CS|TAMS 0x000000008f500000, 0x000000008f500000| Complete 
| 246|0x000000008f600000, 0x000000008f700000, 0x000000008f700000|100%| E|CS|TAMS 0x000000008f600000, 0x000000008f600000| Complete 
| 247|0x000000008f700000, 0x000000008f800000, 0x000000008f800000|100%| E|CS|TAMS 0x000000008f700000, 0x000000008f700000| Complete 
| 248|0x000000008f800000, 0x000000008f900000, 0x000000008f900000|100%| E|CS|TAMS 0x000000008f800000, 0x000000008f800000| Complete 
| 249|0x000000008f900000, 0x000000008fa00000, 0x000000008fa00000|100%| E|CS|TAMS 0x000000008f900000, 0x000000008f900000| Complete 
| 250|0x000000008fa00000, 0x000000008fb00000, 0x000000008fb00000|100%| E|CS|TAMS 0x000000008fa00000, 0x000000008fa00000| Complete 
| 251|0x000000008fb00000, 0x000000008fc00000, 0x000000008fc00000|100%| E|CS|TAMS 0x000000008fb00000, 0x000000008fb00000| Complete 
| 252|0x000000008fc00000, 0x000000008fd00000, 0x000000008fd00000|100%| E|CS|TAMS 0x000000008fc00000, 0x000000008fc00000| Complete 
| 253|0x000000008fd00000, 0x000000008fe00000, 0x000000008fe00000|100%| E|CS|TAMS 0x000000008fd00000, 0x000000008fd00000| Complete 
| 254|0x000000008fe00000, 0x000000008ff00000, 0x000000008ff00000|100%| E|CS|TAMS 0x000000008fe00000, 0x000000008fe00000| Complete 
| 255|0x000000008ff00000, 0x0000000090000000, 0x0000000090000000|100%| E|CS|TAMS 0x000000008ff00000, 0x000000008ff00000| Complete 
| 256|0x0000000090000000, 0x0000000090100000, 0x0000000090100000|100%| E|CS|TAMS 0x0000000090000000, 0x0000000090000000| Complete 
| 257|0x0000000090100000, 0x0000000090200000, 0x0000000090200000|100%| E|CS|TAMS 0x0000000090100000, 0x0000000090100000| Complete 
| 258|0x0000000090200000, 0x0000000090300000, 0x0000000090300000|100%| E|CS|TAMS 0x0000000090200000, 0x0000000090200000| Complete 
| 259|0x0000000090300000, 0x0000000090400000, 0x0000000090400000|100%| E|CS|TAMS 0x0000000090300000, 0x0000000090300000| Complete 
| 260|0x0000000090400000, 0x0000000090500000, 0x0000000090500000|100%| E|CS|TAMS 0x0000000090400000, 0x0000000090400000| Complete 
| 261|0x0000000090500000, 0x0000000090600000, 0x0000000090600000|100%| E|CS|TAMS 0x0000000090500000, 0x0000000090500000| Complete 
| 262|0x0000000090600000, 0x0000000090700000, 0x0000000090700000|100%| E|CS|TAMS 0x0000000090600000, 0x0000000090600000| Complete 
| 263|0x0000000090700000, 0x0000000090800000, 0x0000000090800000|100%| E|CS|TAMS 0x0000000090700000, 0x0000000090700000| Complete 
| 264|0x0000000090800000, 0x0000000090900000, 0x0000000090900000|100%| E|CS|TAMS 0x0000000090800000, 0x0000000090800000| Complete 
| 265|0x0000000090900000, 0x0000000090a00000, 0x0000000090a00000|100%| E|CS|TAMS 0x0000000090900000, 0x0000000090900000| Complete 
| 266|0x0000000090a00000, 0x0000000090b00000, 0x0000000090b00000|100%| E|CS|TAMS 0x0000000090a00000, 0x0000000090a00000| Complete 
| 267|0x0000000090b00000, 0x0000000090c00000, 0x0000000090c00000|100%| E|CS|TAMS 0x0000000090b00000, 0x0000000090b00000| Complete 
| 268|0x0000000090c00000, 0x0000000090d00000, 0x0000000090d00000|100%| E|CS|TAMS 0x0000000090c00000, 0x0000000090c00000| Complete 
| 269|0x0000000090d00000, 0x0000000090e00000, 0x0000000090e00000|100%| E|CS|TAMS 0x0000000090d00000, 0x0000000090d00000| Complete 
| 270|0x0000000090e00000, 0x0000000090f00000, 0x0000000090f00000|100%| E|CS|TAMS 0x0000000090e00000, 0x0000000090e00000| Complete 
| 271|0x0000000090f00000, 0x0000000091000000, 0x0000000091000000|100%| E|CS|TAMS 0x0000000090f00000, 0x0000000090f00000| Complete 
| 272|0x0000000091000000, 0x0000000091100000, 0x0000000091100000|100%| E|CS|TAMS 0x0000000091000000, 0x0000000091000000| Complete 
| 273|0x0000000091100000, 0x0000000091200000, 0x0000000091200000|100%| E|CS|TAMS 0x0000000091100000, 0x0000000091100000| Complete 
| 274|0x0000000091200000, 0x0000000091300000, 0x0000000091300000|100%| E|CS|TAMS 0x0000000091200000, 0x0000000091200000| Complete 
| 275|0x0000000091300000, 0x0000000091400000, 0x0000000091400000|100%| E|CS|TAMS 0x0000000091300000, 0x0000000091300000| Complete 
| 276|0x0000000091400000, 0x0000000091500000, 0x0000000091500000|100%| E|CS|TAMS 0x0000000091400000, 0x0000000091400000| Complete 
| 277|0x0000000091500000, 0x0000000091600000, 0x0000000091600000|100%| E|CS|TAMS 0x0000000091500000, 0x0000000091500000| Complete 
| 278|0x0000000091600000, 0x0000000091700000, 0x0000000091700000|100%| E|CS|TAMS 0x0000000091600000, 0x0000000091600000| Complete 
| 279|0x0000000091700000, 0x0000000091800000, 0x0000000091800000|100%| E|CS|TAMS 0x0000000091700000, 0x0000000091700000| Complete 
| 280|0x0000000091800000, 0x0000000091900000, 0x0000000091900000|100%| E|CS|TAMS 0x0000000091800000, 0x0000000091800000| Complete 
| 281|0x0000000091900000, 0x0000000091a00000, 0x0000000091a00000|100%| E|CS|TAMS 0x0000000091900000, 0x0000000091900000| Complete 
| 282|0x0000000091a00000, 0x0000000091b00000, 0x0000000091b00000|100%| E|CS|TAMS 0x0000000091a00000, 0x0000000091a00000| Complete 
| 283|0x0000000091b00000, 0x0000000091c00000, 0x0000000091c00000|100%| E|CS|TAMS 0x0000000091b00000, 0x0000000091b00000| Complete 
| 284|0x0000000091c00000, 0x0000000091d00000, 0x0000000091d00000|100%| E|CS|TAMS 0x0000000091c00000, 0x0000000091c00000| Complete 
| 285|0x0000000091d00000, 0x0000000091e00000, 0x0000000091e00000|100%| E|CS|TAMS 0x0000000091d00000, 0x0000000091d00000| Complete 
| 286|0x0000000091e00000, 0x0000000091f00000, 0x0000000091f00000|100%| E|CS|TAMS 0x0000000091e00000, 0x0000000091e00000| Complete 
| 287|0x0000000091f00000, 0x0000000092000000, 0x0000000092000000|100%| E|CS|TAMS 0x0000000091f00000, 0x0000000091f00000| Complete 
| 288|0x0000000092000000, 0x0000000092100000, 0x0000000092100000|100%| E|CS|TAMS 0x0000000092000000, 0x0000000092000000| Complete 
| 289|0x0000000092100000, 0x0000000092200000, 0x0000000092200000|100%| E|CS|TAMS 0x0000000092100000, 0x0000000092100000| Complete 
| 290|0x0000000092200000, 0x0000000092300000, 0x0000000092300000|100%| E|CS|TAMS 0x0000000092200000, 0x0000000092200000| Complete 
| 291|0x0000000092300000, 0x0000000092400000, 0x0000000092400000|100%| E|CS|TAMS 0x0000000092300000, 0x0000000092300000| Complete 
| 292|0x0000000092400000, 0x0000000092500000, 0x0000000092500000|100%| E|CS|TAMS 0x0000000092400000, 0x0000000092400000| Complete 
| 293|0x0000000092500000, 0x0000000092600000, 0x0000000092600000|100%| E|CS|TAMS 0x0000000092500000, 0x0000000092500000| Complete 
| 294|0x0000000092600000, 0x0000000092700000, 0x0000000092700000|100%| E|CS|TAMS 0x0000000092600000, 0x0000000092600000| Complete 
| 295|0x0000000092700000, 0x0000000092800000, 0x0000000092800000|100%| E|CS|TAMS 0x0000000092700000, 0x0000000092700000| Complete 

Card table byte_map: [0x0000016745cf0000,0x00000167460f0000] _byte_map_base: 0x00000167458f0000

Marking Bits (Prev, Next): (CMBitMap*) 0x00000167325b0538, (CMBitMap*) 0x00000167325b0570
 Prev Bits: [0x00000167464f0000, 0x00000167484f0000)
 Next Bits: [0x00000167484f0000, 0x000001674a4f0000)

Polling page: 0x0000016731d50000

Metaspace:

Usage:
  Non-class:    104.91 MB capacity,   102.44 MB ( 98%) used,     2.01 MB (  2%) free+waste,   466.50 KB ( <1%) overhead. 
      Class:     16.27 MB capacity,    14.84 MB ( 91%) used,     1.22 MB (  8%) free+waste,   210.31 KB (  1%) overhead. 
       Both:    121.18 MB capacity,   117.29 MB ( 97%) used,     3.23 MB (  3%) free+waste,   676.81 KB ( <1%) overhead. 

Virtual space:
  Non-class space:      106.00 MB reserved,     105.02 MB (>99%) committed 
      Class space:        1.00 GB reserved,      16.38 MB (  2%) committed 
             Both:        1.10 GB reserved,     121.40 MB ( 11%) committed 

Chunk freelists:
   Non-Class:  1.00 KB
       Class:  0 bytes
        Both:  1.00 KB

MaxMetaspaceSize: 17179869184.00 GB
CompressedClassSpaceSize: 1.00 GB

CodeHeap 'non-profiled nmethods': size=119168Kb used=14488Kb max_used=14488Kb free=104679Kb
 bounds [0x000001673dc00000, 0x000001673ea30000, 0x0000016745060000]
CodeHeap 'profiled nmethods': size=119168Kb used=47575Kb max_used=47575Kb free=71592Kb
 bounds [0x00000167367a0000, 0x0000016739630000, 0x000001673dc00000]
CodeHeap 'non-nmethods': size=7424Kb used=4053Kb max_used=4117Kb free=3370Kb
 bounds [0x0000016736060000, 0x0000016736580000, 0x00000167367a0000]
 total_blobs=21945 nmethods=20952 adapters=899
 compilation: enabled
              stopped_count=0, restarted_count=0
 full_count=0

Compilation events (20 events):
Event: 1477.314 Thread 0x000001674eeb6000 21776       3       java.util.Formatter$FormatSpecifier::checkInteger (91 bytes)
Event: 1477.314 Thread 0x000001674de5b000 21777       3       java.util.Formatter$FormatSpecifier::printInteger (131 bytes)
Event: 1477.315 Thread 0x000001674eeb6000 nmethod 21776 0x000001673961d390 code [0x000001673961d5e0, 0x000001673961df48]
Event: 1477.315 Thread 0x000001674de5b000 nmethod 21777 0x000001673961e190 code [0x000001673961e440, 0x000001673961f328]
Event: 1477.346 Thread 0x000001675d633000 nmethod 21760 0x000001673ea0c290 code [0x000001673ea0c620, 0x000001673ea0f330]
Event: 1477.346 Thread 0x000001675d633000 21772       4       com.google.common.cache.LocalCache$LocalManualCache::get (23 bytes)
Event: 1477.348 Thread 0x000001675d633000 nmethod 21772 0x000001673ea11310 code [0x000001673ea114e0, 0x000001673ea117c8]
Event: 1477.348 Thread 0x000001675d633000 21775       4       java.io.ObjectInputStream$HandleTable::lookupException (29 bytes)
Event: 1477.349 Thread 0x000001675d633000 nmethod 21775 0x000001673ea11a90 code [0x000001673ea11c20, 0x000001673ea11cd8]
Event: 1477.349 Thread 0x000001675d633000 21771       4       org.gradle.api.internal.file.AbstractFileCollection::iterator (10 bytes)
Event: 1477.361 Thread 0x000001675d633000 nmethod 21771 0x000001673ea11d90 code [0x000001673ea11fa0, 0x000001673ea12a58]
Event: 1477.367 Thread 0x000001675d633800 nmethod 21569 0x000001673ea12f90 code [0x000001673ea134c0, 0x000001673ea19808]
Event: 1477.399 Thread 0x000001674de56800 nmethod 21541 0x000001673ea1c090 code [0x000001673ea1c6a0, 0x000001673ea23a40]
Event: 1477.445 Thread 0x000001674eebb800 21778       3       sun.rmi.transport.StreamRemoteCall::getInputStream (60 bytes)
Event: 1477.445 Thread 0x000001675d633000 21779       4       java.util.HashMap::<init> (8 bytes)
Event: 1477.445 Thread 0x000001675d633800 21780   !   4       java.io.ObjectInputStream::readObject0 (671 bytes)
Event: 1477.446 Thread 0x000001675d633000 nmethod 21779 0x000001673ea26c90 code [0x000001673ea26e20, 0x000001673ea26ed8]
Event: 1477.447 Thread 0x000001674eeb5000 21781       3       java.io.FilterInputStream::read (8 bytes)
Event: 1477.447 Thread 0x000001674eeb5000 nmethod 21781 0x000001673961f610 code [0x000001673961f7c0, 0x000001673961f988]
Event: 1477.448 Thread 0x000001674eebb800 nmethod 21778 0x000001673961fa90 code [0x000001673961fd80, 0x0000016739620ba8]

GC Heap History (20 events):
Event: 5.234 GC heap before
{Heap before GC invocations=13 (full 0):
 garbage-first heap   total 251904K, used 165463K [0x0000000080000000, 0x0000000100000000)
  region size 1024K, 108 young (110592K), 7 survivors (7168K)
 Metaspace       used 86737K, capacity 89147K, committed 89252K, reserved 1126400K
  class space    used 11230K, capacity 12151K, committed 12160K, reserved 1048576K
}
Event: 5.243 GC heap after
{Heap after GC invocations=14 (full 0):
 garbage-first heap   total 251904K, used 71793K [0x0000000080000000, 0x0000000100000000)
  region size 1024K, 14 young (14336K), 14 survivors (14336K)
 Metaspace       used 86737K, capacity 89147K, committed 89252K, reserved 1126400K
  class space    used 11230K, capacity 12151K, committed 12160K, reserved 1048576K
}
Event: 5.626 GC heap before
{Heap before GC invocations=14 (full 0):
 garbage-first heap   total 251904K, used 173169K [0x0000000080000000, 0x0000000100000000)
  region size 1024K, 114 young (116736K), 14 survivors (14336K)
 Metaspace       used 87777K, capacity 90331K, committed 90404K, reserved 1128448K
  class space    used 11285K, capacity 12249K, committed 12288K, reserved 1048576K
}
Event: 5.637 GC heap after
{Heap after GC invocations=15 (full 0):
 garbage-first heap   total 251904K, used 78914K [0x0000000080000000, 0x0000000100000000)
  region size 1024K, 7 young (7168K), 7 survivors (7168K)
 Metaspace       used 87777K, capacity 90331K, committed 90404K, reserved 1128448K
  class space    used 11285K, capacity 12249K, committed 12288K, reserved 1048576K
}
Event: 6.170 GC heap before
{Heap before GC invocations=15 (full 0):
 garbage-first heap   total 251904K, used 180290K [0x0000000080000000, 0x0000000100000000)
  region size 1024K, 107 young (109568K), 7 survivors (7168K)
 Metaspace       used 93970K, capacity 96510K, committed 96676K, reserved 1132544K
  class space    used 12081K, capacity 13061K, committed 13184K, reserved 1048576K
}
Event: 6.176 GC heap after
{Heap after GC invocations=16 (full 0):
 garbage-first heap   total 303104K, used 83815K [0x0000000080000000, 0x0000000100000000)
  region size 1024K, 12 young (12288K), 12 survivors (12288K)
 Metaspace       used 93970K, capacity 96510K, committed 96676K, reserved 1132544K
  class space    used 12081K, capacity 13061K, committed 13184K, reserved 1048576K
}
Event: 11.576 GC heap before
{Heap before GC invocations=16 (full 0):
 garbage-first heap   total 303104K, used 205671K [0x0000000080000000, 0x0000000100000000)
  region size 1024K, 132 young (135168K), 12 survivors (12288K)
 Metaspace       used 106166K, capacity 109393K, committed 109476K, reserved 1144832K
  class space    used 13966K, capacity 15191K, committed 15232K, reserved 1048576K
}
Event: 11.584 GC heap after
{Heap after GC invocations=17 (full 0):
 garbage-first heap   total 303104K, used 89303K [0x0000000080000000, 0x0000000100000000)
  region size 1024K, 12 young (12288K), 12 survivors (12288K)
 Metaspace       used 106166K, capacity 109393K, committed 109476K, reserved 1144832K
  class space    used 13966K, capacity 15191K, committed 15232K, reserved 1048576K
}
Event: 12.097 GC heap before
{Heap before GC invocations=17 (full 0):
 garbage-first heap   total 303104K, used 158935K [0x0000000080000000, 0x0000000100000000)
  region size 1024K, 73 young (74752K), 12 survivors (12288K)
 Metaspace       used 111384K, capacity 114899K, committed 115048K, reserved 1148928K
  class space    used 14758K, capacity 16132K, committed 16256K, reserved 1048576K
}
Event: 12.105 GC heap after
{Heap after GC invocations=18 (full 0):
 garbage-first heap   total 303104K, used 93252K [0x0000000080000000, 0x0000000100000000)
  region size 1024K, 10 young (10240K), 10 survivors (10240K)
 Metaspace       used 111384K, capacity 114899K, committed 115048K, reserved 1148928K
  class space    used 14758K, capacity 16132K, committed 16256K, reserved 1048576K
}
Event: 545.464 GC heap before
{Heap before GC invocations=19 (full 0):
 garbage-first heap   total 303104K, used 222276K [0x0000000080000000, 0x0000000100000000)
  region size 1024K, 137 young (140288K), 10 survivors (10240K)
 Metaspace       used 115303K, capacity 118544K, committed 119448K, reserved 1153024K
  class space    used 14886K, capacity 16135K, committed 16512K, reserved 1048576K
}
Event: 545.489 GC heap after
{Heap after GC invocations=20 (full 0):
 garbage-first heap   total 303104K, used 103424K [0x0000000080000000, 0x0000000100000000)
  region size 1024K, 18 young (18432K), 18 survivors (18432K)
 Metaspace       used 115303K, capacity 118544K, committed 119448K, reserved 1153024K
  class space    used 14886K, capacity 16135K, committed 16512K, reserved 1048576K
}
Event: 583.094 GC heap before
{Heap before GC invocations=21 (full 0):
 garbage-first heap   total 303104K, used 250879K [0x0000000080000000, 0x0000000100000000)
  region size 1024K, 145 young (148480K), 18 survivors (18432K)
 Metaspace       used 116619K, capacity 119864K, committed 120728K, reserved 1153024K
  class space    used 14941K, capacity 16187K, committed 16512K, reserved 1048576K
}
Event: 583.106 GC heap after
{Heap after GC invocations=22 (full 0):
 garbage-first heap   total 303104K, used 110874K [0x0000000080000000, 0x0000000100000000)
  region size 1024K, 9 young (9216K), 9 survivors (9216K)
 Metaspace       used 116619K, capacity 119864K, committed 120728K, reserved 1153024K
  class space    used 14941K, capacity 16187K, committed 16512K, reserved 1048576K
}
Event: 1324.672 GC heap before
{Heap before GC invocations=22 (full 0):
 garbage-first heap   total 303104K, used 246042K [0x0000000080000000, 0x0000000100000000)
  region size 1024K, 133 young (136192K), 9 survivors (9216K)
 Metaspace       used 117476K, capacity 120792K, committed 121240K, reserved 1155072K
  class space    used 14966K, capacity 16232K, committed 16512K, reserved 1048576K
}
Event: 1324.674 GC heap after
{Heap after GC invocations=23 (full 0):
 garbage-first heap   total 303104K, used 105080K [0x0000000080000000, 0x0000000100000000)
  region size 1024K, 3 young (3072K), 3 survivors (3072K)
 Metaspace       used 117476K, capacity 120792K, committed 121240K, reserved 1155072K
  class space    used 14966K, capacity 16232K, committed 16512K, reserved 1048576K
}
Event: 1400.583 GC heap before
{Heap before GC invocations=23 (full 0):
 garbage-first heap   total 303104K, used 247416K [0x0000000080000000, 0x0000000100000000)
  region size 1024K, 134 young (137216K), 3 survivors (3072K)
 Metaspace       used 118211K, capacity 121601K, committed 122008K, reserved 1155072K
  class space    used 14982K, capacity 16260K, committed 16512K, reserved 1048576K
}
Event: 1400.586 GC heap after
{Heap after GC invocations=24 (full 0):
 garbage-first heap   total 303104K, used 107807K [0x0000000080000000, 0x0000000100000000)
  region size 1024K, 6 young (6144K), 6 survivors (6144K)
 Metaspace       used 118211K, capacity 121601K, committed 122008K, reserved 1155072K
  class space    used 14982K, capacity 16260K, committed 16512K, reserved 1048576K
}
Event: 1421.627 GC heap before
{Heap before GC invocations=24 (full 0):
 garbage-first heap   total 303104K, used 252191K [0x0000000080000000, 0x0000000100000000)
  region size 1024K, 139 young (142336K), 6 survivors (6144K)
 Metaspace       used 119167K, capacity 122796K, committed 123032K, reserved 1157120K
  class space    used 15066K, capacity 16414K, committed 16512K, reserved 1048576K
}
Event: 1421.632 GC heap after
{Heap after GC invocations=25 (full 0):
 garbage-first heap   total 303104K, used 109975K [0x0000000080000000, 0x0000000100000000)
  region size 1024K, 8 young (8192K), 8 survivors (8192K)
 Metaspace       used 119167K, capacity 122796K, committed 123032K, reserved 1157120K
  class space    used 15066K, capacity 16414K, committed 16512K, reserved 1048576K
}

Deoptimization events (20 events):
Event: 1477.314 Thread 0x000001674eec0800 Uncommon trap: trap_request=0xffffffd6 fr.pc=0x000001673e9d0654 relative=0x00000000000006f4
Event: 1477.314 Thread 0x000001674eec0800 Uncommon trap: reason=array_check action=maybe_recompile pc=0x000001673e9d0654 method=java.util.ComparableTimSort.binarySort([Ljava/lang/Object;III)V @ 215 c2
Event: 1477.314 Thread 0x000001674eec0800 DEOPT PACKING pc=0x000001673e9d0654 sp=0x00000028d46f9b20
Event: 1477.314 Thread 0x000001674eec0800 DEOPT UNPACKING pc=0x00000167360878af sp=0x00000028d46f9ac0 mode 2
Event: 1477.317 Thread 0x000001674eec0800 Uncommon trap: trap_request=0xffffff6e fr.pc=0x000001673e9c0678 relative=0x0000000000004b58
Event: 1477.317 Thread 0x000001674eec0800 Uncommon trap: reason=speculate_class_check action=maybe_recompile pc=0x000001673e9c0678 method=java.io.ObjectInputStream.readNonProxyDesc(Z)Ljava/io/ObjectStreamClass; @ 53 c2
Event: 1477.317 Thread 0x000001674eec0800 DEOPT PACKING pc=0x000001673e9c0678 sp=0x00000028d46f9690
Event: 1477.317 Thread 0x000001674eec0800 DEOPT UNPACKING pc=0x00000167360878af sp=0x00000028d46f9530 mode 2
Event: 1477.317 Thread 0x000001674eec0800 Uncommon trap: trap_request=0xffffff6e fr.pc=0x000001673e9c0678 relative=0x0000000000004b58
Event: 1477.317 Thread 0x000001674eec0800 Uncommon trap: reason=speculate_class_check action=maybe_recompile pc=0x000001673e9c0678 method=java.io.ObjectInputStream.readNonProxyDesc(Z)Ljava/io/ObjectStreamClass; @ 53 c2
Event: 1477.317 Thread 0x000001674eec0800 DEOPT PACKING pc=0x000001673e9c0678 sp=0x00000028d46f8820
Event: 1477.317 Thread 0x000001674eec0800 DEOPT UNPACKING pc=0x00000167360878af sp=0x00000028d46f86c0 mode 2
Event: 1477.318 Thread 0x000001674eec0800 Uncommon trap: trap_request=0xffffff6e fr.pc=0x000001673e9c0678 relative=0x0000000000004b58
Event: 1477.318 Thread 0x000001674eec0800 Uncommon trap: reason=speculate_class_check action=maybe_recompile pc=0x000001673e9c0678 method=java.io.ObjectInputStream.readNonProxyDesc(Z)Ljava/io/ObjectStreamClass; @ 53 c2
Event: 1477.318 Thread 0x000001674eec0800 DEOPT PACKING pc=0x000001673e9c0678 sp=0x00000028d46f9570
Event: 1477.318 Thread 0x000001674eec0800 DEOPT UNPACKING pc=0x00000167360878af sp=0x00000028d46f9410 mode 2
Event: 1477.318 Thread 0x000001674eec0800 Uncommon trap: trap_request=0xffffff6e fr.pc=0x000001673e9c0678 relative=0x0000000000004b58
Event: 1477.318 Thread 0x000001674eec0800 Uncommon trap: reason=speculate_class_check action=maybe_recompile pc=0x000001673e9c0678 method=java.io.ObjectInputStream.readNonProxyDesc(Z)Ljava/io/ObjectStreamClass; @ 53 c2
Event: 1477.318 Thread 0x000001674eec0800 DEOPT PACKING pc=0x000001673e9c0678 sp=0x00000028d46f9200
Event: 1477.318 Thread 0x000001674eec0800 DEOPT UNPACKING pc=0x00000167360878af sp=0x00000028d46f90a0 mode 2

Classes redefined (0 events):
No events

Internal exceptions (20 events):
Event: 1420.777 Thread 0x000001674eeb3800 Exception <a 'sun/nio/fs/WindowsException'{0x000000008c27d200}> (0x000000008c27d200) thrown at [./src/hotspot/share/prims/jni.cpp, line 615]
Event: 1420.780 Thread 0x000001674eeb3800 Exception <a 'sun/nio/fs/WindowsException'{0x000000008c119760}> (0x000000008c119760) thrown at [./src/hotspot/share/prims/jni.cpp, line 615]
Event: 1420.780 Thread 0x000001674eeb3800 Exception <a 'sun/nio/fs/WindowsException'{0x000000008c11a860}> (0x000000008c11a860) thrown at [./src/hotspot/share/prims/jni.cpp, line 615]
Event: 1420.780 Thread 0x000001674eeb3800 Exception <a 'sun/nio/fs/WindowsException'{0x000000008c11b9b0}> (0x000000008c11b9b0) thrown at [./src/hotspot/share/prims/jni.cpp, line 615]
Event: 1420.780 Thread 0x000001674eeb3800 Exception <a 'sun/nio/fs/WindowsException'{0x000000008c11cb00}> (0x000000008c11cb00) thrown at [./src/hotspot/share/prims/jni.cpp, line 615]
Event: 1420.795 Thread 0x000001674eeb3800 Exception <a 'sun/nio/fs/WindowsException'{0x000000008be22260}> (0x000000008be22260) thrown at [./src/hotspot/share/prims/jni.cpp, line 615]
Event: 1420.936 Thread 0x00000167577a9800 Exception <a 'java/lang/InterruptedException'{0x000000008a68b028}> (0x000000008a68b028) thrown at [./src/hotspot/share/runtime/objectMonitor.cpp, line 1635]
Event: 1421.654 Thread 0x00000167577ad000 Exception <a 'sun/nio/fs/WindowsException'{0x00000000920f7c88}> (0x00000000920f7c88) thrown at [./src/hotspot/share/prims/jni.cpp, line 615]
Event: 1421.682 Thread 0x00000167577ad000 Exception <a 'sun/nio/fs/WindowsException'{0x00000000918e65a0}> (0x00000000918e65a0) thrown at [./src/hotspot/share/prims/jni.cpp, line 615]
Event: 1421.699 Thread 0x0000016758346800 Exception <a 'sun/nio/fs/WindowsException'{0x00000000916d5600}> (0x00000000916d5600) thrown at [./src/hotspot/share/prims/jni.cpp, line 615]
Event: 1421.707 Thread 0x0000016758346800 Exception <a 'sun/nio/fs/WindowsException'{0x0000000091467678}> (0x0000000091467678) thrown at [./src/hotspot/share/prims/jni.cpp, line 615]
Event: 1421.832 Thread 0x0000016751526800 Exception <a 'sun/nio/fs/WindowsException'{0x00000000904536c8}> (0x00000000904536c8) thrown at [./src/hotspot/share/prims/jni.cpp, line 615]
Event: 1477.072 Thread 0x000001674eeb3800 Exception <a 'sun/nio/fs/WindowsException'{0x000000008eef5db8}> (0x000000008eef5db8) thrown at [./src/hotspot/share/prims/jni.cpp, line 615]
Event: 1477.118 Thread 0x000001674eeb3800 Exception <a 'sun/nio/fs/WindowsException'{0x000000008e33e908}> (0x000000008e33e908) thrown at [./src/hotspot/share/prims/jni.cpp, line 615]
Event: 1477.121 Thread 0x000001674eeb3800 Exception <a 'sun/nio/fs/WindowsException'{0x000000008e3daee0}> (0x000000008e3daee0) thrown at [./src/hotspot/share/prims/jni.cpp, line 615]
Event: 1477.121 Thread 0x000001674eeb3800 Exception <a 'sun/nio/fs/WindowsException'{0x000000008e3dbfe0}> (0x000000008e3dbfe0) thrown at [./src/hotspot/share/prims/jni.cpp, line 615]
Event: 1477.121 Thread 0x000001674eeb3800 Exception <a 'sun/nio/fs/WindowsException'{0x000000008e3dd130}> (0x000000008e3dd130) thrown at [./src/hotspot/share/prims/jni.cpp, line 615]
Event: 1477.121 Thread 0x000001674eeb3800 Exception <a 'sun/nio/fs/WindowsException'{0x000000008e3de280}> (0x000000008e3de280) thrown at [./src/hotspot/share/prims/jni.cpp, line 615]
Event: 1477.162 Thread 0x000001674eeb3800 Exception <a 'sun/nio/fs/WindowsException'{0x000000008deeedb0}> (0x000000008deeedb0) thrown at [./src/hotspot/share/prims/jni.cpp, line 615]
Event: 1477.318 Thread 0x00000167577b0000 Exception <a 'java/lang/InterruptedException'{0x000000008c48f928}> (0x000000008c48f928) thrown at [./src/hotspot/share/runtime/objectMonitor.cpp, line 1635]

Events (20 events):
Event: 1477.446 Executing VM operation: RevokeBias
Event: 1477.446 Executing VM operation: RevokeBias done
Event: 1477.446 Executing VM operation: RevokeBias
Event: 1477.446 Executing VM operation: RevokeBias done
Event: 1477.446 Executing VM operation: RevokeBias
Event: 1477.446 Executing VM operation: RevokeBias done
Event: 1477.446 Executing VM operation: RevokeBias
Event: 1477.447 Executing VM operation: RevokeBias done
Event: 1477.447 Executing VM operation: RevokeBias
Event: 1477.447 Executing VM operation: RevokeBias done
Event: 1477.447 Executing VM operation: RevokeBias
Event: 1477.447 Executing VM operation: RevokeBias done
Event: 1477.447 Executing VM operation: RevokeBias
Event: 1477.447 Executing VM operation: RevokeBias done
Event: 1477.447 Executing VM operation: RevokeBias
Event: 1477.447 Executing VM operation: RevokeBias done
Event: 1477.447 Executing VM operation: RevokeBias
Event: 1477.447 Executing VM operation: RevokeBias done
Event: 1477.447 Executing VM operation: RevokeBias
Event: 1477.447 Executing VM operation: RevokeBias done


Dynamic libraries:
0x00007ff629880000 - 0x00007ff62988a000 	C:\Program Files\Android\Android Studio1\jre\bin\java.exe
0x00007ffaf9290000 - 0x00007ffaf9485000 	C:\Windows\SYSTEM32\ntdll.dll
0x00007ffaf8110000 - 0x00007ffaf81ce000 	C:\Windows\System32\KERNEL32.DLL
0x00007ffaf6d80000 - 0x00007ffaf7049000 	C:\Windows\System32\KERNELBASE.dll
0x00007ffaf6a40000 - 0x00007ffaf6b40000 	C:\Windows\System32\ucrtbase.dll
0x00007ffae6190000 - 0x00007ffae61a9000 	C:\Program Files\Android\Android Studio1\jre\bin\jli.dll
0x00007ffaf1fe0000 - 0x00007ffaf1ff7000 	C:\Program Files\Android\Android Studio1\jre\bin\VCRUNTIME140.dll
0x00007ffaf90a0000 - 0x00007ffaf9241000 	C:\Windows\System32\USER32.dll
0x00007ffaf72b0000 - 0x00007ffaf72d2000 	C:\Windows\System32\win32u.dll
0x00007ffae4af0000 - 0x00007ffae4d8a000 	C:\Windows\WinSxS\amd64_microsoft.windows.common-controls_6595b64144ccf1df_6.0.19041.1110_none_60b5254171f9507e\COMCTL32.dll
0x00007ffaf8b00000 - 0x00007ffaf8b2b000 	C:\Windows\System32\GDI32.dll
0x00007ffaf7c10000 - 0x00007ffaf7cae000 	C:\Windows\System32\msvcrt.dll
0x00007ffaf7050000 - 0x00007ffaf715b000 	C:\Windows\System32\gdi32full.dll
0x00007ffaf71c0000 - 0x00007ffaf725d000 	C:\Windows\System32\msvcp_win.dll
0x00007ffaf72e0000 - 0x00007ffaf7310000 	C:\Windows\System32\IMM32.DLL
0x00007ffae63e0000 - 0x00007ffae647d000 	C:\Program Files\Android\Android Studio1\jre\bin\msvcp140.dll
0x00007ffaa26e0000 - 0x00007ffaa31af000 	C:\Program Files\Android\Android Studio1\jre\bin\server\jvm.dll
0x00007ffaf87e0000 - 0x00007ffaf888c000 	C:\Windows\System32\ADVAPI32.dll
0x00007ffaf7b70000 - 0x00007ffaf7c0b000 	C:\Windows\System32\sechost.dll
0x00007ffaf89d0000 - 0x00007ffaf8afa000 	C:\Windows\System32\RPCRT4.dll
0x00007ffaf7cb0000 - 0x00007ffaf7cb8000 	C:\Windows\System32\PSAPI.DLL
0x00007ffaf2440000 - 0x00007ffaf2449000 	C:\Windows\SYSTEM32\WSOCK32.dll
0x00007ffadf470000 - 0x00007ffadf497000 	C:\Windows\SYSTEM32\WINMM.dll
0x00007ffaf8550000 - 0x00007ffaf85bb000 	C:\Windows\System32\WS2_32.dll
0x00007ffaf18c0000 - 0x00007ffaf18ca000 	C:\Windows\SYSTEM32\VERSION.dll
0x00007ffaf48d0000 - 0x00007ffaf48e2000 	C:\Windows\SYSTEM32\kernel.appcore.dll
0x00007ffaf1a60000 - 0x00007ffaf1a71000 	C:\Program Files\Android\Android Studio1\jre\bin\verify.dll
0x00007ffade100000 - 0x00007ffade2e4000 	C:\Windows\SYSTEM32\DBGHELP.DLL
0x00007ffaddc10000 - 0x00007ffaddc3c000 	C:\Windows\SYSTEM32\dbgcore.DLL
0x00007ffaf69b0000 - 0x00007ffaf6a33000 	C:\Windows\System32\bcryptPrimitives.dll
0x00007ffaece80000 - 0x00007ffaecea9000 	C:\Program Files\Android\Android Studio1\jre\bin\java.dll
0x00007ffaf1e70000 - 0x00007ffaf1e7b000 	C:\Program Files\Android\Android Studio1\jre\bin\jimage.dll
0x00007ffae66d0000 - 0x00007ffae66e8000 	C:\Program Files\Android\Android Studio1\jre\bin\zip.dll
0x00007ffaf7430000 - 0x00007ffaf7b6f000 	C:\Windows\System32\SHELL32.dll
0x00007ffaf4ad0000 - 0x00007ffaf5260000 	C:\Windows\SYSTEM32\windows.storage.dll
0x00007ffaf81f0000 - 0x00007ffaf8545000 	C:\Windows\System32\combase.dll
0x00007ffaf6330000 - 0x00007ffaf635c000 	C:\Windows\SYSTEM32\Wldp.dll
0x00007ffaf8060000 - 0x00007ffaf810e000 	C:\Windows\System32\SHCORE.dll
0x00007ffaf73d0000 - 0x00007ffaf7425000 	C:\Windows\System32\shlwapi.dll
0x00007ffaf68f0000 - 0x00007ffaf690f000 	C:\Windows\SYSTEM32\profapi.dll
0x00007ffae66b0000 - 0x00007ffae66ca000 	C:\Program Files\Android\Android Studio1\jre\bin\net.dll
0x00007ffaf1900000 - 0x00007ffaf1a08000 	C:\Windows\SYSTEM32\WINHTTP.dll
0x00007ffaf6090000 - 0x00007ffaf60fa000 	C:\Windows\system32\mswsock.dll
0x00007ffae6690000 - 0x00007ffae66a4000 	C:\Program Files\Android\Android Studio1\jre\bin\nio.dll
0x00007ffae3880000 - 0x00007ffae38a7000 	C:\Users\Administrator\.gradle\native\8bec1ad78214c89d9ad589b4d07fe93259594b29d510b10fafb7a158f7737e5d\windows-amd64\native-platform.dll
0x00007ffad6580000 - 0x00007ffad66bd000 	C:\Users\Administrator\.gradle\native\53dbd7edfb1c66fb8903c78663c9afc45aea4f116125fa6feffd364cf09443e8\windows-amd64\native-platform-file-events.dll
0x00007ffaf1a50000 - 0x00007ffaf1a5a000 	C:\Program Files\Android\Android Studio1\jre\bin\management.dll
0x00007ffaef9d0000 - 0x00007ffaef9dc000 	C:\Program Files\Android\Android Studio1\jre\bin\management_ext.dll
0x00007ffaf6280000 - 0x00007ffaf6298000 	C:\Windows\SYSTEM32\CRYPTSP.dll
0x00007ffaf5a10000 - 0x00007ffaf5a44000 	C:\Windows\system32\rsaenh.dll
0x00007ffaf6b40000 - 0x00007ffaf6b67000 	C:\Windows\System32\bcrypt.dll
0x00007ffaf68b0000 - 0x00007ffaf68de000 	C:\Windows\SYSTEM32\USERENV.dll
0x00007ffaf62a0000 - 0x00007ffaf62ac000 	C:\Windows\SYSTEM32\CRYPTBASE.dll
0x00007ffaf5d80000 - 0x00007ffaf5dbb000 	C:\Windows\SYSTEM32\IPHLPAPI.DLL
0x00007ffaf9090000 - 0x00007ffaf9098000 	C:\Windows\System32\NSI.dll
0x00007ffaf0770000 - 0x00007ffaf0787000 	C:\Windows\SYSTEM32\dhcpcsvc6.DLL
0x00007ffaf0750000 - 0x00007ffaf076d000 	C:\Windows\SYSTEM32\dhcpcsvc.DLL
0x00007ffaf5dc0000 - 0x00007ffaf5e8c000 	C:\Windows\SYSTEM32\DNSAPI.dll
0x00007ffae2320000 - 0x00007ffae233e000 	C:\Users\Administrator\AppData\Local\Temp\native-platform12574476779713929117dir\native-platform.dll
0x00007ffaf41f0000 - 0x00007ffaf41f8000 	C:\Program Files\Android\Android Studio1\jre\bin\rmi.dll
0x00007ffae6220000 - 0x00007ffae6247000 	C:\Program Files\Android\Android Studio1\jre\bin\sunec.dll

dbghelp: loaded successfully - version: 4.0.5 - missing functions: none
symbol engine: initialized successfully - sym options: 0x614 - pdb path: .;C:\Program Files\Android\Android Studio1\jre\bin;C:\Windows\SYSTEM32;C:\Windows\WinSxS\amd64_microsoft.windows.common-controls_6595b64144ccf1df_6.0.19041.1110_none_60b5254171f9507e;C:\Program Files\Android\Android Studio1\jre\bin\server;C:\Users\Administrator\.gradle\native\8bec1ad78214c89d9ad589b4d07fe93259594b29d510b10fafb7a158f7737e5d\windows-amd64;C:\Users\Administrator\.gradle\native\53dbd7edfb1c66fb8903c78663c9afc45aea4f116125fa6feffd364cf09443e8\windows-amd64;C:\Users\Administrator\AppData\Local\Temp\native-platform12574476779713929117dir

VM Arguments:
jvm_args: --add-opens=java.base/java.util=ALL-UNNAMED --add-opens=java.base/java.lang=ALL-UNNAMED --add-opens=java.base/java.lang.invoke=ALL-UNNAMED --add-opens=java.base/java.util=ALL-UNNAMED --add-opens=java.prefs/java.util.prefs=ALL-UNNAMED --add-opens=java.prefs/java.util.prefs=ALL-UNNAMED --add-opens=java.base/java.nio.charset=ALL-UNNAMED --add-opens=java.base/java.net=ALL-UNNAMED --add-opens=java.base/java.util.concurrent.atomic=ALL-UNNAMED -Xmx2048m -Dfile.encoding=UTF-8 -Duser.country=KR -Duser.language=ko -Duser.variant 
java_command: org.gradle.launcher.daemon.bootstrap.GradleDaemon 7.0.2
java_class_path (initial): C:\Users\Administrator\.gradle\wrapper\dists\gradle-7.0.2-bin\857tjihv64xamwrf0h14cai3r\gradle-7.0.2\lib\gradle-launcher-7.0.2.jar
Launcher Type: SUN_STANDARD

[Global flags]
     intx CICompilerCount                          = 12                                        {product} {ergonomic}
     uint ConcGCThreads                            = 3                                         {product} {ergonomic}
     uint G1ConcRefinementThreads                  = 13                                        {product} {ergonomic}
   size_t G1HeapRegionSize                         = 1048576                                   {product} {ergonomic}
    uintx GCDrainStackTargetSize                   = 64                                        {product} {ergonomic}
   size_t InitialHeapSize                          = 257949696                                 {product} {ergonomic}
   size_t MarkStackSize                            = 4194304                                   {product} {ergonomic}
   size_t MaxHeapSize                              = 2147483648                                {product} {command line}
   size_t MaxNewSize                               = 1287651328                                {product} {ergonomic}
   size_t MinHeapDeltaBytes                        = 1048576                                   {product} {ergonomic}
    uintx NonNMethodCodeHeapSize                   = 7594288                                {pd product} {ergonomic}
    uintx NonProfiledCodeHeapSize                  = 122031976                              {pd product} {ergonomic}
    uintx ProfiledCodeHeapSize                     = 122031976                              {pd product} {ergonomic}
    uintx ReservedCodeCacheSize                    = 251658240                              {pd product} {ergonomic}
     bool SegmentedCodeCache                       = true                                      {product} {ergonomic}
     bool UseCompressedClassPointers               = true                                 {lp64_product} {ergonomic}
     bool UseCompressedOops                        = true                                 {lp64_product} {ergonomic}
     bool UseG1GC                                  = true                                      {product} {ergonomic}
     bool UseLargePagesIndividualAllocation        = false                                  {pd product} {ergonomic}

Logging:
Log output configuration:
 #0: stdout all=warning uptime,level,tags
 #1: stderr all=off uptime,level,tags

Environment Variables:
PATH=C:\Windows\system32;C:\Windows;C:\Windows\System32\Wbem;C:\Windows\System32\WindowsPowerShell\v1.0\;C:\Windows\System32\OpenSSH\;C:\Users\Administrator\AppData\Local\Microsoft\WindowsApps;
USERNAME=Administrator
OS=Windows_NT
PROCESSOR_IDENTIFIER=Intel64 Family 6 Model 165 Stepping 5, GenuineIntel



---------------  S Y S T E M  ---------------

OS: Windows 10 , 64 bit Build 19041 (10.0.19041.1202)
OS uptime: 2 days 17:01 hours

CPU:total 16 (initial active 16) (8 cores per cpu, 2 threads per core) family 6 model 165 stepping 5 microcode 0xe2, cmov, cx8, fxsr, mmx, sse, sse2, sse3, ssse3, sse4.1, sse4.2, popcnt, avx, avx2, aes, clmul, erms, 3dnowpref, lzcnt, ht, tsc, tscinvbit, bmi1, bmi2, adx, fma

Memory: 4k page, system-wide physical 15735M (623M free)
TotalPageFile size 15735M (AvailPageFile size 5M)
current process WorkingSet (physical memory assigned to process): 568M, peak: 667M
current process commit charge ("private bytes"): 731M, peak: 750M

vm_info: OpenJDK 64-Bit Server VM (11.0.10+0-b96-7249189) for windows-amd64 JRE (11.0.10+0-b96-7249189), built on Mar 31 2021 21:44:00 by "builder" with MS VC++ 14.0 (VS2015)

END.
