#
# There is insufficient memory for the Java Runtime Environment to continue.
# Native memory allocation (malloc) failed to allocate 538096 bytes for Chunk::new
# Possible reasons:
#   The system is out of physical RAM or swap space
#   The process is running with CompressedOops enabled, and the Java Heap may be blocking the growth of the native heap
# Possible solutions:
#   Reduce memory load on the system
#   Increase physical memory or swap space
#   Check if swap backing store is full
#   Decrease Java heap size (-Xmx/-Xms)
#   Decrease number of Java threads
#   Decrease Java thread stack sizes (-Xss)
#   Set larger code cache with -XX:ReservedCodeCacheSize=
#   JVM is running with Unscaled Compressed Oops mode in which the Java heap is
#     placed in the first 4GB address space. The Java Heap base address is the
#     maximum limit for the native heap growth. Please use -XX:HeapBaseMinAddress
#     to set the Java Heap base and to place the Java Heap above 4GB virtual address.
# This output file may be truncated or incomplete.
#
#  Out of Memory Error (./src/hotspot/share/memory/arena.cpp:197), pid=7732, tid=3580
#
# JRE version: OpenJDK Runtime Environment (11.0.10) (build 11.0.10+0-b96-7249189)
# Java VM: OpenJDK 64-Bit Server VM (11.0.10+0-b96-7249189, mixed mode, tiered, compressed oops, g1 gc, windows-amd64)
# No core dump will be written. Minidumps are not enabled by default on client versions of Windows
#

---------------  S U M M A R Y ------------

Command Line: --add-opens=java.base/java.util=ALL-UNNAMED --add-opens=java.base/java.lang=ALL-UNNAMED --add-opens=java.base/java.lang.invoke=ALL-UNNAMED --add-opens=java.base/java.util=ALL-UNNAMED --add-opens=java.prefs/java.util.prefs=ALL-UNNAMED --add-opens=java.prefs/java.util.prefs=ALL-UNNAMED --add-opens=java.base/java.nio.charset=ALL-UNNAMED --add-opens=java.base/java.net=ALL-UNNAMED --add-opens=java.base/java.util.concurrent.atomic=ALL-UNNAMED -Xmx2048m -Dfile.encoding=UTF-8 -Duser.country=KR -Duser.language=ko -Duser.variant org.gradle.launcher.daemon.bootstrap.GradleDaemon 7.0.2

Host: Intel(R) Core(TM) i7-10700 CPU @ 2.90GHz, 16 cores, 15G,  Windows 10 , 64 bit Build 19041 (10.0.19041.1202)
Time: Mon Oct 11 17:55:55 2021 대한민국 표준시 elapsed time: 1683.042925 seconds (0d 0h 28m 3s)

---------------  T H R E A D  ---------------

Current thread (0x00000214268ac800):  JavaThread "C2 CompilerThread2" daemon [_thread_in_native, id=3580, stack(0x00000085a0900000,0x00000085a0a00000)]


Current CompileTask:
C2:1683042 16145       4       org.gradle.api.internal.attributes.DefaultAttributesSchema$MergedSchema::matchValue (138 bytes)

Stack: [0x00000085a0900000,0x00000085a0a00000]
Native frames: (J=compiled Java code, j=interpreted, Vv=VM code, C=native code)
V  [jvm.dll+0x5ecfaa]
V  [jvm.dll+0x722bd5]
V  [jvm.dll+0x72412d]
V  [jvm.dll+0x7247e3]
V  [jvm.dll+0x242928]
V  [jvm.dll+0xbc4fc]
V  [jvm.dll+0xbca0c]
V  [jvm.dll+0x352d3b]
V  [jvm.dll+0x320ad3]
V  [jvm.dll+0x31ffca]
V  [jvm.dll+0x1fb602]
V  [jvm.dll+0x1fa7f4]
V  [jvm.dll+0x18354c]
V  [jvm.dll+0x208ee7]
V  [jvm.dll+0x207731]
V  [jvm.dll+0x6eb1cf]
V  [jvm.dll+0x6e3d45]
V  [jvm.dll+0x5ebe96]
C  [ucrtbase.dll+0x21bb2]
C  [KERNEL32.DLL+0x17034]
C  [ntdll.dll+0x52651]


---------------  P R O C E S S  ---------------

Threads class SMR info:
_java_thread_list=0x0000021428e32f50, length=72, elements={
0x00000214036ea800, 0x0000021420e81800, 0x0000021420e84800, 0x0000021420ef8800,
0x0000021420ef9000, 0x0000021420efc000, 0x0000021420efd000, 0x0000021420f09800,
0x0000021420f17800, 0x000002142107d000, 0x0000021421fd3800, 0x0000021422629800,
0x0000021423325800, 0x000002142345d800, 0x000002142345e800, 0x0000021423461000,
0x0000021423462000, 0x000002142345f800, 0x00000214281a1800, 0x00000214281a4800,
0x00000214281a8000, 0x00000214281a6800, 0x00000214281a9000, 0x00000214285ab000,
0x00000214285ad800, 0x00000214285b1800, 0x00000214285b2800, 0x00000214285ad000,
0x00000214285b7800, 0x00000214285b3800, 0x00000214285b4000, 0x00000214285b6000,
0x00000214285b5000, 0x00000214285b6800, 0x00000214260dc000, 0x00000214260d9800,
0x00000214260db000, 0x00000214260dd800, 0x00000214268a3800, 0x00000214260e5000,
0x00000214281a3000, 0x00000214281a2800, 0x00000214281a4000, 0x00000214281a0800,
0x00000214281aa800, 0x00000214281af800, 0x00000214281ad800, 0x00000214281ae800,
0x00000214281a9800, 0x00000214281ad000, 0x00000214281ab000, 0x00000214281ac000,
0x00000214268a4800, 0x00000214268a5800, 0x00000214268a7000, 0x00000214268a3000,
0x00000214268a6000, 0x00000214268a1800, 0x00000214268a8000, 0x00000214268a2000,
0x00000214268ae800, 0x00000214268ad800, 0x00000214268ab000, 0x00000214268ac000,
0x00000214268a9800, 0x00000214268aa800, 0x00000214268ac800, 0x00000214268a8800,
0x00000214268af000, 0x00000214268b0000, 0x000002142b248800, 0x000002142b247000
}

Java Threads: ( => current thread )
  0x00000214036ea800 JavaThread "main" [_thread_blocked, id=10852, stack(0x000000859c600000,0x000000859c700000)]
  0x0000021420e81800 JavaThread "Reference Handler" daemon [_thread_blocked, id=9032, stack(0x000000859cd00000,0x000000859ce00000)]
  0x0000021420e84800 JavaThread "Finalizer" daemon [_thread_blocked, id=3792, stack(0x000000859ce00000,0x000000859cf00000)]
  0x0000021420ef8800 JavaThread "Signal Dispatcher" daemon [_thread_blocked, id=5456, stack(0x000000859cf00000,0x000000859d000000)]
  0x0000021420ef9000 JavaThread "Attach Listener" daemon [_thread_blocked, id=1988, stack(0x000000859d000000,0x000000859d100000)]
  0x0000021420efc000 JavaThread "Service Thread" daemon [_thread_blocked, id=7232, stack(0x000000859d100000,0x000000859d200000)]
  0x0000021420efd000 JavaThread "C2 CompilerThread0" daemon [_thread_in_native, id=7528, stack(0x000000859d200000,0x000000859d300000)]
  0x0000021420f09800 JavaThread "C1 CompilerThread0" daemon [_thread_blocked, id=9332, stack(0x000000859d300000,0x000000859d400000)]
  0x0000021420f17800 JavaThread "Sweeper thread" daemon [_thread_blocked, id=736, stack(0x000000859d400000,0x000000859d500000)]
  0x000002142107d000 JavaThread "Common-Cleaner" daemon [_thread_blocked, id=9420, stack(0x000000859d600000,0x000000859d700000)]
  0x0000021421fd3800 JavaThread "Daemon health stats" [_thread_blocked, id=9436, stack(0x000000859e100000,0x000000859e200000)]
  0x0000021422629800 JavaThread "Incoming local TCP Connector on port 57404" [_thread_in_native, id=9324, stack(0x000000859e200000,0x000000859e300000)]
  0x0000021423325800 JavaThread "Daemon periodic checks" [_thread_blocked, id=1152, stack(0x000000859e300000,0x000000859e400000)]
  0x000002142345d800 JavaThread "Cache worker for file hash cache (C:\Users\Administrator\.gradle\caches\7.0.2\fileHashes)" [_thread_blocked, id=4960, stack(0x000000859eb00000,0x000000859ec00000)]
  0x000002142345e800 JavaThread "File lock request listener" [_thread_in_native, id=4264, stack(0x000000859ec00000,0x000000859ed00000)]
  0x0000021423461000 JavaThread "Cache worker for journal cache (C:\Users\Administrator\.gradle\caches\journal-1)" [_thread_blocked, id=7976, stack(0x000000859f700000,0x000000859f800000)]
  0x0000021423462000 JavaThread "File watcher server" daemon [_thread_in_native, id=2772, stack(0x000000859f800000,0x000000859f900000)]
  0x000002142345f800 JavaThread "File watcher consumer" daemon [_thread_blocked, id=3784, stack(0x000000859f900000,0x000000859fa00000)]
  0x00000214281a1800 JavaThread "Cache worker for execution history cache (C:\Users\Administrator\.gradle\caches\7.0.2\executionHistory)" [_thread_blocked, id=5176, stack(0x000000859fd00000,0x000000859fe00000)]
  0x00000214281a4800 JavaThread "jar transforms" [_thread_blocked, id=10972, stack(0x00000085a0000000,0x00000085a0100000)]
  0x00000214281a8000 JavaThread "jar transforms Thread 2" [_thread_blocked, id=8520, stack(0x00000085a0100000,0x00000085a0200000)]
  0x00000214281a6800 JavaThread "Cache worker for file content cache (C:\Users\Administrator\.gradle\caches\7.0.2\fileContent)" [_thread_blocked, id=3848, stack(0x00000085a0200000,0x00000085a0300000)]
  0x00000214281a9000 JavaThread "jar transforms Thread 3" [_thread_blocked, id=7756, stack(0x00000085a0400000,0x00000085a0500000)]
  0x00000214285ab000 JavaThread "jar transforms Thread 4" [_thread_blocked, id=4376, stack(0x00000085a1600000,0x00000085a1700000)]
  0x00000214285ad800 JavaThread "jar transforms Thread 5" [_thread_blocked, id=11016, stack(0x00000085a1700000,0x00000085a1800000)]
  0x00000214285b1800 JavaThread "jar transforms Thread 6" [_thread_blocked, id=6404, stack(0x00000085a1800000,0x00000085a1900000)]
  0x00000214285b2800 JavaThread "jar transforms Thread 7" [_thread_blocked, id=6608, stack(0x00000085a1900000,0x00000085a1a00000)]
  0x00000214285ad000 JavaThread "jar transforms Thread 8" [_thread_blocked, id=9808, stack(0x00000085a1a00000,0x00000085a1b00000)]
  0x00000214285b7800 JavaThread "jar transforms Thread 9" [_thread_blocked, id=6384, stack(0x00000085a1b00000,0x00000085a1c00000)]
  0x00000214285b3800 JavaThread "jar transforms Thread 10" [_thread_blocked, id=2096, stack(0x00000085a1c00000,0x00000085a1d00000)]
  0x00000214285b4000 JavaThread "jar transforms Thread 11" [_thread_blocked, id=8084, stack(0x00000085a1d00000,0x00000085a1e00000)]
  0x00000214285b6000 JavaThread "jar transforms Thread 12" [_thread_blocked, id=10544, stack(0x00000085a1e00000,0x00000085a1f00000)]
  0x00000214285b5000 JavaThread "jar transforms Thread 13" [_thread_blocked, id=8840, stack(0x00000085a1f00000,0x00000085a2000000)]
  0x00000214285b6800 JavaThread "jar transforms Thread 14" [_thread_blocked, id=3908, stack(0x00000085a2000000,0x00000085a2100000)]
  0x00000214260dc000 JavaThread "jar transforms Thread 15" [_thread_blocked, id=7936, stack(0x00000085a2100000,0x00000085a2200000)]
  0x00000214260d9800 JavaThread "jar transforms Thread 16" [_thread_blocked, id=5464, stack(0x00000085a2200000,0x00000085a2300000)]
  0x00000214260db000 JavaThread "Memory manager" [_thread_blocked, id=3308, stack(0x00000085a2300000,0x00000085a2400000)]
  0x00000214260dd800 JavaThread "pool-3-thread-1" [_thread_blocked, id=4028, stack(0x00000085a2500000,0x00000085a2600000)]
  0x00000214268a3800 JavaThread "ForkJoinPool.commonPool-worker-7" daemon [_thread_blocked, id=9048, stack(0x00000085a4600000,0x00000085a4700000)]
  0x00000214260e5000 JavaThread "pool-8-thread-1" [_thread_blocked, id=11256, stack(0x00000085a2400000,0x00000085a2500000)]
  0x00000214281a3000 JavaThread "Daemon Thread 3" [_thread_blocked, id=10044, stack(0x000000859c300000,0x000000859c400000)]
  0x00000214281a2800 JavaThread "Handler for socket connection from /127.0.0.1:57404 to /127.0.0.1:58107" [_thread_in_native, id=3508, stack(0x000000859c400000,0x000000859c500000)]
  0x00000214281a4000 JavaThread "Cancel handler" [_thread_blocked, id=3452, stack(0x000000859c500000,0x000000859c600000)]
  0x00000214281a0800 JavaThread "Daemon worker Thread 3" [_thread_in_native, id=3764, stack(0x000000859d500000,0x000000859d600000)]
  0x00000214281aa800 JavaThread "Asynchronous log dispatcher for DefaultDaemonConnection: socket connection from /127.0.0.1:57404 to /127.0.0.1:58107" [_thread_blocked, id=4776, stack(0x000000859d800000,0x000000859d900000)]
  0x00000214281af800 JavaThread "Stdin handler" [_thread_blocked, id=6936, stack(0x000000859d900000,0x000000859da00000)]
  0x00000214281ad800 JavaThread "Daemon client event forwarder" [_thread_blocked, id=8, stack(0x000000859da00000,0x000000859db00000)]
  0x00000214281ae800 JavaThread "Cache worker for file hash cache (C:\Users\Administrator\AndroidStudioProjects\Viewpager_test3\.gradle\7.0.2\fileHashes)" [_thread_blocked, id=1364, stack(0x000000859df00000,0x000000859e000000)]
  0x00000214281a9800 JavaThread "C2 CompilerThread1" daemon [_thread_in_native, id=5744, stack(0x000000859e000000,0x000000859e100000)]
  0x00000214281ad000 JavaThread "Cache worker for checksums cache (C:\Users\Administrator\AndroidStudioProjects\Viewpager_test3\.gradle\checksums)" [_thread_blocked, id=9412, stack(0x000000859e400000,0x000000859e500000)]
  0x00000214281ab000 JavaThread "Cache worker for cache directory md-supplier (C:\Users\Administrator\.gradle\caches\7.0.2\md-supplier)" [_thread_blocked, id=1112, stack(0x000000859e500000,0x000000859e600000)]
  0x00000214281ac000 JavaThread "Cache worker for cache directory md-rule (C:\Users\Administrator\.gradle\caches\7.0.2\md-rule)" [_thread_blocked, id=3640, stack(0x000000859e600000,0x000000859e700000)]
  0x00000214268a4800 JavaThread "Cache worker for dependencies-accessors (C:\Users\Administrator\AndroidStudioProjects\Viewpager_test3\.gradle\7.0.2\dependencies-accessors)" [_thread_blocked, id=552, stack(0x000000859e700000,0x000000859e800000)]
  0x00000214268a5800 JavaThread "Cache worker for Build Output Cleanup Cache (C:\Users\Administrator\AndroidStudioProjects\Viewpager_test3\.gradle\buildOutputCleanup)" [_thread_blocked, id=7864, stack(0x000000859e800000,0x000000859e900000)]
  0x00000214268a7000 JavaThread "Build operations" [_thread_blocked, id=2484, stack(0x000000859e900000,0x000000859ea00000)]
  0x00000214268a3000 JavaThread "Build operations Thread 2" [_thread_blocked, id=3324, stack(0x000000859ea00000,0x000000859eb00000)]
  0x00000214268a6000 JavaThread "Build operations Thread 3" [_thread_blocked, id=2412, stack(0x000000859fa00000,0x000000859fb00000)]
  0x00000214268a1800 JavaThread "Build operations Thread 4" [_thread_blocked, id=1004, stack(0x000000859fb00000,0x000000859fc00000)]
  0x00000214268a8000 JavaThread "Build operations Thread 5" [_thread_blocked, id=8628, stack(0x000000859fc00000,0x000000859fd00000)]
  0x00000214268a2000 JavaThread "Build operations Thread 6" [_thread_blocked, id=10620, stack(0x000000859fe00000,0x000000859ff00000)]
  0x00000214268ae800 JavaThread "Build operations Thread 7" [_thread_blocked, id=10652, stack(0x000000859ff00000,0x00000085a0000000)]
  0x00000214268ad800 JavaThread "Build operations Thread 8" [_thread_blocked, id=7344, stack(0x00000085a0300000,0x00000085a0400000)]
  0x00000214268ab000 JavaThread "Build operations Thread 9" [_thread_blocked, id=8680, stack(0x00000085a0500000,0x00000085a0600000)]
  0x00000214268ac000 JavaThread "Build operations Thread 10" [_thread_blocked, id=2404, stack(0x00000085a0600000,0x00000085a0700000)]
  0x00000214268a9800 JavaThread "Build operations Thread 11" [_thread_blocked, id=2316, stack(0x00000085a0700000,0x00000085a0800000)]
  0x00000214268aa800 JavaThread "Build operations Thread 12" [_thread_blocked, id=1624, stack(0x00000085a0800000,0x00000085a0900000)]
=>0x00000214268ac800 JavaThread "C2 CompilerThread2" daemon [_thread_in_native, id=3580, stack(0x00000085a0900000,0x00000085a0a00000)]
  0x00000214268a8800 JavaThread "Build operations Thread 13" [_thread_blocked, id=5888, stack(0x00000085a0a00000,0x00000085a0b00000)]
  0x00000214268af000 JavaThread "Build operations Thread 14" [_thread_blocked, id=9648, stack(0x00000085a0b00000,0x00000085a0c00000)]
  0x00000214268b0000 JavaThread "Build operations Thread 15" [_thread_blocked, id=8516, stack(0x00000085a0c00000,0x00000085a0d00000)]
  0x000002142b248800 JavaThread "Build operations Thread 16" [_thread_blocked, id=7536, stack(0x00000085a0d00000,0x00000085a0e00000)]
  0x000002142b247000 JavaThread "C1 CompilerThread1" daemon [_thread_in_vm, id=7108, stack(0x00000085a0e00000,0x00000085a0f00000)]

Other Threads:
  0x0000021420e80000 VMThread "VM Thread" [stack: 0x000000859cc00000,0x000000859cd00000] [id=6176]
  0x00000214210d4000 WatcherThread [stack: 0x000000859d700000,0x000000859d800000] [id=4908]
  0x0000021403703800 GCTaskThread "GC Thread#0" [stack: 0x000000859c700000,0x000000859c800000] [id=5428]
  0x0000021421ddc800 GCTaskThread "GC Thread#1" [stack: 0x000000859db00000,0x000000859dc00000] [id=7632]
  0x0000021421845000 GCTaskThread "GC Thread#2" [stack: 0x000000859dc00000,0x000000859dd00000] [id=7944]
  0x0000021421b04800 GCTaskThread "GC Thread#3" [stack: 0x000000859dd00000,0x000000859de00000] [id=4764]
  0x0000021421b05000 GCTaskThread "GC Thread#4" [stack: 0x000000859de00000,0x000000859df00000] [id=8540]
  0x0000021422fa7000 GCTaskThread "GC Thread#5" [stack: 0x000000859ed00000,0x000000859ee00000] [id=4892]
  0x0000021423dfe000 GCTaskThread "GC Thread#6" [stack: 0x000000859ee00000,0x000000859ef00000] [id=8044]
  0x0000021423fd2000 GCTaskThread "GC Thread#7" [stack: 0x000000859ef00000,0x000000859f000000] [id=5964]
  0x0000021423c53000 GCTaskThread "GC Thread#8" [stack: 0x000000859f000000,0x000000859f100000] [id=7204]
  0x000002142369b000 GCTaskThread "GC Thread#9" [stack: 0x000000859f100000,0x000000859f200000] [id=10844]
  0x00000214237a4000 GCTaskThread "GC Thread#10" [stack: 0x000000859f200000,0x000000859f300000] [id=6300]
  0x000002142359c800 GCTaskThread "GC Thread#11" [stack: 0x000000859f300000,0x000000859f400000] [id=5860]
  0x0000021423533800 GCTaskThread "GC Thread#12" [stack: 0x000000859f400000,0x000000859f500000] [id=9520]
  0x0000021403736800 ConcurrentGCThread "G1 Main Marker" [stack: 0x000000859c800000,0x000000859c900000] [id=1172]
  0x0000021403738800 ConcurrentGCThread "G1 Conc#0" [stack: 0x000000859c900000,0x000000859ca00000] [id=3568]
  0x0000021421465800 ConcurrentGCThread "G1 Conc#1" [stack: 0x000000859f500000,0x000000859f600000] [id=1964]
  0x00000214234b9000 ConcurrentGCThread "G1 Conc#2" [stack: 0x000000859f600000,0x000000859f700000] [id=8624]
  0x00000214204cb800 ConcurrentGCThread "G1 Refine#0" [stack: 0x000000859ca00000,0x000000859cb00000] [id=10080]
  0x00000214277b3000 ConcurrentGCThread "G1 Refine#1" [stack: 0x00000085a2900000,0x00000085a2a00000] [id=5396]
  0x00000214204cc000 ConcurrentGCThread "G1 Young RemSet Sampling" [stack: 0x000000859cb00000,0x000000859cc00000] [id=8460]

Threads with active compile tasks:
C2 CompilerThread01683065 16119       4       org.gradle.internal.component.model.ComponentAttributeMatcher::match (259 bytes)
C2 CompilerThread11683065 16149       4       org.gradle.tooling.internal.provider.runner.SubtreeFilteringBuildOperationListener::started (118 bytes)
C2 CompilerThread21683065 16145       4       org.gradle.api.internal.attributes.DefaultAttributesSchema$MergedSchema::matchValue (138 bytes)

VM state:not at safepoint (normal execution)

VM Mutex/Monitor currently owned by a thread: None

Heap address: 0x0000000080000000, size: 2048 MB, Compressed Oops mode: 32-bit
Narrow klass base: 0x0000000000000000, Narrow klass shift: 3
Compressed class space size: 1073741824 Address: 0x0000000100000000

Heap:
 garbage-first heap   total 251904K, used 166799K [0x0000000080000000, 0x0000000100000000)
  region size 1024K, 84 young (86016K), 12 survivors (12288K)
 Metaspace       used 104242K, capacity 107044K, committed 107300K, reserved 1142784K
  class space    used 13000K, capacity 14044K, committed 14080K, reserved 1048576K
Heap Regions: E=young(eden), S=young(survivor), O=old, HS=humongous(starts), HC=humongous(continues), CS=collection set, F=free, A=archive, TAMS=top-at-mark-start (previous, next)
|   0|0x0000000080000000, 0x0000000080100000, 0x0000000080100000|100%| O|  |TAMS 0x0000000080100000, 0x0000000080000000| Untracked 
|   1|0x0000000080100000, 0x0000000080200000, 0x0000000080200000|100%| O|  |TAMS 0x0000000080200000, 0x0000000080100000| Untracked 
|   2|0x0000000080200000, 0x0000000080300000, 0x0000000080300000|100%| O|  |TAMS 0x0000000080300000, 0x0000000080200000| Untracked 
|   3|0x0000000080300000, 0x0000000080400000, 0x0000000080400000|100%|HS|  |TAMS 0x0000000080400000, 0x0000000080300000| Complete 
|   4|0x0000000080400000, 0x0000000080500000, 0x0000000080500000|100%|HC|  |TAMS 0x0000000080500000, 0x0000000080400000| Complete 
|   5|0x0000000080500000, 0x0000000080600000, 0x0000000080600000|100%|HC|  |TAMS 0x0000000080600000, 0x0000000080500000| Complete 
|   6|0x0000000080600000, 0x0000000080700000, 0x0000000080700000|100%| O|  |TAMS 0x0000000080700000, 0x0000000080600000| Untracked 
|   7|0x0000000080700000, 0x0000000080800000, 0x0000000080800000|100%| O|  |TAMS 0x0000000080800000, 0x0000000080700000| Untracked 
|   8|0x0000000080800000, 0x0000000080900000, 0x0000000080900000|100%| O|  |TAMS 0x0000000080900000, 0x0000000080800000| Untracked 
|   9|0x0000000080900000, 0x0000000080a00000, 0x0000000080a00000|100%| O|  |TAMS 0x0000000080a00000, 0x0000000080900000| Untracked 
|  10|0x0000000080a00000, 0x0000000080b00000, 0x0000000080b00000|100%| O|  |TAMS 0x0000000080b00000, 0x0000000080a00000| Untracked 
|  11|0x0000000080b00000, 0x0000000080c00000, 0x0000000080c00000|100%| O|  |TAMS 0x0000000080c00000, 0x0000000080b00000| Untracked 
|  12|0x0000000080c00000, 0x0000000080d00000, 0x0000000080d00000|100%| O|  |TAMS 0x0000000080d00000, 0x0000000080c00000| Untracked 
|  13|0x0000000080d00000, 0x0000000080e00000, 0x0000000080e00000|100%| O|  |TAMS 0x0000000080e00000, 0x0000000080d00000| Untracked 
|  14|0x0000000080e00000, 0x0000000080f00000, 0x0000000080f00000|100%| O|  |TAMS 0x0000000080f00000, 0x0000000080e00000| Untracked 
|  15|0x0000000080f00000, 0x0000000081000000, 0x0000000081000000|100%| O|  |TAMS 0x0000000081000000, 0x0000000080f00000| Untracked 
|  16|0x0000000081000000, 0x0000000081100000, 0x0000000081100000|100%| O|  |TAMS 0x0000000081100000, 0x0000000081000000| Untracked 
|  17|0x0000000081100000, 0x0000000081200000, 0x0000000081200000|100%|HS|  |TAMS 0x0000000081200000, 0x0000000081100000| Complete 
|  18|0x0000000081200000, 0x0000000081300000, 0x0000000081300000|100%|HS|  |TAMS 0x0000000081300000, 0x0000000081200000| Complete 
|  19|0x0000000081300000, 0x0000000081400000, 0x0000000081400000|100%|HS|  |TAMS 0x0000000081400000, 0x0000000081300000| Complete 
|  20|0x0000000081400000, 0x0000000081500000, 0x0000000081500000|100%|HS|  |TAMS 0x0000000081500000, 0x0000000081400000| Complete 
|  21|0x0000000081500000, 0x0000000081600000, 0x0000000081600000|100%|HC|  |TAMS 0x0000000081600000, 0x0000000081500000| Complete 
|  22|0x0000000081600000, 0x0000000081700000, 0x0000000081700000|100%|HC|  |TAMS 0x0000000081700000, 0x0000000081600000| Complete 
|  23|0x0000000081700000, 0x0000000081800000, 0x0000000081800000|100%|HS|  |TAMS 0x0000000081800000, 0x0000000081700000| Complete 
|  24|0x0000000081800000, 0x0000000081900000, 0x0000000081900000|100%|HC|  |TAMS 0x0000000081900000, 0x0000000081800000| Complete 
|  25|0x0000000081900000, 0x0000000081a00000, 0x0000000081a00000|100%| O|  |TAMS 0x0000000081a00000, 0x0000000081900000| Untracked 
|  26|0x0000000081a00000, 0x0000000081b00000, 0x0000000081b00000|100%| O|  |TAMS 0x0000000081b00000, 0x0000000081a00000| Untracked 
|  27|0x0000000081b00000, 0x0000000081c00000, 0x0000000081c00000|100%| O|  |TAMS 0x0000000081c00000, 0x0000000081b00000| Untracked 
|  28|0x0000000081c00000, 0x0000000081d00000, 0x0000000081d00000|100%| O|  |TAMS 0x0000000081d00000, 0x0000000081c00000| Untracked 
|  29|0x0000000081d00000, 0x0000000081e00000, 0x0000000081e00000|100%| O|  |TAMS 0x0000000081e00000, 0x0000000081d00000| Untracked 
|  30|0x0000000081e00000, 0x0000000081f00000, 0x0000000081f00000|100%| O|  |TAMS 0x0000000081f00000, 0x0000000081e00000| Untracked 
|  31|0x0000000081f00000, 0x0000000082000000, 0x0000000082000000|100%| O|  |TAMS 0x0000000082000000, 0x0000000081f00000| Untracked 
|  32|0x0000000082000000, 0x0000000082100000, 0x0000000082100000|100%| O|  |TAMS 0x0000000082100000, 0x0000000082000000| Untracked 
|  33|0x0000000082100000, 0x0000000082200000, 0x0000000082200000|100%| O|  |TAMS 0x0000000082200000, 0x0000000082100000| Untracked 
|  34|0x0000000082200000, 0x0000000082300000, 0x0000000082300000|100%| O|  |TAMS 0x0000000082300000, 0x0000000082200000| Untracked 
|  35|0x0000000082300000, 0x0000000082400000, 0x0000000082400000|100%| O|  |TAMS 0x0000000082400000, 0x0000000082300000| Untracked 
|  36|0x0000000082400000, 0x0000000082500000, 0x0000000082500000|100%| O|  |TAMS 0x0000000082500000, 0x0000000082400000| Untracked 
|  37|0x0000000082500000, 0x0000000082600000, 0x0000000082600000|100%| O|  |TAMS 0x0000000082600000, 0x0000000082500000| Untracked 
|  38|0x0000000082600000, 0x0000000082700000, 0x0000000082700000|100%| O|  |TAMS 0x0000000082700000, 0x0000000082600000| Untracked 
|  39|0x0000000082700000, 0x0000000082800000, 0x0000000082800000|100%| O|  |TAMS 0x0000000082800000, 0x0000000082700000| Untracked 
|  40|0x0000000082800000, 0x0000000082900000, 0x0000000082900000|100%| O|  |TAMS 0x0000000082900000, 0x0000000082800000| Untracked 
|  41|0x0000000082900000, 0x0000000082a00000, 0x0000000082a00000|100%| O|  |TAMS 0x0000000082a00000, 0x0000000082900000| Untracked 
|  42|0x0000000082a00000, 0x0000000082b00000, 0x0000000082b00000|100%| O|  |TAMS 0x0000000082b00000, 0x0000000082a00000| Untracked 
|  43|0x0000000082b00000, 0x0000000082c00000, 0x0000000082c00000|100%| O|  |TAMS 0x0000000082c00000, 0x0000000082b00000| Untracked 
|  44|0x0000000082c00000, 0x0000000082d00000, 0x0000000082d00000|100%| O|  |TAMS 0x0000000082d00000, 0x0000000082c00000| Untracked 
|  45|0x0000000082d00000, 0x0000000082e00000, 0x0000000082e00000|100%| O|  |TAMS 0x0000000082e00000, 0x0000000082d00000| Untracked 
|  46|0x0000000082e00000, 0x0000000082f00000, 0x0000000082f00000|100%| O|  |TAMS 0x0000000082f00000, 0x0000000082e00000| Untracked 
|  47|0x0000000082f00000, 0x0000000083000000, 0x0000000083000000|100%| O|  |TAMS 0x0000000082f47200, 0x0000000082f00000| Untracked 
|  48|0x0000000083000000, 0x0000000083100000, 0x0000000083100000|100%| O|  |TAMS 0x0000000083000000, 0x0000000083000000| Untracked 
|  49|0x0000000083100000, 0x0000000083200000, 0x0000000083200000|100%| O|  |TAMS 0x0000000083100000, 0x0000000083100000| Untracked 
|  50|0x0000000083200000, 0x0000000083300000, 0x0000000083300000|100%| O|  |TAMS 0x0000000083200000, 0x0000000083200000| Untracked 
|  51|0x0000000083300000, 0x0000000083400000, 0x0000000083400000|100%| O|  |TAMS 0x0000000083300000, 0x0000000083300000| Untracked 
|  52|0x0000000083400000, 0x0000000083500000, 0x0000000083500000|100%| O|  |TAMS 0x0000000083400000, 0x0000000083400000| Untracked 
|  53|0x0000000083500000, 0x0000000083600000, 0x0000000083600000|100%| O|  |TAMS 0x0000000083500000, 0x0000000083500000| Untracked 
|  54|0x0000000083600000, 0x0000000083700000, 0x0000000083700000|100%| O|  |TAMS 0x0000000083600000, 0x0000000083600000| Untracked 
|  55|0x0000000083700000, 0x0000000083800000, 0x0000000083800000|100%| O|  |TAMS 0x0000000083700000, 0x0000000083700000| Untracked 
|  56|0x0000000083800000, 0x0000000083900000, 0x0000000083900000|100%| O|  |TAMS 0x0000000083800000, 0x0000000083800000| Untracked 
|  57|0x0000000083900000, 0x0000000083a00000, 0x0000000083a00000|100%| O|  |TAMS 0x0000000083900000, 0x0000000083900000| Untracked 
|  58|0x0000000083a00000, 0x0000000083b00000, 0x0000000083b00000|100%| O|  |TAMS 0x0000000083a00000, 0x0000000083a00000| Untracked 
|  59|0x0000000083b00000, 0x0000000083c00000, 0x0000000083c00000|100%| O|  |TAMS 0x0000000083b00000, 0x0000000083b00000| Untracked 
|  60|0x0000000083c00000, 0x0000000083d00000, 0x0000000083d00000|100%| O|  |TAMS 0x0000000083c00000, 0x0000000083c00000| Untracked 
|  61|0x0000000083d00000, 0x0000000083e00000, 0x0000000083e00000|100%| O|  |TAMS 0x0000000083d00000, 0x0000000083d00000| Untracked 
|  62|0x0000000083e00000, 0x0000000083f00000, 0x0000000083f00000|100%| O|  |TAMS 0x0000000083e00000, 0x0000000083e00000| Untracked 
|  63|0x0000000083f00000, 0x0000000084000000, 0x0000000084000000|100%| O|  |TAMS 0x0000000083f00000, 0x0000000083f00000| Untracked 
|  64|0x0000000084000000, 0x0000000084100000, 0x0000000084100000|100%| O|  |TAMS 0x0000000084000000, 0x0000000084000000| Untracked 
|  65|0x0000000084100000, 0x0000000084200000, 0x0000000084200000|100%| O|  |TAMS 0x0000000084100000, 0x0000000084100000| Untracked 
|  66|0x0000000084200000, 0x0000000084300000, 0x0000000084300000|100%| O|  |TAMS 0x0000000084200000, 0x0000000084200000| Untracked 
|  67|0x0000000084300000, 0x0000000084400000, 0x0000000084400000|100%| O|  |TAMS 0x0000000084300000, 0x0000000084300000| Untracked 
|  68|0x0000000084400000, 0x0000000084500000, 0x0000000084500000|100%| O|  |TAMS 0x0000000084400000, 0x0000000084400000| Untracked 
|  69|0x0000000084500000, 0x0000000084600000, 0x0000000084600000|100%| O|  |TAMS 0x0000000084500000, 0x0000000084500000| Untracked 
|  70|0x0000000084600000, 0x0000000084700000, 0x0000000084700000|100%| O|  |TAMS 0x0000000084600000, 0x0000000084600000| Untracked 
|  71|0x0000000084700000, 0x0000000084800000, 0x0000000084800000|100%| O|  |TAMS 0x0000000084700000, 0x0000000084700000| Untracked 
|  72|0x0000000084800000, 0x0000000084900000, 0x0000000084900000|100%| O|  |TAMS 0x0000000084800000, 0x0000000084800000| Untracked 
|  73|0x0000000084900000, 0x0000000084a00000, 0x0000000084a00000|100%| O|  |TAMS 0x0000000084900000, 0x0000000084900000| Untracked 
|  74|0x0000000084a00000, 0x0000000084b00000, 0x0000000084b00000|100%| O|  |TAMS 0x0000000084a00000, 0x0000000084a00000| Untracked 
|  75|0x0000000084b00000, 0x0000000084b00000, 0x0000000084c00000|  0%| F|  |TAMS 0x0000000084b00000, 0x0000000084b00000| Untracked 
|  76|0x0000000084c00000, 0x0000000084c00000, 0x0000000084d00000|  0%| F|  |TAMS 0x0000000084c00000, 0x0000000084c00000| Untracked 
|  77|0x0000000084d00000, 0x0000000084d00000, 0x0000000084e00000|  0%| F|  |TAMS 0x0000000084d00000, 0x0000000084d00000| Untracked 
|  78|0x0000000084e00000, 0x0000000084e00000, 0x0000000084f00000|  0%| F|  |TAMS 0x0000000084e00000, 0x0000000084e00000| Untracked 
|  79|0x0000000084f00000, 0x0000000084f00000, 0x0000000085000000|  0%| F|  |TAMS 0x0000000084f00000, 0x0000000084f00000| Untracked 
|  80|0x0000000085000000, 0x0000000085000000, 0x0000000085100000|  0%| F|  |TAMS 0x0000000085000000, 0x0000000085000000| Untracked 
|  81|0x0000000085100000, 0x0000000085100000, 0x0000000085200000|  0%| F|  |TAMS 0x0000000085100000, 0x0000000085100000| Untracked 
|  82|0x0000000085200000, 0x0000000085200000, 0x0000000085300000|  0%| F|  |TAMS 0x0000000085200000, 0x0000000085200000| Untracked 
|  83|0x0000000085300000, 0x0000000085300000, 0x0000000085400000|  0%| F|  |TAMS 0x0000000085300000, 0x0000000085300000| Untracked 
|  84|0x0000000085400000, 0x0000000085400000, 0x0000000085500000|  0%| F|  |TAMS 0x0000000085400000, 0x0000000085400000| Untracked 
|  85|0x0000000085500000, 0x0000000085600000, 0x0000000085600000|100%| O|  |TAMS 0x0000000085500000, 0x0000000085500000| Untracked 
|  86|0x0000000085600000, 0x0000000085700000, 0x0000000085700000|100%| O|  |TAMS 0x0000000085600000, 0x0000000085600000| Untracked 
|  87|0x0000000085700000, 0x0000000085800000, 0x0000000085800000|100%| O|  |TAMS 0x0000000085700000, 0x0000000085700000| Untracked 
|  88|0x0000000085800000, 0x0000000085900000, 0x0000000085900000|100%| O|  |TAMS 0x0000000085800000, 0x0000000085800000| Untracked 
|  89|0x0000000085900000, 0x0000000085a00000, 0x0000000085a00000|100%| O|  |TAMS 0x0000000085900000, 0x0000000085900000| Untracked 
|  90|0x0000000085a00000, 0x0000000085b00000, 0x0000000085b00000|100%| O|  |TAMS 0x0000000085a00000, 0x0000000085a00000| Untracked 
|  91|0x0000000085b00000, 0x0000000085b4da00, 0x0000000085c00000| 30%| O|  |TAMS 0x0000000085b00000, 0x0000000085b00000| Untracked 
|  92|0x0000000085c00000, 0x0000000085c00000, 0x0000000085d00000|  0%| F|  |TAMS 0x0000000085c00000, 0x0000000085c00000| Untracked 
|  93|0x0000000085d00000, 0x0000000085d00000, 0x0000000085e00000|  0%| F|  |TAMS 0x0000000085d00000, 0x0000000085d00000| Untracked 
|  94|0x0000000085e00000, 0x0000000085e00000, 0x0000000085f00000|  0%| F|  |TAMS 0x0000000085e00000, 0x0000000085e00000| Untracked 
|  95|0x0000000085f00000, 0x0000000085f00000, 0x0000000086000000|  0%| F|  |TAMS 0x0000000085f00000, 0x0000000085f00000| Untracked 
|  96|0x0000000086000000, 0x0000000086000000, 0x0000000086100000|  0%| F|  |TAMS 0x0000000086000000, 0x0000000086000000| Untracked 
|  97|0x0000000086100000, 0x0000000086100000, 0x0000000086200000|  0%| F|  |TAMS 0x0000000086100000, 0x0000000086100000| Untracked 
|  98|0x0000000086200000, 0x0000000086200000, 0x0000000086300000|  0%| F|  |TAMS 0x0000000086200000, 0x0000000086200000| Untracked 
|  99|0x0000000086300000, 0x0000000086300000, 0x0000000086400000|  0%| F|  |TAMS 0x0000000086300000, 0x0000000086300000| Untracked 
| 100|0x0000000086400000, 0x0000000086400000, 0x0000000086500000|  0%| F|  |TAMS 0x0000000086400000, 0x0000000086400000| Untracked 
| 101|0x0000000086500000, 0x0000000086500000, 0x0000000086600000|  0%| F|  |TAMS 0x0000000086500000, 0x0000000086500000| Untracked 
| 102|0x0000000086600000, 0x0000000086600000, 0x0000000086700000|  0%| F|  |TAMS 0x0000000086600000, 0x0000000086600000| Untracked 
| 103|0x0000000086700000, 0x0000000086700000, 0x0000000086800000|  0%| F|  |TAMS 0x0000000086700000, 0x0000000086700000| Untracked 
| 104|0x0000000086800000, 0x0000000086800000, 0x0000000086900000|  0%| F|  |TAMS 0x0000000086800000, 0x0000000086800000| Untracked 
| 105|0x0000000086900000, 0x0000000086900000, 0x0000000086a00000|  0%| F|  |TAMS 0x0000000086900000, 0x0000000086900000| Untracked 
| 106|0x0000000086a00000, 0x0000000086a00000, 0x0000000086b00000|  0%| F|  |TAMS 0x0000000086a00000, 0x0000000086a00000| Untracked 
| 107|0x0000000086b00000, 0x0000000086b00000, 0x0000000086c00000|  0%| F|  |TAMS 0x0000000086b00000, 0x0000000086b00000| Untracked 
| 108|0x0000000086c00000, 0x0000000086c00000, 0x0000000086d00000|  0%| F|  |TAMS 0x0000000086c00000, 0x0000000086c00000| Untracked 
| 109|0x0000000086d00000, 0x0000000086d00000, 0x0000000086e00000|  0%| F|  |TAMS 0x0000000086d00000, 0x0000000086d00000| Untracked 
| 110|0x0000000086e00000, 0x0000000086e00000, 0x0000000086f00000|  0%| F|  |TAMS 0x0000000086e00000, 0x0000000086e00000| Untracked 
| 111|0x0000000086f00000, 0x0000000086f00000, 0x0000000087000000|  0%| F|  |TAMS 0x0000000086f00000, 0x0000000086f00000| Untracked 
| 112|0x0000000087000000, 0x0000000087000000, 0x0000000087100000|  0%| F|  |TAMS 0x0000000087000000, 0x0000000087000000| Untracked 
| 113|0x0000000087100000, 0x0000000087100000, 0x0000000087200000|  0%| F|  |TAMS 0x0000000087100000, 0x0000000087100000| Untracked 
| 114|0x0000000087200000, 0x0000000087296558, 0x0000000087300000| 58%| S|CS|TAMS 0x0000000087200000, 0x0000000087200000| Complete 
| 115|0x0000000087300000, 0x0000000087400000, 0x0000000087400000|100%| S|CS|TAMS 0x0000000087300000, 0x0000000087300000| Complete 
| 116|0x0000000087400000, 0x0000000087400000, 0x0000000087500000|  0%| F|  |TAMS 0x0000000087400000, 0x0000000087400000| Untracked 
| 117|0x0000000087500000, 0x0000000087500000, 0x0000000087600000|  0%| F|  |TAMS 0x0000000087500000, 0x0000000087500000| Untracked 
| 118|0x0000000087600000, 0x0000000087600000, 0x0000000087700000|  0%| F|  |TAMS 0x0000000087600000, 0x0000000087600000| Untracked 
| 119|0x0000000087700000, 0x0000000087700000, 0x0000000087800000|  0%| F|  |TAMS 0x0000000087700000, 0x0000000087700000| Untracked 
| 120|0x0000000087800000, 0x0000000087800000, 0x0000000087900000|  0%| F|  |TAMS 0x0000000087800000, 0x0000000087800000| Untracked 
| 121|0x0000000087900000, 0x0000000087900000, 0x0000000087a00000|  0%| F|  |TAMS 0x0000000087900000, 0x0000000087900000| Untracked 
| 122|0x0000000087a00000, 0x0000000087a00000, 0x0000000087b00000|  0%| F|  |TAMS 0x0000000087a00000, 0x0000000087a00000| Untracked 
| 123|0x0000000087b00000, 0x0000000087c00000, 0x0000000087c00000|100%| S|CS|TAMS 0x0000000087b00000, 0x0000000087b00000| Complete 
| 124|0x0000000087c00000, 0x0000000087d00000, 0x0000000087d00000|100%| S|CS|TAMS 0x0000000087c00000, 0x0000000087c00000| Complete 
| 125|0x0000000087d00000, 0x0000000087e00000, 0x0000000087e00000|100%| S|CS|TAMS 0x0000000087d00000, 0x0000000087d00000| Complete 
| 126|0x0000000087e00000, 0x0000000087e00000, 0x0000000087f00000|  0%| F|  |TAMS 0x0000000087e00000, 0x0000000087e00000| Untracked 
| 127|0x0000000087f00000, 0x0000000087f00000, 0x0000000088000000|  0%| F|  |TAMS 0x0000000087f00000, 0x0000000087f00000| Untracked 
| 128|0x0000000088000000, 0x0000000088000000, 0x0000000088100000|  0%| F|  |TAMS 0x0000000088000000, 0x0000000088000000| Untracked 
| 129|0x0000000088100000, 0x0000000088100000, 0x0000000088200000|  0%| F|  |TAMS 0x0000000088100000, 0x0000000088100000| Untracked 
| 130|0x0000000088200000, 0x0000000088300000, 0x0000000088300000|100%| S|CS|TAMS 0x0000000088200000, 0x0000000088200000| Complete 
| 131|0x0000000088300000, 0x0000000088400000, 0x0000000088400000|100%| S|CS|TAMS 0x0000000088300000, 0x0000000088300000| Complete 
| 132|0x0000000088400000, 0x0000000088500000, 0x0000000088500000|100%| S|CS|TAMS 0x0000000088400000, 0x0000000088400000| Complete 
| 133|0x0000000088500000, 0x0000000088600000, 0x0000000088600000|100%| S|CS|TAMS 0x0000000088500000, 0x0000000088500000| Complete 
| 134|0x0000000088600000, 0x0000000088700000, 0x0000000088700000|100%| S|CS|TAMS 0x0000000088600000, 0x0000000088600000| Complete 
| 135|0x0000000088700000, 0x0000000088800000, 0x0000000088800000|100%| S|CS|TAMS 0x0000000088700000, 0x0000000088700000| Complete 
| 136|0x0000000088800000, 0x0000000088900000, 0x0000000088900000|100%| S|CS|TAMS 0x0000000088800000, 0x0000000088800000| Complete 
| 137|0x0000000088900000, 0x0000000088900000, 0x0000000088a00000|  0%| F|  |TAMS 0x0000000088900000, 0x0000000088900000| Untracked 
| 138|0x0000000088a00000, 0x0000000088a00000, 0x0000000088b00000|  0%| F|  |TAMS 0x0000000088a00000, 0x0000000088a00000| Untracked 
| 139|0x0000000088b00000, 0x0000000088b00000, 0x0000000088c00000|  0%| F|  |TAMS 0x0000000088b00000, 0x0000000088b00000| Untracked 
| 140|0x0000000088c00000, 0x0000000088c00000, 0x0000000088d00000|  0%| F|  |TAMS 0x0000000088c00000, 0x0000000088c00000| Untracked 
| 141|0x0000000088d00000, 0x0000000088d00000, 0x0000000088e00000|  0%| F|  |TAMS 0x0000000088d00000, 0x0000000088d00000| Untracked 
| 142|0x0000000088e00000, 0x0000000088e00000, 0x0000000088f00000|  0%| F|  |TAMS 0x0000000088e00000, 0x0000000088e00000| Untracked 
| 143|0x0000000088f00000, 0x0000000088f00000, 0x0000000089000000|  0%| F|  |TAMS 0x0000000088f00000, 0x0000000088f00000| Untracked 
| 144|0x0000000089000000, 0x0000000089000000, 0x0000000089100000|  0%| F|  |TAMS 0x0000000089000000, 0x0000000089000000| Untracked 
| 145|0x0000000089100000, 0x0000000089100000, 0x0000000089200000|  0%| F|  |TAMS 0x0000000089100000, 0x0000000089100000| Untracked 
| 146|0x0000000089200000, 0x0000000089200000, 0x0000000089300000|  0%| F|  |TAMS 0x0000000089200000, 0x0000000089200000| Untracked 
| 147|0x0000000089300000, 0x0000000089300000, 0x0000000089400000|  0%| F|  |TAMS 0x0000000089300000, 0x0000000089300000| Untracked 
| 148|0x0000000089400000, 0x0000000089400000, 0x0000000089500000|  0%| F|  |TAMS 0x0000000089400000, 0x0000000089400000| Untracked 
| 149|0x0000000089500000, 0x0000000089500000, 0x0000000089600000|  0%| F|  |TAMS 0x0000000089500000, 0x0000000089500000| Untracked 
| 150|0x0000000089600000, 0x0000000089600000, 0x0000000089700000|  0%| F|  |TAMS 0x0000000089600000, 0x0000000089600000| Untracked 
| 151|0x0000000089700000, 0x0000000089700000, 0x0000000089800000|  0%| F|  |TAMS 0x0000000089700000, 0x0000000089700000| Untracked 
| 152|0x0000000089800000, 0x0000000089800000, 0x0000000089900000|  0%| F|  |TAMS 0x0000000089800000, 0x0000000089800000| Untracked 
| 153|0x0000000089900000, 0x0000000089900000, 0x0000000089a00000|  0%| F|  |TAMS 0x0000000089900000, 0x0000000089900000| Untracked 
| 154|0x0000000089a00000, 0x0000000089a00000, 0x0000000089b00000|  0%| F|  |TAMS 0x0000000089a00000, 0x0000000089a00000| Untracked 
| 155|0x0000000089b00000, 0x0000000089b00000, 0x0000000089c00000|  0%| F|  |TAMS 0x0000000089b00000, 0x0000000089b00000| Untracked 
| 156|0x0000000089c00000, 0x0000000089c00000, 0x0000000089d00000|  0%| F|  |TAMS 0x0000000089c00000, 0x0000000089c00000| Untracked 
| 157|0x0000000089d00000, 0x0000000089d00000, 0x0000000089e00000|  0%| F|  |TAMS 0x0000000089d00000, 0x0000000089d00000| Untracked 
| 158|0x0000000089e00000, 0x0000000089e00000, 0x0000000089f00000|  0%| F|  |TAMS 0x0000000089e00000, 0x0000000089e00000| Untracked 
| 159|0x0000000089f00000, 0x0000000089f00000, 0x000000008a000000|  0%| F|  |TAMS 0x0000000089f00000, 0x0000000089f00000| Untracked 
| 160|0x000000008a000000, 0x000000008a000000, 0x000000008a100000|  0%| F|  |TAMS 0x000000008a000000, 0x000000008a000000| Untracked 
| 161|0x000000008a100000, 0x000000008a100000, 0x000000008a200000|  0%| F|  |TAMS 0x000000008a100000, 0x000000008a100000| Untracked 
| 162|0x000000008a200000, 0x000000008a200000, 0x000000008a300000|  0%| F|  |TAMS 0x000000008a200000, 0x000000008a200000| Untracked 
| 163|0x000000008a300000, 0x000000008a300000, 0x000000008a400000|  0%| F|  |TAMS 0x000000008a300000, 0x000000008a300000| Untracked 
| 164|0x000000008a400000, 0x000000008a400000, 0x000000008a500000|  0%| F|  |TAMS 0x000000008a400000, 0x000000008a400000| Untracked 
| 165|0x000000008a500000, 0x000000008a500000, 0x000000008a600000|  0%| F|  |TAMS 0x000000008a500000, 0x000000008a500000| Untracked 
| 166|0x000000008a600000, 0x000000008a600000, 0x000000008a700000|  0%| F|  |TAMS 0x000000008a600000, 0x000000008a600000| Untracked 
| 167|0x000000008a700000, 0x000000008a700000, 0x000000008a800000|  0%| F|  |TAMS 0x000000008a700000, 0x000000008a700000| Untracked 
| 168|0x000000008a800000, 0x000000008a800000, 0x000000008a900000|  0%| F|  |TAMS 0x000000008a800000, 0x000000008a800000| Untracked 
| 169|0x000000008a900000, 0x000000008a900000, 0x000000008aa00000|  0%| F|  |TAMS 0x000000008a900000, 0x000000008a900000| Untracked 
| 170|0x000000008aa00000, 0x000000008aa00000, 0x000000008ab00000|  0%| F|  |TAMS 0x000000008aa00000, 0x000000008aa00000| Untracked 
| 171|0x000000008ab00000, 0x000000008ab00000, 0x000000008ac00000|  0%| F|  |TAMS 0x000000008ab00000, 0x000000008ab00000| Untracked 
| 172|0x000000008ac00000, 0x000000008ac00000, 0x000000008ad00000|  0%| F|  |TAMS 0x000000008ac00000, 0x000000008ac00000| Untracked 
| 173|0x000000008ad00000, 0x000000008ad00000, 0x000000008ae00000|  0%| F|  |TAMS 0x000000008ad00000, 0x000000008ad00000| Untracked 
| 174|0x000000008ae00000, 0x000000008aee6f98, 0x000000008af00000| 90%| E|  |TAMS 0x000000008ae00000, 0x000000008ae00000| Complete 
| 175|0x000000008af00000, 0x000000008b000000, 0x000000008b000000|100%| E|CS|TAMS 0x000000008af00000, 0x000000008af00000| Complete 
| 176|0x000000008b000000, 0x000000008b100000, 0x000000008b100000|100%| E|CS|TAMS 0x000000008b000000, 0x000000008b000000| Complete 
| 177|0x000000008b100000, 0x000000008b200000, 0x000000008b200000|100%| E|CS|TAMS 0x000000008b100000, 0x000000008b100000| Complete 
| 178|0x000000008b200000, 0x000000008b300000, 0x000000008b300000|100%| E|CS|TAMS 0x000000008b200000, 0x000000008b200000| Complete 
| 179|0x000000008b300000, 0x000000008b400000, 0x000000008b400000|100%| E|CS|TAMS 0x000000008b300000, 0x000000008b300000| Complete 
| 180|0x000000008b400000, 0x000000008b500000, 0x000000008b500000|100%| E|CS|TAMS 0x000000008b400000, 0x000000008b400000| Complete 
| 181|0x000000008b500000, 0x000000008b600000, 0x000000008b600000|100%| E|CS|TAMS 0x000000008b500000, 0x000000008b500000| Complete 
| 182|0x000000008b600000, 0x000000008b700000, 0x000000008b700000|100%| E|CS|TAMS 0x000000008b600000, 0x000000008b600000| Complete 
| 183|0x000000008b700000, 0x000000008b800000, 0x000000008b800000|100%| E|CS|TAMS 0x000000008b700000, 0x000000008b700000| Complete 
| 184|0x000000008b800000, 0x000000008b900000, 0x000000008b900000|100%| E|CS|TAMS 0x000000008b800000, 0x000000008b800000| Complete 
| 185|0x000000008b900000, 0x000000008ba00000, 0x000000008ba00000|100%| E|CS|TAMS 0x000000008b900000, 0x000000008b900000| Complete 
| 186|0x000000008ba00000, 0x000000008bb00000, 0x000000008bb00000|100%| E|CS|TAMS 0x000000008ba00000, 0x000000008ba00000| Complete 
| 187|0x000000008bb00000, 0x000000008bc00000, 0x000000008bc00000|100%| E|CS|TAMS 0x000000008bb00000, 0x000000008bb00000| Complete 
| 188|0x000000008bc00000, 0x000000008bd00000, 0x000000008bd00000|100%| E|CS|TAMS 0x000000008bc00000, 0x000000008bc00000| Complete 
| 189|0x000000008bd00000, 0x000000008be00000, 0x000000008be00000|100%| E|CS|TAMS 0x000000008bd00000, 0x000000008bd00000| Complete 
| 190|0x000000008be00000, 0x000000008bf00000, 0x000000008bf00000|100%| E|CS|TAMS 0x000000008be00000, 0x000000008be00000| Complete 
| 191|0x000000008bf00000, 0x000000008c000000, 0x000000008c000000|100%| E|CS|TAMS 0x000000008bf00000, 0x000000008bf00000| Complete 
| 192|0x000000008c000000, 0x000000008c100000, 0x000000008c100000|100%| E|CS|TAMS 0x000000008c000000, 0x000000008c000000| Complete 
| 193|0x000000008c100000, 0x000000008c200000, 0x000000008c200000|100%| E|CS|TAMS 0x000000008c100000, 0x000000008c100000| Complete 
| 194|0x000000008c200000, 0x000000008c300000, 0x000000008c300000|100%| E|CS|TAMS 0x000000008c200000, 0x000000008c200000| Complete 
| 195|0x000000008c300000, 0x000000008c400000, 0x000000008c400000|100%| E|CS|TAMS 0x000000008c300000, 0x000000008c300000| Complete 
| 196|0x000000008c400000, 0x000000008c500000, 0x000000008c500000|100%| E|CS|TAMS 0x000000008c400000, 0x000000008c400000| Complete 
| 197|0x000000008c500000, 0x000000008c600000, 0x000000008c600000|100%| E|CS|TAMS 0x000000008c500000, 0x000000008c500000| Complete 
| 198|0x000000008c600000, 0x000000008c700000, 0x000000008c700000|100%| E|CS|TAMS 0x000000008c600000, 0x000000008c600000| Complete 
| 199|0x000000008c700000, 0x000000008c800000, 0x000000008c800000|100%| E|CS|TAMS 0x000000008c700000, 0x000000008c700000| Complete 
| 200|0x000000008c800000, 0x000000008c900000, 0x000000008c900000|100%| E|CS|TAMS 0x000000008c800000, 0x000000008c800000| Complete 
| 201|0x000000008c900000, 0x000000008ca00000, 0x000000008ca00000|100%| E|CS|TAMS 0x000000008c900000, 0x000000008c900000| Complete 
| 202|0x000000008ca00000, 0x000000008cb00000, 0x000000008cb00000|100%| E|CS|TAMS 0x000000008ca00000, 0x000000008ca00000| Complete 
| 203|0x000000008cb00000, 0x000000008cc00000, 0x000000008cc00000|100%| E|CS|TAMS 0x000000008cb00000, 0x000000008cb00000| Complete 
| 204|0x000000008cc00000, 0x000000008cd00000, 0x000000008cd00000|100%| E|CS|TAMS 0x000000008cc00000, 0x000000008cc00000| Complete 
| 205|0x000000008cd00000, 0x000000008ce00000, 0x000000008ce00000|100%| E|CS|TAMS 0x000000008cd00000, 0x000000008cd00000| Complete 
| 206|0x000000008ce00000, 0x000000008cf00000, 0x000000008cf00000|100%| E|CS|TAMS 0x000000008ce00000, 0x000000008ce00000| Complete 
| 207|0x000000008cf00000, 0x000000008d000000, 0x000000008d000000|100%| E|  |TAMS 0x000000008cf00000, 0x000000008cf00000| Complete 
| 208|0x000000008d000000, 0x000000008d100000, 0x000000008d100000|100%| E|CS|TAMS 0x000000008d000000, 0x000000008d000000| Complete 
| 209|0x000000008d100000, 0x000000008d200000, 0x000000008d200000|100%| E|CS|TAMS 0x000000008d100000, 0x000000008d100000| Complete 
| 210|0x000000008d200000, 0x000000008d300000, 0x000000008d300000|100%| E|CS|TAMS 0x000000008d200000, 0x000000008d200000| Complete 
| 211|0x000000008d300000, 0x000000008d400000, 0x000000008d400000|100%| E|CS|TAMS 0x000000008d300000, 0x000000008d300000| Complete 
| 212|0x000000008d400000, 0x000000008d500000, 0x000000008d500000|100%| E|CS|TAMS 0x000000008d400000, 0x000000008d400000| Complete 
| 213|0x000000008d500000, 0x000000008d600000, 0x000000008d600000|100%| E|CS|TAMS 0x000000008d500000, 0x000000008d500000| Complete 
| 214|0x000000008d600000, 0x000000008d700000, 0x000000008d700000|100%| E|CS|TAMS 0x000000008d600000, 0x000000008d600000| Complete 
| 215|0x000000008d700000, 0x000000008d800000, 0x000000008d800000|100%| E|CS|TAMS 0x000000008d700000, 0x000000008d700000| Complete 
| 216|0x000000008d800000, 0x000000008d900000, 0x000000008d900000|100%| E|CS|TAMS 0x000000008d800000, 0x000000008d800000| Complete 
| 217|0x000000008d900000, 0x000000008da00000, 0x000000008da00000|100%| E|CS|TAMS 0x000000008d900000, 0x000000008d900000| Complete 
| 218|0x000000008da00000, 0x000000008db00000, 0x000000008db00000|100%| E|CS|TAMS 0x000000008da00000, 0x000000008da00000| Complete 
| 219|0x000000008db00000, 0x000000008dc00000, 0x000000008dc00000|100%| E|CS|TAMS 0x000000008db00000, 0x000000008db00000| Complete 
| 220|0x000000008dc00000, 0x000000008dd00000, 0x000000008dd00000|100%| E|CS|TAMS 0x000000008dc00000, 0x000000008dc00000| Complete 
| 221|0x000000008dd00000, 0x000000008de00000, 0x000000008de00000|100%| E|CS|TAMS 0x000000008dd00000, 0x000000008dd00000| Complete 
| 222|0x000000008de00000, 0x000000008df00000, 0x000000008df00000|100%| E|CS|TAMS 0x000000008de00000, 0x000000008de00000| Complete 
| 223|0x000000008df00000, 0x000000008e000000, 0x000000008e000000|100%| E|CS|TAMS 0x000000008df00000, 0x000000008df00000| Complete 
| 224|0x000000008e000000, 0x000000008e100000, 0x000000008e100000|100%| E|CS|TAMS 0x000000008e000000, 0x000000008e000000| Complete 
| 225|0x000000008e100000, 0x000000008e200000, 0x000000008e200000|100%| E|CS|TAMS 0x000000008e100000, 0x000000008e100000| Complete 
| 226|0x000000008e200000, 0x000000008e300000, 0x000000008e300000|100%| E|CS|TAMS 0x000000008e200000, 0x000000008e200000| Complete 
| 227|0x000000008e300000, 0x000000008e400000, 0x000000008e400000|100%| E|CS|TAMS 0x000000008e300000, 0x000000008e300000| Complete 
| 228|0x000000008e400000, 0x000000008e500000, 0x000000008e500000|100%| E|CS|TAMS 0x000000008e400000, 0x000000008e400000| Complete 
| 229|0x000000008e500000, 0x000000008e600000, 0x000000008e600000|100%| E|CS|TAMS 0x000000008e500000, 0x000000008e500000| Complete 
| 230|0x000000008e600000, 0x000000008e700000, 0x000000008e700000|100%| E|CS|TAMS 0x000000008e600000, 0x000000008e600000| Complete 
| 231|0x000000008e700000, 0x000000008e800000, 0x000000008e800000|100%| E|CS|TAMS 0x000000008e700000, 0x000000008e700000| Complete 
| 232|0x000000008e800000, 0x000000008e900000, 0x000000008e900000|100%| E|CS|TAMS 0x000000008e800000, 0x000000008e800000| Complete 
| 233|0x000000008e900000, 0x000000008ea00000, 0x000000008ea00000|100%| E|CS|TAMS 0x000000008e900000, 0x000000008e900000| Complete 
| 234|0x000000008ea00000, 0x000000008eb00000, 0x000000008eb00000|100%| E|CS|TAMS 0x000000008ea00000, 0x000000008ea00000| Complete 
| 235|0x000000008eb00000, 0x000000008ec00000, 0x000000008ec00000|100%| E|CS|TAMS 0x000000008eb00000, 0x000000008eb00000| Complete 
| 236|0x000000008ec00000, 0x000000008ed00000, 0x000000008ed00000|100%| E|CS|TAMS 0x000000008ec00000, 0x000000008ec00000| Complete 
| 237|0x000000008ed00000, 0x000000008ee00000, 0x000000008ee00000|100%| E|CS|TAMS 0x000000008ed00000, 0x000000008ed00000| Complete 
| 238|0x000000008ee00000, 0x000000008ef00000, 0x000000008ef00000|100%| E|CS|TAMS 0x000000008ee00000, 0x000000008ee00000| Complete 
| 239|0x000000008ef00000, 0x000000008f000000, 0x000000008f000000|100%| E|CS|TAMS 0x000000008ef00000, 0x000000008ef00000| Complete 
| 240|0x000000008f000000, 0x000000008f100000, 0x000000008f100000|100%| E|CS|TAMS 0x000000008f000000, 0x000000008f000000| Complete 
| 241|0x000000008f100000, 0x000000008f200000, 0x000000008f200000|100%| E|CS|TAMS 0x000000008f100000, 0x000000008f100000| Complete 
| 242|0x000000008f200000, 0x000000008f300000, 0x000000008f300000|100%| E|CS|TAMS 0x000000008f200000, 0x000000008f200000| Complete 
| 243|0x000000008f300000, 0x000000008f400000, 0x000000008f400000|100%| E|CS|TAMS 0x000000008f300000, 0x000000008f300000| Complete 
| 244|0x000000008f400000, 0x000000008f500000, 0x000000008f500000|100%| E|CS|TAMS 0x000000008f400000, 0x000000008f400000| Complete 
| 245|0x000000008f500000, 0x000000008f600000, 0x000000008f600000|100%| E|CS|TAMS 0x000000008f500000, 0x000000008f500000| Complete 

Card table byte_map: [0x0000021418d90000,0x0000021419190000] _byte_map_base: 0x0000021418990000

Marking Bits (Prev, Next): (CMBitMap*) 0x000002140372d9f8, (CMBitMap*) 0x000002140372da30
 Prev Bits: [0x0000021419590000, 0x000002141b590000)
 Next Bits: [0x000002141b590000, 0x000002141d590000)

Polling page: 0x00000214034d0000

Metaspace:

Usage:
  Non-class:     90.82 MB capacity,    89.10 MB ( 98%) used,     1.39 MB (  2%) free+waste,   338.25 KB ( <1%) overhead. 
      Class:     13.71 MB capacity,    12.70 MB ( 93%) used,   892.41 KB (  6%) free+waste,   151.44 KB (  1%) overhead. 
       Both:    104.54 MB capacity,   101.80 MB ( 97%) used,     2.26 MB (  2%) free+waste,   489.69 KB ( <1%) overhead. 

Virtual space:
  Non-class space:       92.00 MB reserved,      91.04 MB ( 99%) committed 
      Class space:        1.00 GB reserved,      13.75 MB (  1%) committed 
             Both:        1.09 GB reserved,     104.79 MB (  9%) committed 

Chunk freelists:
   Non-Class:  0 bytes
       Class:  0 bytes
        Both:  0 bytes

MaxMetaspaceSize: 17179869184.00 GB
CompressedClassSpaceSize: 1.00 GB

CodeHeap 'non-profiled nmethods': size=119168Kb used=10093Kb max_used=10093Kb free=109074Kb
 bounds [0x0000021410570000, 0x0000021410f50000, 0x00000214179d0000]
CodeHeap 'profiled nmethods': size=119168Kb used=37118Kb max_used=37118Kb free=82049Kb
 bounds [0x0000021409110000, 0x000002140b550000, 0x0000021410570000]
CodeHeap 'non-nmethods': size=7424Kb used=2881Kb max_used=4093Kb free=4542Kb
 bounds [0x00000214089d0000, 0x0000021408de0000, 0x0000021409110000]
 total_blobs=17112 nmethods=16184 adapters=837
 compilation: enabled
              stopped_count=0, restarted_count=0
 full_count=0

Compilation events (20 events):
Event: 1683.027 Thread 0x0000021420f09800 16152       3       org.gradle.internal.component.model.DefaultCompatibilityCheckResult::compatible (11 bytes)
Event: 1683.027 Thread 0x0000021420f09800 nmethod 16152 0x000002140b51ca90 code [0x000002140b51cc40, 0x000002140b51cd38]
Event: 1683.028 Thread 0x0000021420f09800 16153       3       org.gradle.internal.classpath.InstrumentingClasspathFileTransformer::hashOf (41 bytes)
Event: 1683.031 Thread 0x0000021420f09800 nmethod 16153 0x000002140b51ce10 code [0x000002140b51d1e0, 0x000002140b51ed68]
Event: 1683.031 Thread 0x0000021420f09800 16155   !   3       org.gradle.internal.classpath.InstrumentingClasspathFileTransformer::transform (251 bytes)
Event: 1683.034 Thread 0x0000021420f09800 nmethod 16155 0x000002140b51f890 code [0x000002140b51fe80, 0x000002140b5229d8]
Event: 1683.035 Thread 0x0000021420f09800 16158       3       java.lang.Module::<init> (25 bytes)
Event: 1683.035 Thread 0x0000021420f09800 nmethod 16158 0x000002140b523e10 code [0x000002140b523fc0, 0x000002140b524218]
Event: 1683.038 Thread 0x0000021420f09800 16159       3       org.gradle.api.internal.plugins.ClassloaderBackedPluginDescriptorLocator::<init> (10 bytes)
Event: 1683.038 Thread 0x0000021420f09800 nmethod 16159 0x000002140b524310 code [0x000002140b5244c0, 0x000002140b524678]
Event: 1683.038 Thread 0x0000021420f09800 16160       1       org.gradle.api.internal.attributes.DefaultAttributeMatchingStrategy::getDisambiguationRules (5 bytes)
Event: 1683.038 Thread 0x0000021420f09800 nmethod 16160 0x0000021410f3e390 code [0x0000021410f3e540, 0x0000021410f3e5f8]
Event: 1683.038 Thread 0x0000021420f09800 16161       3       org.gradle.api.internal.plugins.DefaultPluginRegistry$1::load (9 bytes)
Event: 1683.038 Thread 0x0000021420f09800 nmethod 16161 0x000002140b524710 code [0x000002140b5248e0, 0x000002140b524ae8]
Event: 1683.038 Thread 0x0000021420f09800 16162   !   3       org.gradle.api.internal.plugins.DefaultPluginRegistry$1::load (163 bytes)
Event: 1683.040 Thread 0x0000021420f09800 nmethod 16162 0x000002140b524b90 code [0x000002140b5250a0, 0x000002140b527a88]
Event: 1683.040 Thread 0x0000021420f09800 16163       3       com.google.common.cache.LocalCache$Strength$1::defaultEquivalence (4 bytes)
Event: 1683.040 Thread 0x0000021420f09800 nmethod 16163 0x000002140b528990 code [0x000002140b528b40, 0x000002140b528c98]
Event: 1683.040 Thread 0x00000214281a9800 nmethod 16133 0x0000021410f3e690 code [0x0000021410f3e8e0, 0x0000021410f40078]
Event: 1683.040 Thread 0x00000214281a9800 16149       4       org.gradle.tooling.internal.provider.runner.SubtreeFilteringBuildOperationListener::started (118 bytes)

GC Heap History (20 events):
Event: 1.831 GC heap before
{Heap before GC invocations=4 (full 0):
 garbage-first heap   total 251904K, used 82531K [0x0000000080000000, 0x0000000100000000)
  region size 1024K, 66 young (67584K), 3 survivors (3072K)
 Metaspace       used 34856K, capacity 35662K, committed 35708K, reserved 1081344K
  class space    used 4525K, capacity 4832K, committed 4864K, reserved 1048576K
}
Event: 1.835 GC heap after
{Heap after GC invocations=5 (full 0):
 garbage-first heap   total 251904K, used 22325K [0x0000000080000000, 0x0000000100000000)
  region size 1024K, 6 young (6144K), 6 survivors (6144K)
 Metaspace       used 34856K, capacity 35662K, committed 35708K, reserved 1081344K
  class space    used 4525K, capacity 4832K, committed 4864K, reserved 1048576K
}
Event: 2.484 GC heap before
{Heap before GC invocations=6 (full 0):
 garbage-first heap   total 251904K, used 147253K [0x0000000080000000, 0x0000000100000000)
  region size 1024K, 125 young (128000K), 6 survivors (6144K)
 Metaspace       used 44895K, capacity 45968K, committed 46332K, reserved 1089536K
  class space    used 5750K, capacity 6147K, committed 6272K, reserved 1048576K
}
Event: 2.489 GC heap after
{Heap after GC invocations=7 (full 0):
 garbage-first heap   total 251904K, used 29491K [0x0000000080000000, 0x0000000100000000)
  region size 1024K, 13 young (13312K), 13 survivors (13312K)
 Metaspace       used 44895K, capacity 45968K, committed 46332K, reserved 1089536K
  class space    used 5750K, capacity 6147K, committed 6272K, reserved 1048576K
}
Event: 3.416 GC heap before
{Heap before GC invocations=7 (full 0):
 garbage-first heap   total 251904K, used 174899K [0x0000000080000000, 0x0000000100000000)
  region size 1024K, 147 young (150528K), 13 survivors (13312K)
 Metaspace       used 58021K, capacity 59437K, committed 59772K, reserved 1101824K
  class space    used 7286K, capacity 7812K, committed 7936K, reserved 1048576K
}
Event: 3.425 GC heap after
{Heap after GC invocations=8 (full 0):
 garbage-first heap   total 251904K, used 48651K [0x0000000080000000, 0x0000000100000000)
  region size 1024K, 19 young (19456K), 19 survivors (19456K)
 Metaspace       used 58021K, capacity 59437K, committed 59772K, reserved 1101824K
  class space    used 7286K, capacity 7812K, committed 7936K, reserved 1048576K
}
Event: 3.445 GC heap before
{Heap before GC invocations=8 (full 0):
 garbage-first heap   total 251904K, used 50699K [0x0000000080000000, 0x0000000100000000)
  region size 1024K, 22 young (22528K), 19 survivors (19456K)
 Metaspace       used 58449K, capacity 59847K, committed 59940K, reserved 1101824K
  class space    used 7344K, capacity 7885K, committed 7936K, reserved 1048576K
}
Event: 3.457 GC heap after
{Heap after GC invocations=9 (full 0):
 garbage-first heap   total 251904K, used 50662K [0x0000000080000000, 0x0000000100000000)
  region size 1024K, 3 young (3072K), 3 survivors (3072K)
 Metaspace       used 58449K, capacity 59847K, committed 59940K, reserved 1101824K
  class space    used 7344K, capacity 7885K, committed 7936K, reserved 1048576K
}
Event: 4.389 GC heap before
{Heap before GC invocations=10 (full 0):
 garbage-first heap   total 251904K, used 195046K [0x0000000080000000, 0x0000000100000000)
  region size 1024K, 144 young (147456K), 3 survivors (3072K)
 Metaspace       used 71461K, capacity 73138K, committed 73380K, reserved 1114112K
  class space    used 9125K, capacity 9761K, committed 9856K, reserved 1048576K
}
Event: 4.398 GC heap after
{Heap after GC invocations=11 (full 0):
 garbage-first heap   total 251904K, used 59578K [0x0000000080000000, 0x0000000100000000)
  region size 1024K, 11 young (11264K), 11 survivors (11264K)
 Metaspace       used 71461K, capacity 73138K, committed 73380K, reserved 1114112K
  class space    used 9125K, capacity 9761K, committed 9856K, reserved 1048576K
}
Event: 5.341 GC heap before
{Heap before GC invocations=12 (full 0):
 garbage-first heap   total 251904K, used 194746K [0x0000000080000000, 0x0000000100000000)
  region size 1024K, 144 young (147456K), 11 survivors (11264K)
 Metaspace       used 85017K, capacity 86927K, committed 87204K, reserved 1124352K
  class space    used 10851K, capacity 11568K, committed 11648K, reserved 1048576K
}
Event: 5.351 GC heap after
{Heap after GC invocations=13 (full 0):
 garbage-first heap   total 251904K, used 70715K [0x0000000080000000, 0x0000000100000000)
  region size 1024K, 11 young (11264K), 11 survivors (11264K)
 Metaspace       used 85017K, capacity 86927K, committed 87204K, reserved 1124352K
  class space    used 10851K, capacity 11568K, committed 11648K, reserved 1048576K
}
Event: 5.882 GC heap before
{Heap before GC invocations=13 (full 0):
 garbage-first heap   total 251904K, used 196667K [0x0000000080000000, 0x0000000100000000)
  region size 1024K, 134 young (137216K), 11 survivors (11264K)
 Metaspace       used 89636K, capacity 92177K, committed 92452K, reserved 1130496K
  class space    used 11521K, capacity 12482K, committed 12544K, reserved 1048576K
}
Event: 5.890 GC heap after
{Heap after GC invocations=14 (full 0):
 garbage-first heap   total 251904K, used 77592K [0x0000000080000000, 0x0000000100000000)
  region size 1024K, 7 young (7168K), 7 survivors (7168K)
 Metaspace       used 89636K, capacity 92177K, committed 92452K, reserved 1130496K
  class space    used 11521K, capacity 12482K, committed 12544K, reserved 1048576K
}
Event: 6.327 GC heap before
{Heap before GC invocations=14 (full 0):
 garbage-first heap   total 251904K, used 200472K [0x0000000080000000, 0x0000000100000000)
  region size 1024K, 127 young (130048K), 7 survivors (7168K)
 Metaspace       used 93221K, capacity 95782K, committed 96036K, reserved 1132544K
  class space    used 11960K, capacity 12945K, committed 13056K, reserved 1048576K
}
Event: 6.333 GC heap after
{Heap after GC invocations=15 (full 0):
 garbage-first heap   total 251904K, used 83736K [0x0000000080000000, 0x0000000100000000)
  region size 1024K, 13 young (13312K), 13 survivors (13312K)
 Metaspace       used 93221K, capacity 95782K, committed 96036K, reserved 1132544K
  class space    used 11960K, capacity 12945K, committed 13056K, reserved 1048576K
}
Event: 7.419 GC heap before
{Heap before GC invocations=15 (full 0):
 garbage-first heap   total 251904K, used 201496K [0x0000000080000000, 0x0000000100000000)
  region size 1024K, 129 young (132096K), 13 survivors (13312K)
 Metaspace       used 97755K, capacity 100410K, committed 100516K, reserved 1136640K
  class space    used 12469K, capacity 13427K, committed 13440K, reserved 1048576K
}
Event: 7.429 GC heap after
{Heap after GC invocations=16 (full 0):
 garbage-first heap   total 251904K, used 91374K [0x0000000080000000, 0x0000000100000000)
  region size 1024K, 15 young (15360K), 15 survivors (15360K)
 Metaspace       used 97755K, capacity 100410K, committed 100516K, reserved 1136640K
  class space    used 12469K, capacity 13427K, committed 13440K, reserved 1048576K
}
Event: 1555.076 GC heap before
{Heap before GC invocations=16 (full 0):
 garbage-first heap   total 251904K, used 212206K [0x0000000080000000, 0x0000000100000000)
  region size 1024K, 124 young (126976K), 15 survivors (15360K)
 Metaspace       used 103705K, capacity 106537K, committed 106788K, reserved 1142784K
  class space    used 12984K, capacity 14020K, committed 14080K, reserved 1048576K
}
Event: 1555.084 GC heap after
{Heap after GC invocations=17 (full 0):
 garbage-first heap   total 251904K, used 95119K [0x0000000080000000, 0x0000000100000000)
  region size 1024K, 12 young (12288K), 12 survivors (12288K)
 Metaspace       used 103705K, capacity 106537K, committed 106788K, reserved 1142784K
  class space    used 12984K, capacity 14020K, committed 14080K, reserved 1048576K
}

Deoptimization events (20 events):
Event: 1555.452 Thread 0x00000214268a6000 DEOPT PACKING pc=0x0000021410d79234 sp=0x000000859d5fbd80
Event: 1555.452 Thread 0x00000214268a6000 DEOPT UNPACKING pc=0x00000214089f78af sp=0x000000859d5fbd30 mode 2
Event: 1555.499 Thread 0x00000214268a7000 Uncommon trap: trap_request=0xffffff4d fr.pc=0x0000021410a00ee0 relative=0x00000000000002a0
Event: 1555.499 Thread 0x00000214268a7000 Uncommon trap: reason=unstable_if action=reinterpret pc=0x0000021410a00ee0 method=com.esotericsoftware.kryo.io.Input.require(I)I @ 180 c2
Event: 1555.499 Thread 0x00000214268a7000 DEOPT PACKING pc=0x0000021410a00ee0 sp=0x000000859c4fe8d0
Event: 1555.499 Thread 0x00000214268a7000 DEOPT UNPACKING pc=0x00000214089f78af sp=0x000000859c4fe888 mode 2
Event: 1555.516 Thread 0x000002142345f800 Uncommon trap: trap_request=0xffffff4d fr.pc=0x0000021410cf8f10 relative=0x0000000000000f30
Event: 1555.516 Thread 0x000002142345f800 Uncommon trap: reason=unstable_if action=reinterpret pc=0x0000021410cf8f10 method=org.gradle.internal.snapshot.VfsRelativePath.compareToFirstSegment(Ljava/lang/String;Lorg/gradle/internal/snapshot/CaseSensitivity;)I @ 156 c2
Event: 1555.516 Thread 0x000002142345f800 DEOPT PACKING pc=0x0000021410cf8f10 sp=0x000000859f9fd2e0
Event: 1555.516 Thread 0x000002142345f800 DEOPT UNPACKING pc=0x00000214089f78af sp=0x000000859f9fd260 mode 2
Event: 1682.958 Thread 0x00000214281a0800 Uncommon trap: trap_request=0xffffffde fr.pc=0x0000021410de5f40 relative=0x0000000000001a00
Event: 1682.958 Thread 0x00000214281a0800 Uncommon trap: reason=class_check action=maybe_recompile pc=0x0000021410de5f40 method=sun.management.spi.PlatformMBeanProvider$PlatformComponent.getMBeans(Ljava/lang/Class;)Ljava/util/List; @ 26 c2
Event: 1682.958 Thread 0x00000214281a0800 DEOPT PACKING pc=0x0000021410de5f40 sp=0x000000859d5fe2a0
Event: 1682.958 Thread 0x00000214281a0800 DEOPT UNPACKING pc=0x00000214089f78af sp=0x000000859d5fe268 mode 2
Event: 1682.983 Thread 0x00000214281a0800 Uncommon trap: trap_request=0xffffffde fr.pc=0x0000021410d2353c relative=0x000000000000047c
Event: 1682.983 Thread 0x00000214281a0800 Uncommon trap: reason=class_check action=maybe_recompile pc=0x0000021410d2353c method=org.gradle.cache.internal.LockOnDemandCrossProcessCacheAccess.incrementLockCount()V @ 97 c2
Event: 1682.983 Thread 0x00000214281a0800 DEOPT PACKING pc=0x0000021410d2353c sp=0x000000859d5f7f50
Event: 1682.983 Thread 0x00000214281a0800 DEOPT UNPACKING pc=0x00000214089f78af sp=0x000000859d5f7f00 mode 2
Event: 1683.039 Thread 0x00000214281a0800 DEOPT PACKING pc=0x0000021409618411 sp=0x000000859d5fa4e0
Event: 1683.039 Thread 0x00000214281a0800 DEOPT UNPACKING pc=0x00000214089f76ce sp=0x000000859d5f99b8 mode 0

Classes redefined (0 events):
No events

Internal exceptions (20 events):
Event: 7.534 Thread 0x000002142b24a800 Exception <a 'java/lang/NoSuchMethodError'{0x000000008e9b2150}: 'java.lang.Object java.lang.invoke.DirectMethodHandle$Holder.invokeSpecial(java.lang.Object, java.lang.Object, java.lang.Object, java.lang.Object, java.lang.Object, java.lang.Object, java.lang.Object, java.lang.Object, int)'> (0x000000008e9b2150) thrown at [./src/hotspot/share/interpreter/linkResolver.cpp, line 773]
Event: 7.535 Thread 0x000002142b24a800 Exception <a 'java/lang/NoSuchMethodError'{0x000000008e9b6170}: 'java.lang.Object java.lang.invoke.Invokers$Holder.linkToTargetMethod(java.lang.Object, java.lang.Object, java.lang.Object, java.lang.Object, java.lang.Object, java.lang.Object, int, java.lang.Object)'> (0x000000008e9b6170) thrown at [./src/hotspot/share/interpreter/linkResolver.cpp, line 773]
Event: 7.639 Thread 0x000002142b24a800 Implicit null exception at 0x000002141071166b to 0x000002141071168c
Event: 7.673 Thread 0x00000214268a8800 Exception <a 'sun/nio/fs/WindowsException'{0x000000008d981608}> (0x000000008d981608) thrown at [./src/hotspot/share/prims/jni.cpp, line 615]
Event: 7.699 Thread 0x00000214225c7800 Implicit null exception at 0x0000021410c1e86c to 0x0000021410c20868
Event: 7.702 Thread 0x00000214225c7800 Exception <a 'java/lang/NoSuchMethodError'{0x000000008d7d0bc8}: 'java.lang.Object java.lang.invoke.DirectMethodHandle$Holder.invokeSpecial(java.lang.Object, java.lang.Object, java.lang.Object, java.lang.Object, int, java.lang.Object, java.lang.Object)'> (0x000000008d7d0bc8) thrown at [./src/hotspot/share/interpreter/linkResolver.cpp, line 773]
Event: 7.704 Thread 0x00000214225c7800 Exception <a 'java/lang/NoSuchMethodError'{0x000000008d657158}: 'int java.lang.invoke.DirectMethodHandle$Holder.invokeVirtual(java.lang.Object, java.lang.Object, java.lang.Object)'> (0x000000008d657158) thrown at [./src/hotspot/share/interpreter/linkResolver.cpp, line 773]
Event: 7.738 Thread 0x00000214225c7800 Implicit null exception at 0x0000021410c26367 to 0x0000021410c2671c
Event: 10.882 Thread 0x0000021423325800 Implicit null exception at 0x00000214105c6ef7 to 0x00000214105c73f0
Event: 1554.832 Thread 0x00000214268a6000 Implicit null exception at 0x0000021410caf669 to 0x0000021410caf998
Event: 1554.832 Thread 0x00000214268a6000 Implicit null exception at 0x0000021410be0902 to 0x0000021410be1534
Event: 1554.832 Thread 0x00000214268a6000 Implicit null exception at 0x0000021410da0e2b to 0x0000021410da3a18
Event: 1554.939 Thread 0x00000214268a6000 Exception <a 'sun/nio/fs/WindowsException'{0x000000008962f608}> (0x000000008962f608) thrown at [./src/hotspot/share/prims/jni.cpp, line 615]
Event: 1555.037 Thread 0x00000214268a6000 Exception <a 'sun/nio/fs/WindowsException'{0x0000000088c3df30}> (0x0000000088c3df30) thrown at [./src/hotspot/share/prims/jni.cpp, line 615]
Event: 1555.041 Thread 0x00000214268a6000 Exception <a 'sun/nio/fs/WindowsException'{0x0000000088cdbc28}> (0x0000000088cdbc28) thrown at [./src/hotspot/share/prims/jni.cpp, line 615]
Event: 1555.041 Thread 0x00000214268a6000 Exception <a 'sun/nio/fs/WindowsException'{0x0000000088cdcd28}> (0x0000000088cdcd28) thrown at [./src/hotspot/share/prims/jni.cpp, line 615]
Event: 1555.041 Thread 0x00000214268a6000 Exception <a 'sun/nio/fs/WindowsException'{0x0000000088cdde78}> (0x0000000088cdde78) thrown at [./src/hotspot/share/prims/jni.cpp, line 615]
Event: 1555.041 Thread 0x00000214268a6000 Exception <a 'sun/nio/fs/WindowsException'{0x0000000088cdefc8}> (0x0000000088cdefc8) thrown at [./src/hotspot/share/prims/jni.cpp, line 615]
Event: 1555.102 Thread 0x00000214268a6000 Exception <a 'sun/nio/fs/WindowsException'{0x000000008f4eb848}> (0x000000008f4eb848) thrown at [./src/hotspot/share/prims/jni.cpp, line 615]
Event: 1555.435 Thread 0x00000214281a2800 Exception <a 'sun/nio/fs/WindowsException'{0x000000008cbaf6c8}> (0x000000008cbaf6c8) thrown at [./src/hotspot/share/prims/jni.cpp, line 615]

Events (20 events):
Event: 1683.017 Executing VM operation: RevokeBias
Event: 1683.017 Executing coalesced safepoint VM operation: RevokeBias
Event: 1683.017 Executing coalesced safepoint VM operation: RevokeBias done
Event: 1683.017 Executing VM operation: RevokeBias done
Event: 1683.017 Thread 0x00000214268a1800 Thread added: 0x00000214268a1800
Event: 1683.017 Thread 0x00000214268a8000 Thread added: 0x00000214268a8000
Event: 1683.017 Thread 0x00000214268a2000 Thread added: 0x00000214268a2000
Event: 1683.017 Thread 0x00000214268ae800 Thread added: 0x00000214268ae800
Event: 1683.017 Thread 0x00000214268ad800 Thread added: 0x00000214268ad800
Event: 1683.017 Thread 0x00000214268ab000 Thread added: 0x00000214268ab000
Event: 1683.017 Thread 0x00000214268ac000 Thread added: 0x00000214268ac000
Event: 1683.017 Thread 0x00000214268a9800 Thread added: 0x00000214268a9800
Event: 1683.017 Thread 0x00000214268aa800 Thread added: 0x00000214268aa800
Event: 1683.018 Thread 0x00000214268ac800 Thread added: 0x00000214268ac800
Event: 1683.018 Thread 0x00000214268a8800 Thread added: 0x00000214268a8800
Event: 1683.018 Thread 0x00000214268af000 Thread added: 0x00000214268af000
Event: 1683.018 Thread 0x00000214268b0000 Thread added: 0x00000214268b0000
Event: 1683.018 Thread 0x000002142b248800 Thread added: 0x000002142b248800
Event: 1683.020 loading class org/gradle/internal/operations/BuildOperationDescriptor$1
Event: 1683.020 loading class org/gradle/internal/operations/BuildOperationDescriptor$1 done


Dynamic libraries:
0x00007ff629880000 - 0x00007ff62988a000 	C:\Program Files\Android\Android Studio1\jre\bin\java.exe
0x00007ffaf9290000 - 0x00007ffaf9485000 	C:\Windows\SYSTEM32\ntdll.dll
0x00007ffaf8110000 - 0x00007ffaf81ce000 	C:\Windows\System32\KERNEL32.DLL
0x00007ffaf6d80000 - 0x00007ffaf7049000 	C:\Windows\System32\KERNELBASE.dll
0x00007ffaf6a40000 - 0x00007ffaf6b40000 	C:\Windows\System32\ucrtbase.dll
0x00007ffae61d0000 - 0x00007ffae61e9000 	C:\Program Files\Android\Android Studio1\jre\bin\jli.dll
0x00007ffaf1fe0000 - 0x00007ffaf1ff7000 	C:\Program Files\Android\Android Studio1\jre\bin\VCRUNTIME140.dll
0x00007ffaf90a0000 - 0x00007ffaf9241000 	C:\Windows\System32\USER32.dll
0x00007ffaf72b0000 - 0x00007ffaf72d2000 	C:\Windows\System32\win32u.dll
0x00007ffae4af0000 - 0x00007ffae4d8a000 	C:\Windows\WinSxS\amd64_microsoft.windows.common-controls_6595b64144ccf1df_6.0.19041.1110_none_60b5254171f9507e\COMCTL32.dll
0x00007ffaf8b00000 - 0x00007ffaf8b2b000 	C:\Windows\System32\GDI32.dll
0x00007ffaf7c10000 - 0x00007ffaf7cae000 	C:\Windows\System32\msvcrt.dll
0x00007ffaf7050000 - 0x00007ffaf715b000 	C:\Windows\System32\gdi32full.dll
0x00007ffaf71c0000 - 0x00007ffaf725d000 	C:\Windows\System32\msvcp_win.dll
0x00007ffaf72e0000 - 0x00007ffaf7310000 	C:\Windows\System32\IMM32.DLL
0x00007ffae63e0000 - 0x00007ffae647d000 	C:\Program Files\Android\Android Studio1\jre\bin\msvcp140.dll
0x00007ffaa26e0000 - 0x00007ffaa31af000 	C:\Program Files\Android\Android Studio1\jre\bin\server\jvm.dll
0x00007ffaf87e0000 - 0x00007ffaf888c000 	C:\Windows\System32\ADVAPI32.dll
0x00007ffaf7b70000 - 0x00007ffaf7c0b000 	C:\Windows\System32\sechost.dll
0x00007ffaf89d0000 - 0x00007ffaf8afa000 	C:\Windows\System32\RPCRT4.dll
0x00007ffaf7cb0000 - 0x00007ffaf7cb8000 	C:\Windows\System32\PSAPI.DLL
0x00007ffaf2440000 - 0x00007ffaf2449000 	C:\Windows\SYSTEM32\WSOCK32.dll
0x00007ffadf470000 - 0x00007ffadf497000 	C:\Windows\SYSTEM32\WINMM.dll
0x00007ffaf18c0000 - 0x00007ffaf18ca000 	C:\Windows\SYSTEM32\VERSION.dll
0x00007ffaf8550000 - 0x00007ffaf85bb000 	C:\Windows\System32\WS2_32.dll
0x00007ffaf48d0000 - 0x00007ffaf48e2000 	C:\Windows\SYSTEM32\kernel.appcore.dll
0x00007ffaf1a60000 - 0x00007ffaf1a71000 	C:\Program Files\Android\Android Studio1\jre\bin\verify.dll
0x00007ffade100000 - 0x00007ffade2e4000 	C:\Windows\SYSTEM32\DBGHELP.DLL
0x00007ffaddc10000 - 0x00007ffaddc3c000 	C:\Windows\SYSTEM32\dbgcore.DLL
0x00007ffaf69b0000 - 0x00007ffaf6a33000 	C:\Windows\System32\bcryptPrimitives.dll
0x00007ffaece80000 - 0x00007ffaecea9000 	C:\Program Files\Android\Android Studio1\jre\bin\java.dll
0x00007ffaf1e70000 - 0x00007ffaf1e7b000 	C:\Program Files\Android\Android Studio1\jre\bin\jimage.dll
0x00007ffae66d0000 - 0x00007ffae66e8000 	C:\Program Files\Android\Android Studio1\jre\bin\zip.dll
0x00007ffaf7430000 - 0x00007ffaf7b6f000 	C:\Windows\System32\SHELL32.dll
0x00007ffaf4ad0000 - 0x00007ffaf5260000 	C:\Windows\SYSTEM32\windows.storage.dll
0x00007ffaf81f0000 - 0x00007ffaf8545000 	C:\Windows\System32\combase.dll
0x00007ffaf6330000 - 0x00007ffaf635c000 	C:\Windows\SYSTEM32\Wldp.dll
0x00007ffaf8060000 - 0x00007ffaf810e000 	C:\Windows\System32\SHCORE.dll
0x00007ffaf73d0000 - 0x00007ffaf7425000 	C:\Windows\System32\shlwapi.dll
0x00007ffaf68f0000 - 0x00007ffaf690f000 	C:\Windows\SYSTEM32\profapi.dll
0x00007ffae66b0000 - 0x00007ffae66ca000 	C:\Program Files\Android\Android Studio1\jre\bin\net.dll
0x00007ffaf1900000 - 0x00007ffaf1a08000 	C:\Windows\SYSTEM32\WINHTTP.dll
0x00007ffaf6090000 - 0x00007ffaf60fa000 	C:\Windows\system32\mswsock.dll
0x00007ffae6690000 - 0x00007ffae66a4000 	C:\Program Files\Android\Android Studio1\jre\bin\nio.dll
0x00007ffae3880000 - 0x00007ffae38a7000 	C:\Users\Administrator\.gradle\native\8bec1ad78214c89d9ad589b4d07fe93259594b29d510b10fafb7a158f7737e5d\windows-amd64\native-platform.dll
0x00007ffad6580000 - 0x00007ffad66bd000 	C:\Users\Administrator\.gradle\native\53dbd7edfb1c66fb8903c78663c9afc45aea4f116125fa6feffd364cf09443e8\windows-amd64\native-platform-file-events.dll
0x00007ffaf1a50000 - 0x00007ffaf1a5a000 	C:\Program Files\Android\Android Studio1\jre\bin\management.dll
0x00007ffaef9d0000 - 0x00007ffaef9dc000 	C:\Program Files\Android\Android Studio1\jre\bin\management_ext.dll
0x00007ffaf6280000 - 0x00007ffaf6298000 	C:\Windows\SYSTEM32\CRYPTSP.dll
0x00007ffaf5a10000 - 0x00007ffaf5a44000 	C:\Windows\system32\rsaenh.dll
0x00007ffaf6b40000 - 0x00007ffaf6b67000 	C:\Windows\System32\bcrypt.dll
0x00007ffaf68b0000 - 0x00007ffaf68de000 	C:\Windows\SYSTEM32\USERENV.dll
0x00007ffaf62a0000 - 0x00007ffaf62ac000 	C:\Windows\SYSTEM32\CRYPTBASE.dll
0x00007ffaf5d80000 - 0x00007ffaf5dbb000 	C:\Windows\SYSTEM32\IPHLPAPI.DLL
0x00007ffaf9090000 - 0x00007ffaf9098000 	C:\Windows\System32\NSI.dll
0x00007ffaf0770000 - 0x00007ffaf0787000 	C:\Windows\SYSTEM32\dhcpcsvc6.DLL
0x00007ffaf0750000 - 0x00007ffaf076d000 	C:\Windows\SYSTEM32\dhcpcsvc.DLL
0x00007ffaf5dc0000 - 0x00007ffaf5e8c000 	C:\Windows\SYSTEM32\DNSAPI.dll
0x00007ffae6220000 - 0x00007ffae6247000 	C:\Program Files\Android\Android Studio1\jre\bin\sunec.dll

dbghelp: loaded successfully - version: 4.0.5 - missing functions: none
symbol engine: initialized successfully - sym options: 0x614 - pdb path: .;C:\Program Files\Android\Android Studio1\jre\bin;C:\Windows\SYSTEM32;C:\Windows\WinSxS\amd64_microsoft.windows.common-controls_6595b64144ccf1df_6.0.19041.1110_none_60b5254171f9507e;C:\Program Files\Android\Android Studio1\jre\bin\server;C:\Users\Administrator\.gradle\native\8bec1ad78214c89d9ad589b4d07fe93259594b29d510b10fafb7a158f7737e5d\windows-amd64;C:\Users\Administrator\.gradle\native\53dbd7edfb1c66fb8903c78663c9afc45aea4f116125fa6feffd364cf09443e8\windows-amd64

VM Arguments:
jvm_args: --add-opens=java.base/java.util=ALL-UNNAMED --add-opens=java.base/java.lang=ALL-UNNAMED --add-opens=java.base/java.lang.invoke=ALL-UNNAMED --add-opens=java.base/java.util=ALL-UNNAMED --add-opens=java.prefs/java.util.prefs=ALL-UNNAMED --add-opens=java.prefs/java.util.prefs=ALL-UNNAMED --add-opens=java.base/java.nio.charset=ALL-UNNAMED --add-opens=java.base/java.net=ALL-UNNAMED --add-opens=java.base/java.util.concurrent.atomic=ALL-UNNAMED -Xmx2048m -Dfile.encoding=UTF-8 -Duser.country=KR -Duser.language=ko -Duser.variant 
java_command: org.gradle.launcher.daemon.bootstrap.GradleDaemon 7.0.2
java_class_path (initial): C:\Users\Administrator\.gradle\wrapper\dists\gradle-7.0.2-bin\857tjihv64xamwrf0h14cai3r\gradle-7.0.2\lib\gradle-launcher-7.0.2.jar
Launcher Type: SUN_STANDARD

[Global flags]
     intx CICompilerCount                          = 12                                        {product} {ergonomic}
     uint ConcGCThreads                            = 3                                         {product} {ergonomic}
     uint G1ConcRefinementThreads                  = 13                                        {product} {ergonomic}
   size_t G1HeapRegionSize                         = 1048576                                   {product} {ergonomic}
    uintx GCDrainStackTargetSize                   = 64                                        {product} {ergonomic}
   size_t InitialHeapSize                          = 257949696                                 {product} {ergonomic}
   size_t MarkStackSize                            = 4194304                                   {product} {ergonomic}
   size_t MaxHeapSize                              = 2147483648                                {product} {command line}
   size_t MaxNewSize                               = 1287651328                                {product} {ergonomic}
   size_t MinHeapDeltaBytes                        = 1048576                                   {product} {ergonomic}
    uintx NonNMethodCodeHeapSize                   = 7594288                                {pd product} {ergonomic}
    uintx NonProfiledCodeHeapSize                  = 122031976                              {pd product} {ergonomic}
    uintx ProfiledCodeHeapSize                     = 122031976                              {pd product} {ergonomic}
    uintx ReservedCodeCacheSize                    = 251658240                              {pd product} {ergonomic}
     bool SegmentedCodeCache                       = true                                      {product} {ergonomic}
     bool UseCompressedClassPointers               = true                                 {lp64_product} {ergonomic}
     bool UseCompressedOops                        = true                                 {lp64_product} {ergonomic}
     bool UseG1GC                                  = true                                      {product} {ergonomic}
     bool UseLargePagesIndividualAllocation        = false                                  {pd product} {ergonomic}

Logging:
Log output configuration:
 #0: stdout all=warning uptime,level,tags
 #1: stderr all=off uptime,level,tags

Environment Variables:
PATH=C:\Windows\system32;C:\Windows;C:\Windows\System32\Wbem;C:\Windows\System32\WindowsPowerShell\v1.0\;C:\Windows\System32\OpenSSH\;C:\Users\Administrator\AppData\Local\Microsoft\WindowsApps;
USERNAME=Administrator
OS=Windows_NT
PROCESSOR_IDENTIFIER=Intel64 Family 6 Model 165 Stepping 5, GenuineIntel



---------------  S Y S T E M  ---------------

OS: Windows 10 , 64 bit Build 19041 (10.0.19041.1202)
OS uptime: 1 days 19:53 hours

CPU:total 16 (initial active 16) (8 cores per cpu, 2 threads per core) family 6 model 165 stepping 5 microcode 0xe2, cmov, cx8, fxsr, mmx, sse, sse2, sse3, ssse3, sse4.1, sse4.2, popcnt, avx, avx2, aes, clmul, erms, 3dnowpref, lzcnt, ht, tsc, tscinvbit, bmi1, bmi2, adx, fma

Memory: 4k page, system-wide physical 15735M (682M free)
TotalPageFile size 15735M (AvailPageFile size 5M)
current process WorkingSet (physical memory assigned to process): 524M, peak: 620M
current process commit charge ("private bytes"): 591M, peak: 688M

vm_info: OpenJDK 64-Bit Server VM (11.0.10+0-b96-7249189) for windows-amd64 JRE (11.0.10+0-b96-7249189), built on Mar 31 2021 21:44:00 by "builder" with MS VC++ 14.0 (VS2015)

END.
